Virtual User Script started at : 2013-07-30 18:18:11
Starting action vuser_init.
Web Turbo Replay of LoadRunner 11.0.0 for WINXP; build 8859 (Aug 18 2010 20:14:31)  	[MsgId: MMSG-27143]
Run Mode: HTML  	[MsgId: MMSG-26000]
Run-Time Settings file: "C:\Documents and Settings\Administrator\桌面\阿里云脚本\每日拜访\\default.cfg"  	[MsgId: MMSG-27141]
vuser_init.c(12): web_add_cookie was successful  	[MsgId: MMSG-26392]
vuser_init.c(14): web_add_cookie was successful  	[MsgId: MMSG-26392]
vuser_init.c(16): web_url("login.aspx") was successful, 8997 body bytes, 295 header bytes  	[MsgId: MMSG-26386]
vuser_init.c(25): web_concurrent_start was successful  	[MsgId: MMSG-26392]
vuser_init.c(27): Registering web_url("basic.css") was successful  	[MsgId: MMSG-26390]
vuser_init.c(35): Registering web_url("jquery-1.4.2.min.js") was successful  	[MsgId: MMSG-26390]
vuser_init.c(43): Registering web_url("validate.css") was successful  	[MsgId: MMSG-26390]
vuser_init.c(51): Registering web_url("common.css") was successful  	[MsgId: MMSG-26390]
vuser_init.c(59): Registering web_url("btn-login.jpg") was successful  	[MsgId: MMSG-26390]
vuser_init.c(67): Registering web_url("validate.js") was successful  	[MsgId: MMSG-26390]
vuser_init.c(75): Registering web_url("theme.css") was successful  	[MsgId: MMSG-26390]
vuser_init.c(83): Registering web_url("ad.png") was successful  	[MsgId: MMSG-26390]
vuser_init.c(91): Registering web_url("validate.var.cn.js") was successful  	[MsgId: MMSG-26390]
vuser_init.c(99): web_concurrent_end was successful, 341242 body bytes, 2414 header bytes  	[MsgId: MMSG-26386]
vuser_init.c(101): web_concurrent_start was successful  	[MsgId: MMSG-26392]
vuser_init.c(103): Registering web_url("index-main-bg.jpg") was successful  	[MsgId: MMSG-26390]
vuser_init.c(111): Registering web_url("login-bg.png") was successful  	[MsgId: MMSG-26390]
vuser_init.c(119): Registering web_url("username-bg1.jpg") was successful  	[MsgId: MMSG-26390]
vuser_init.c(127): Registering web_url("username-bg.jpg") was successful  	[MsgId: MMSG-26390]
vuser_init.c(135): Registering web_url("password-bg.jpg") was successful  	[MsgId: MMSG-26390]
vuser_init.c(143): web_concurrent_end was successful, 76732 body bytes, 1246 header bytes  	[MsgId: MMSG-26386]
vuser_init.c(147): web_submit_data("login.aspx_2") was successful, 47 body bytes, 419 header bytes  	[MsgId: MMSG-26386]
vuser_init.c(160): web_url("default.aspx") was successful, 16008 body bytes, 222 header bytes  	[MsgId: MMSG-26386]
Ending action vuser_init.
Running Vuser...
Starting iteration 1.
Warning -27077: The "vuser_init" section contains web function(s) when the "Simulate a new user on each iteration" Run-Time Setting is ON.  This may produce unpredictable results with multiple iterations  	[MsgId: MWAR-27077]
Starting action Action.
Action.c(4): Rendezvous 每日拜访查看
Action.c(6): Notify: Transaction "每日拜访" started.
Action.c(10): web_url("TaskData.aspx") was successful, 18195 body bytes, 222 header bytes  	[MsgId: MMSG-26386]
Action.c(19): web_concurrent_start was successful  	[MsgId: MMSG-26392]
Action.c(21): Registering web_url("JITStoreGrid.js") was successful  	[MsgId: MMSG-26390]
Action.c(29): Registering web_url("ClientPosition.js") was successful  	[MsgId: MMSG-26390]
Action.c(37): Registering web_url("JITStoreSelectPannel.js") was successful  	[MsgId: MMSG-26390]
Action.c(45): Registering web_url("City.js") was successful  	[MsgId: MMSG-26390]
Action.c(53): Registering web_url("JITStoreSearchPannel.js") was successful  	[MsgId: MMSG-26390]
Action.c(61): Registering web_url("Province.js") was successful  	[MsgId: MMSG-26390]
Action.c(69): Registering web_url("options.js") was successful  	[MsgId: MMSG-26390]
Action.c(77): Registering web_url("ClientStructure.js") was successful  	[MsgId: MMSG-26390]
Action.c(85): Registering web_url("District.js") was successful  	[MsgId: MMSG-26390]
Action.c(93): Registering web_url("TaskDataVM.js") was successful  	[MsgId: MMSG-26390]
Action.c(101): Registering web_url("TaskDataVMStore.js") was successful  	[MsgId: MMSG-26390]
Action.c(109): Registering web_url("TaskDataView.js") was successful  	[MsgId: MMSG-26390]
Action.c(117): Registering web_url("TaskDataCtl.js") was successful  	[MsgId: MMSG-26390]
Action.c(125): web_concurrent_end was successful, 90356 body bytes, 3415 header bytes  	[MsgId: MMSG-26386]
Action.c(127): web_url("ClientPositionHandler.ashx") was successful, 636 body bytes, 220 header bytes  	[MsgId: MMSG-26386]
Action.c(136): web_concurrent_start was successful  	[MsgId: MMSG-26392]
Action.c(138): Registering web_url("trigger.gif") was successful  	[MsgId: MMSG-26390]
Action.c(146): Registering web_url("exclamation.gif") was successful  	[MsgId: MMSG-26390]
Action.c(154): Registering web_url("button.png") was successful  	[MsgId: MMSG-26390]
Action.c(162): Registering web_url("column-header-bg.gif") was successful  	[MsgId: MMSG-26390]
Action.c(170): Registering web_url("grid3-hd-btn.gif") was successful  	[MsgId: MMSG-26390]
Action.c(178): Registering web_url("toolbar-default-bg.gif") was successful  	[MsgId: MMSG-26390]
Action.c(186): Registering web_url("page-first-disabled.gif") was successful  	[MsgId: MMSG-26390]
Action.c(194): Registering web_url("text-bg.gif") was successful  	[MsgId: MMSG-26390]
Action.c(202): Registering web_url("date-trigger.gif") was successful  	[MsgId: MMSG-26390]
Action.c(210): Registering web_url("buttoncurrent.png") was successful  	[MsgId: MMSG-26390]
Action.c(218): Registering web_url("page-last-disabled.gif") was successful  	[MsgId: MMSG-26390]
Action.c(226): Registering web_url("refresh.gif") was successful  	[MsgId: MMSG-26390]
Action.c(234): Registering web_url("page-next-disabled.gif") was successful  	[MsgId: MMSG-26390]
Action.c(242): Registering web_url("loading.gif") was successful  	[MsgId: MMSG-26390]
Action.c(250): Registering web_url("spinner-small.gif") was successful  	[MsgId: MMSG-26390]
Action.c(258): Registering web_url("page-prev-disabled.gif") was successful  	[MsgId: MMSG-26390]
Action.c(266): web_concurrent_end was successful, 14180 body bytes, 3938 header bytes  	[MsgId: MMSG-26386]
Action.c(268): web_submit_data("TaskDataHandler.ashx") was successful, 13889 body bytes, 222 header bytes  	[MsgId: MMSG-26386]
Action.c(285): web_concurrent_start was successful  	[MsgId: MMSG-26392]
Action.c(287): Registering web_url("page-last.gif") was successful  	[MsgId: MMSG-26390]
Action.c(295): Registering web_url("page-next.gif") was successful  	[MsgId: MMSG-26390]
Action.c(303): Registering web_url("column-header-over-bg.gif") was successful  	[MsgId: MMSG-26390]
Action.c(311): web_concurrent_end was successful, 2275 body bytes, 736 header bytes  	[MsgId: MMSG-26386]
Action.c(313): Notify: Transaction "每日拜访" ended with "Pass" status (Duration: 2.6124 Wasted Time: 0.0240).
Ending action Action.
Ending iteration 1.
Ending Vuser...
Starting action vuser_end.
vuser_end.c(6): web_url("default.aspx_3") was successful, 70 body bytes, 295 header bytes  	[MsgId: MMSG-26386]
vuser_end.c(15): web_url("login.aspx_3") was successful, 8997 body bytes, 221 header bytes  	[MsgId: MMSG-26386]
Ending action vuser_end.
Vuser Terminated.
