Start auto log messages stack - Iteration 1.	[MsgId: MMSG-10545]
Action.c(69): Registering web_url("options.js") was successful  	[MsgId: MMSG-26390]
Action.c(77): Registering web_url("ClientStructure.js") was successful  	[MsgId: MMSG-26390]
Action.c(85): Registering web_url("District.js") was successful  	[MsgId: MMSG-26390]
Action.c(93): Registering web_url("TaskDataVM.js") was successful  	[MsgId: MMSG-26390]
Start auto log messages stack - Iteration 1.	[MsgId: MMSG-10545]
Action.c(101): Registering web_url("TaskDataVMStore.js") was successful  	[MsgId: MMSG-26390]
Action.c(109): Registering web_url("TaskDataView.js") was successful  	[MsgId: MMSG-26390]
Action.c(117): Registering web_url("TaskDataCtl.js") was successful  	[MsgId: MMSG-26390]
Action.c(218): Registering web_url("page-last-disabled.gif") was successful  	[MsgId: MMSG-26390]
Action.c(125): web_concurrent_end was successful, 20864 body bytes, 3924 header bytes  	[MsgId: MMSG-26386]
Action.c(127): Error -26612: HTTP Status-Code=500 (Internal Server Error) for "http://112.124.44.147/Framework/Javascript/Biz/Handler/ClientPositionHandler.ashx?method=GetClientPositionByParentID&IsTree=false&ParentID=&IsClientDistributor=false&IsClientPosition=false&_dc=1373279637472&page=1&start=0&limit=15"  	[MsgId: MERR-26612]
Action.c(226): Registering web_url("refresh.gif") was successful  	[MsgId: MMSG-26390]
End auto log messages stack.	[MsgId: MMSG-10544]


Action.c(234): Registering web_url("page-next-disabled.gif") was successful  	[MsgId: MMSG-26390]
Action.c(242): Registering web_url("loading.gif") was successful  	[MsgId: MMSG-26390]
Action.c(250): Registering web_url("spinner-small.gif") was successful  	[MsgId: MMSG-26390]
Action.c(258): Registering web_url("page-prev-disabled.gif") was successful  	[MsgId: MMSG-26390]
Action.c(266): web_concurrent_end was successful, 14180 body bytes, 3938 header bytes  	[MsgId: MMSG-26386]
Action.c(268): Error -26612: HTTP Status-Code=500 (Internal Server Error) for "http://112.124.44.147/Module/VisitingData/Data/Handler/TaskDataHandler.ashx?mid=2306a333-36f0-4b32-a207-daa5fc3b01bd&btncode=search&method=GetTaskDataList&_dc=1373279637975"  	[MsgId: MERR-26612]
End auto log messages stack.	[MsgId: MMSG-10544]


Start auto log messages stack - Iteration 1.	[MsgId: MMSG-10545]
Start auto log messages stack - Iteration 1.	[MsgId: MMSG-10545]
Action.c(218): Registering web_url("page-last-disabled.gif") was successful  	[MsgId: MMSG-26390]
Start auto log messages stack - Iteration 1.	[MsgId: MMSG-10545]
Action.c(226): Registering web_url("refresh.gif") was successful  	[MsgId: MMSG-26390]
Action.c(234): Registering web_url("page-next-disabled.gif") was successful  	[MsgId: MMSG-26390]
Action.c(242): Registering web_url("loading.gif") was successful  	[MsgId: MMSG-26390]
Action.c(218): Registering web_url("page-last-disabled.gif") was successful  	[MsgId: MMSG-26390]
Action.c(250): Registering web_url("spinner-small.gif") was successful  	[MsgId: MMSG-26390]
Action.c(258): Registering web_url("page-prev-disabled.gif") was successful  	[MsgId: MMSG-26390]
Action.c(266): web_concurrent_end was successful, 14180 body bytes, 3938 header bytes  	[MsgId: MMSG-26386]
Action.c(268): Error -26612: HTTP Status-Code=500 (Internal Server Error) for "http://112.124.44.147/Module/VisitingData/Data/Handler/TaskDataHandler.ashx?mid=2306a333-36f0-4b32-a207-daa5fc3b01bd&btncode=search&method=GetTaskDataList&_dc=1373279637975"  	[MsgId: MERR-26612]
End auto log messages stack.	[MsgId: MMSG-10544]


Start auto log messages stack - Iteration 1.	[MsgId: MMSG-10545]
Action.c(218): Registering web_url("page-last-disabled.gif") was successful  	[MsgId: MMSG-26390]
Action.c(226): Registering web_url("refresh.gif") was successful  	[MsgId: MMSG-26390]
Action.c(226): Registering web_url("refresh.gif") was successful  	[MsgId: MMSG-26390]
Action.c(234): Registering web_url("page-next-disabled.gif") was successful  	[MsgId: MMSG-26390]
Action.c(234): Registering web_url("page-next-disabled.gif") was successful  	[MsgId: MMSG-26390]
Action.c(242): Registering web_url("loading.gif") was successful  	[MsgId: MMSG-26390]
Start auto log messages stack - Iteration 1.	[MsgId: MMSG-10545]
Action.c(218): Registering web_url("page-last-disabled.gif") was successful  	[MsgId: MMSG-26390]
Action.c(242): Registering web_url("loading.gif") was successful  	[MsgId: MMSG-26390]
Action.c(250): Registering web_url("spinner-small.gif") was successful  	[MsgId: MMSG-26390]
Action.c(226): Registering web_url("refresh.gif") was successful  	[MsgId: MMSG-26390]
Action.c(250): Registering web_url("spinner-small.gif") was successful  	[MsgId: MMSG-26390]
Action.c(258): Registering web_url("page-prev-disabled.gif") was successful  	[MsgId: MMSG-26390]
Action.c(258): Registering web_url("page-prev-disabled.gif") was successful  	[MsgId: MMSG-26390]
Action.c(234): Registering web_url("page-next-disabled.gif") was successful  	[MsgId: MMSG-26390]
Action.c(266): web_concurrent_end was successful, 14180 body bytes, 3938 header bytes  	[MsgId: MMSG-26386]
Action.c(268): Error -26612: HTTP Status-Code=500 (Internal Server Error) for "http://112.124.44.147/Module/VisitingData/Data/Handler/TaskDataHandler.ashx?mid=2306a333-36f0-4b32-a207-daa5fc3b01bd&btncode=search&method=GetTaskDataList&_dc=1373279637975"  	[MsgId: MERR-26612]
End auto log messages stack.	[MsgId: MMSG-10544]


Action.c(242): Registering web_url("loading.gif") was successful  	[MsgId: MMSG-26390]
Action.c(266): web_concurrent_end was successful, 14180 body bytes, 3938 header bytes  	[MsgId: MMSG-26386]
Action.c(268): Error -26612: HTTP Status-Code=500 (Internal Server Error) for "http://112.124.44.147/Module/VisitingData/Data/Handler/TaskDataHandler.ashx?mid=2306a333-36f0-4b32-a207-daa5fc3b01bd&btncode=search&method=GetTaskDataList&_dc=1373279637975"  	[MsgId: MERR-26612]
Start auto log messages stack - Iteration 1.	[MsgId: MMSG-10545]
Start auto log messages stack - Iteration 1.	[MsgId: MMSG-10545]
Action.c(218): Registering web_url("page-last-disabled.gif") was successful  	[MsgId: MMSG-26390]
Action.c(218): Registering web_url("page-last-disabled.gif") was successful  	[MsgId: MMSG-26390]
Action.c(226): Registering web_url("refresh.gif") was successful  	[MsgId: MMSG-26390]
End auto log messages stack.	[MsgId: MMSG-10544]
Action.c(234): Registering web_url("page-next-disabled.gif") was successful  	[MsgId: MMSG-26390]


Start auto log messages stack - Iteration 1.	[MsgId: MMSG-10545]
Start auto log messages stack - Iteration 1.	[MsgId: MMSG-10545]
Action.c(250): Registering web_url("spinner-small.gif") was successful  	[MsgId: MMSG-26390]
Action.c(258): Registering web_url("page-prev-disabled.gif") was successful  	[MsgId: MMSG-26390]
Action.c(69): Registering web_url("options.js") was successful  	[MsgId: MMSG-26390]
Action.c(266): web_concurrent_end was successful, 14180 body bytes, 3938 header bytes  	[MsgId: MMSG-26386]
Action.c(77): Registering web_url("ClientStructure.js") was successful  	[MsgId: MMSG-26390]
Action.c(268): Error -26612: HTTP Status-Code=500 (Internal Server Error) for "http://112.124.44.147/Module/VisitingData/Data/Handler/TaskDataHandler.ashx?mid=2306a333-36f0-4b32-a207-daa5fc3b01bd&btncode=search&method=GetTaskDataList&_dc=1373279637975"  	[MsgId: MERR-26612]
Action.c(85): Registering web_url("District.js") was successful  	[MsgId: MMSG-26390]
Action.c(69): Registering web_url("options.js") was successful  	[MsgId: MMSG-26390]
Action.c(77): Registering web_url("ClientStructure.js") was successful  	[MsgId: MMSG-26390]
Action.c(226): Registering web_url("refresh.gif") was successful  	[MsgId: MMSG-26390]
Action.c(234): Registering web_url("page-next-disabled.gif") was successful  	[MsgId: MMSG-26390]
Start auto log messages stack - Iteration 1.	[MsgId: MMSG-10545]
End auto log messages stack.	[MsgId: MMSG-10544]


Action.c(93): Registering web_url("TaskDataVM.js") was successful  	[MsgId: MMSG-26390]
Action.c(242): Registering web_url("loading.gif") was successful  	[MsgId: MMSG-26390]
Action.c(218): Registering web_url("page-last-disabled.gif") was successful  	[MsgId: MMSG-26390]
Action.c(242): Registering web_url("loading.gif") was successful  	[MsgId: MMSG-26390]
Action.c(250): Registering web_url("spinner-small.gif") was successful  	[MsgId: MMSG-26390]
Action.c(85): Registering web_url("District.js") was successful  	[MsgId: MMSG-26390]
Action.c(101): Registering web_url("TaskDataVMStore.js") was successful  	[MsgId: MMSG-26390]
Action.c(226): Registering web_url("refresh.gif") was successful  	[MsgId: MMSG-26390]
Action.c(250): Registering web_url("spinner-small.gif") was successful  	[MsgId: MMSG-26390]
Action.c(93): Registering web_url("TaskDataVM.js") was successful  	[MsgId: MMSG-26390]
Start auto log messages stack - Iteration 1.	[MsgId: MMSG-10545]
Action.c(258): Registering web_url("page-prev-disabled.gif") was successful  	[MsgId: MMSG-26390]
Action.c(109): Registering web_url("TaskDataView.js") was successful  	[MsgId: MMSG-26390]
Action.c(218): Registering web_url("page-last-disabled.gif") was successful  	[MsgId: MMSG-26390]
Action.c(234): Registering web_url("page-next-disabled.gif") was successful  	[MsgId: MMSG-26390]
Start auto log messages stack - Iteration 1.	[MsgId: MMSG-10545]
Start auto log messages stack - Iteration 1.	[MsgId: MMSG-10545]
Action.c(101): Registering web_url("TaskDataVMStore.js") was successful  	[MsgId: MMSG-26390]
Action.c(258): Registering web_url("page-prev-disabled.gif") was successful  	[MsgId: MMSG-26390]
Action.c(226): Registering web_url("refresh.gif") was successful  	[MsgId: MMSG-26390]
Action.c(266): web_concurrent_end was successful, 14180 body bytes, 3938 header bytes  	[MsgId: MMSG-26386]
Action.c(268): Error -26612: HTTP Status-Code=500 (Internal Server Error) for "http://112.124.44.147/Module/VisitingData/Data/Handler/TaskDataHandler.ashx?mid=2306a333-36f0-4b32-a207-daa5fc3b01bd&btncode=search&method=GetTaskDataList&_dc=1373279637975"  	[MsgId: MERR-26612]
End auto log messages stack.	[MsgId: MMSG-10544]


Action.c(242): Registering web_url("loading.gif") was successful  	[MsgId: MMSG-26390]
Action.c(266): web_concurrent_end was successful, 14180 body bytes, 3938 header bytes  	[MsgId: MMSG-26386]
Action.c(268): Error -26612: HTTP Status-Code=500 (Internal Server Error) for "http://112.124.44.147/Module/VisitingData/Data/Handler/TaskDataHandler.ashx?mid=2306a333-36f0-4b32-a207-daa5fc3b01bd&btncode=search&method=GetTaskDataList&_dc=1373279637975"  	[MsgId: MERR-26612]
Start auto log messages stack - Iteration 1.	[MsgId: MMSG-10545]
End auto log messages stack.	[MsgId: MMSG-10544]


Action.c(109): Registering web_url("TaskDataView.js") was successful  	[MsgId: MMSG-26390]
Action.c(234): Registering web_url("page-next-disabled.gif") was successful  	[MsgId: MMSG-26390]
Action.c(250): Registering web_url("spinner-small.gif") was successful  	[MsgId: MMSG-26390]
Action.c(117): Registering web_url("TaskDataCtl.js") was successful  	[MsgId: MMSG-26390]
Action.c(218): Registering web_url("page-last-disabled.gif") was successful  	[MsgId: MMSG-26390]
Action.c(258): Registering web_url("page-prev-disabled.gif") was successful  	[MsgId: MMSG-26390]
Start auto log messages stack - Iteration 1.	[MsgId: MMSG-10545]
Action.c(242): Registering web_url("loading.gif") was successful  	[MsgId: MMSG-26390]
Action.c(226): Registering web_url("refresh.gif") was successful  	[MsgId: MMSG-26390]
Action.c(218): Registering web_url("page-last-disabled.gif") was successful  	[MsgId: MMSG-26390]
Action.c(125): web_concurrent_end was successful, 20864 body bytes, 3924 header bytes  	[MsgId: MMSG-26386]
Action.c(127): Error -26612: HTTP Status-Code=500 (Internal Server Error) for "http://112.124.44.147/Framework/Javascript/Biz/Handler/ClientPositionHandler.ashx?method=GetClientPositionByParentID&IsTree=false&ParentID=&IsClientDistributor=false&IsClientPosition=false&_dc=1373279637472&page=1&start=0&limit=15"  	[MsgId: MERR-26612]
Action.c(266): web_concurrent_end was successful, 14180 body bytes, 3938 header bytes  	[MsgId: MMSG-26386]
Action.c(268): Error -26612: HTTP Status-Code=500 (Internal Server Error) for "http://112.124.44.147/Module/VisitingData/Data/Handler/TaskDataHandler.ashx?mid=2306a333-36f0-4b32-a207-daa5fc3b01bd&btncode=search&method=GetTaskDataList&_dc=1373279637975"  	[MsgId: MERR-26612]
End auto log messages stack.	[MsgId: MMSG-10544]


End auto log messages stack.	[MsgId: MMSG-10544]
Action.c(117): Registering web_url("TaskDataCtl.js") was successful  	[MsgId: MMSG-26390]


Start auto log messages stack - Iteration 1.	[MsgId: MMSG-10545]
Action.c(250): Registering web_url("spinner-small.gif") was successful  	[MsgId: MMSG-26390]
Action.c(218): Registering web_url("page-last-disabled.gif") was successful  	[MsgId: MMSG-26390]
Action.c(258): Registering web_url("page-prev-disabled.gif") was successful  	[MsgId: MMSG-26390]
Action.c(125): web_concurrent_end was successful, 20864 body bytes, 3924 header bytes  	[MsgId: MMSG-26386]
Action.c(127): Error -26612: HTTP Status-Code=500 (Internal Server Error) for "http://112.124.44.147/Framework/Javascript/Biz/Handler/ClientPositionHandler.ashx?method=GetClientPositionByParentID&IsTree=false&ParentID=&IsClientDistributor=false&IsClientPosition=false&_dc=1373279637472&page=1&start=0&limit=15"  	[MsgId: MERR-26612]
End auto log messages stack.	[MsgId: MMSG-10544]


Start auto log messages stack - Iteration 1.	[MsgId: MMSG-10545]
Action.c(234): Registering web_url("page-next-disabled.gif") was successful  	[MsgId: MMSG-26390]
Action.c(226): Registering web_url("refresh.gif") was successful  	[MsgId: MMSG-26390]
Action.c(226): Registering web_url("refresh.gif") was successful  	[MsgId: MMSG-26390]
Action.c(242): Registering web_url("loading.gif") was successful  	[MsgId: MMSG-26390]
Action.c(266): web_concurrent_end was successful, 14180 body bytes, 3938 header bytes  	[MsgId: MMSG-26386]
Action.c(268): Error -26612: HTTP Status-Code=500 (Internal Server Error) for "http://112.124.44.147/Module/VisitingData/Data/Handler/TaskDataHandler.ashx?mid=2306a333-36f0-4b32-a207-daa5fc3b01bd&btncode=search&method=GetTaskDataList&_dc=1373279637975"  	[MsgId: MERR-26612]
End auto log messages stack.	[MsgId: MMSG-10544]


Action.c(218): Registering web_url("page-last-disabled.gif") was successful  	[MsgId: MMSG-26390]
Action.c(234): Registering web_url("page-next-disabled.gif") was successful  	[MsgId: MMSG-26390]
Action.c(234): Registering web_url("page-next-disabled.gif") was successful  	[MsgId: MMSG-26390]
Action.c(218): Registering web_url("page-last-disabled.gif") was successful  	[MsgId: MMSG-26390]
Action.c(218): Registering web_url("page-last-disabled.gif") was successful  	[MsgId: MMSG-26390]
Action.c(250): Registering web_url("spinner-small.gif") was successful  	[MsgId: MMSG-26390]
Action.c(242): Registering web_url("loading.gif") was successful  	[MsgId: MMSG-26390]
Start auto log messages stack - Iteration 1.	[MsgId: MMSG-10545]
Action.c(242): Registering web_url("loading.gif") was successful  	[MsgId: MMSG-26390]
Action.c(226): Registering web_url("refresh.gif") was successful  	[MsgId: MMSG-26390]
Action.c(226): Registering web_url("refresh.gif") was successful  	[MsgId: MMSG-26390]
Action.c(250): Registering web_url("spinner-small.gif") was successful  	[MsgId: MMSG-26390]
Start auto log messages stack - Iteration 1.	[MsgId: MMSG-10545]
Action.c(234): Registering web_url("page-next-disabled.gif") was successful  	[MsgId: MMSG-26390]
Start auto log messages stack - Iteration 1.	[MsgId: MMSG-10545]
Action.c(226): Registering web_url("refresh.gif") was successful  	[MsgId: MMSG-26390]
Action.c(258): Registering web_url("page-prev-disabled.gif") was successful  	[MsgId: MMSG-26390]
Action.c(234): Registering web_url("page-next-disabled.gif") was successful  	[MsgId: MMSG-26390]
Action.c(258): Registering web_url("page-prev-disabled.gif") was successful  	[MsgId: MMSG-26390]
Action.c(234): Registering web_url("page-next-disabled.gif") was successful  	[MsgId: MMSG-26390]
Action.c(250): Registering web_url("spinner-small.gif") was successful  	[MsgId: MMSG-26390]
Action.c(266): web_concurrent_end was successful, 14180 body bytes, 3938 header bytes  	[MsgId: MMSG-26386]
Action.c(242): Registering web_url("loading.gif") was successful  	[MsgId: MMSG-26390]
Action.c(242): Registering web_url("loading.gif") was successful  	[MsgId: MMSG-26390]
Action.c(266): web_concurrent_end was successful, 14180 body bytes, 3938 header bytes  	[MsgId: MMSG-26386]
Action.c(242): Registering web_url("loading.gif") was successful  	[MsgId: MMSG-26390]
Action.c(258): Registering web_url("page-prev-disabled.gif") was successful  	[MsgId: MMSG-26390]
Action.c(218): Registering web_url("page-last-disabled.gif") was successful  	[MsgId: MMSG-26390]
Action.c(268): Error -26612: HTTP Status-Code=500 (Internal Server Error) for "http://112.124.44.147/Module/VisitingData/Data/Handler/TaskDataHandler.ashx?mid=2306a333-36f0-4b32-a207-daa5fc3b01bd&btncode=search&method=GetTaskDataList&_dc=1373279637975"  	[MsgId: MERR-26612]
Action.c(268): Error -26612: HTTP Status-Code=500 (Internal Server Error) for "http://112.124.44.147/Module/VisitingData/Data/Handler/TaskDataHandler.ashx?mid=2306a333-36f0-4b32-a207-daa5fc3b01bd&btncode=search&method=GetTaskDataList&_dc=1373279637975"  	[MsgId: MERR-26612]
End auto log messages stack.	[MsgId: MMSG-10544]


End auto log messages stack.	[MsgId: MMSG-10544]


Action.c(250): Registering web_url("spinner-small.gif") was successful  	[MsgId: MMSG-26390]
Action.c(250): Registering web_url("spinner-small.gif") was successful  	[MsgId: MMSG-26390]
Start auto log messages stack - Iteration 1.	[MsgId: MMSG-10545]
Action.c(266): web_concurrent_end was successful, 14180 body bytes, 3938 header bytes  	[MsgId: MMSG-26386]
Action.c(268): Error -26612: HTTP Status-Code=500 (Internal Server Error) for "http://112.124.44.147/Module/VisitingData/Data/Handler/TaskDataHandler.ashx?mid=2306a333-36f0-4b32-a207-daa5fc3b01bd&btncode=search&method=GetTaskDataList&_dc=1373279637975"  	[MsgId: MERR-26612]
Action.c(258): Registering web_url("page-prev-disabled.gif") was successful  	[MsgId: MMSG-26390]
Action.c(258): Registering web_url("page-prev-disabled.gif") was successful  	[MsgId: MMSG-26390]
End auto log messages stack.	[MsgId: MMSG-10544]


Action.c(69): Registering web_url("options.js") was successful  	[MsgId: MMSG-26390]
Action.c(226): Registering web_url("refresh.gif") was successful  	[MsgId: MMSG-26390]
Action.c(250): Registering web_url("spinner-small.gif") was successful  	[MsgId: MMSG-26390]
Start auto log messages stack - Iteration 1.	[MsgId: MMSG-10545]
Action.c(266): web_concurrent_end was successful, 14180 body bytes, 3938 header bytes  	[MsgId: MMSG-26386]
Action.c(268): Error -26612: HTTP Status-Code=500 (Internal Server Error) for "http://112.124.44.147/Module/VisitingData/Data/Handler/TaskDataHandler.ashx?mid=2306a333-36f0-4b32-a207-daa5fc3b01bd&btncode=search&method=GetTaskDataList&_dc=1373279637975"  	[MsgId: MERR-26612]
End auto log messages stack.	[MsgId: MMSG-10544]


Action.c(266): web_concurrent_end was successful, 14180 body bytes, 3938 header bytes  	[MsgId: MMSG-26386]
Action.c(268): Error -26612: HTTP Status-Code=500 (Internal Server Error) for "http://112.124.44.147/Module/VisitingData/Data/Handler/TaskDataHandler.ashx?mid=2306a333-36f0-4b32-a207-daa5fc3b01bd&btncode=search&method=GetTaskDataList&_dc=1373279637975"  	[MsgId: MERR-26612]
End auto log messages stack.	[MsgId: MMSG-10544]


Start auto log messages stack - Iteration 1.	[MsgId: MMSG-10545]
Action.c(218): Registering web_url("page-last-disabled.gif") was successful  	[MsgId: MMSG-26390]
Action.c(258): Registering web_url("page-prev-disabled.gif") was successful  	[MsgId: MMSG-26390]
Action.c(77): Registering web_url("ClientStructure.js") was successful  	[MsgId: MMSG-26390]
Action.c(234): Registering web_url("page-next-disabled.gif") was successful  	[MsgId: MMSG-26390]
Start auto log messages stack - Iteration 1.	[MsgId: MMSG-10545]
Start auto log messages stack - Iteration 1.	[MsgId: MMSG-10545]
Start auto log messages stack - Iteration 1.	[MsgId: MMSG-10545]
Action.c(226): Registering web_url("refresh.gif") was successful  	[MsgId: MMSG-26390]
Action.c(218): Registering web_url("page-last-disabled.gif") was successful  	[MsgId: MMSG-26390]
Action.c(234): Registering web_url("page-next-disabled.gif") was successful  	[MsgId: MMSG-26390]
Action.c(266): web_concurrent_end was successful, 14180 body bytes, 3938 header bytes  	[MsgId: MMSG-26386]
Action.c(268): Error -26612: HTTP Status-Code=500 (Internal Server Error) for "http://112.124.44.147/Module/VisitingData/Data/Handler/TaskDataHandler.ashx?mid=2306a333-36f0-4b32-a207-daa5fc3b01bd&btncode=search&method=GetTaskDataList&_dc=1373279637975"  	[MsgId: MERR-26612]
End auto log messages stack.	[MsgId: MMSG-10544]


Action.c(242): Registering web_url("loading.gif") was successful  	[MsgId: MMSG-26390]
Action.c(226): Registering web_url("refresh.gif") was successful  	[MsgId: MMSG-26390]
Action.c(250): Registering web_url("spinner-small.gif") was successful  	[MsgId: MMSG-26390]
Action.c(85): Registering web_url("District.js") was successful  	[MsgId: MMSG-26390]
Action.c(242): Registering web_url("loading.gif") was successful  	[MsgId: MMSG-26390]
Action.c(93): Registering web_url("TaskDataVM.js") was successful  	[MsgId: MMSG-26390]
Action.c(234): Registering web_url("page-next-disabled.gif") was successful  	[MsgId: MMSG-26390]
Action.c(218): Registering web_url("page-last-disabled.gif") was successful  	[MsgId: MMSG-26390]
Action.c(258): Registering web_url("page-prev-disabled.gif") was successful  	[MsgId: MMSG-26390]
Action.c(250): Registering web_url("spinner-small.gif") was successful  	[MsgId: MMSG-26390]
Action.c(101): Registering web_url("TaskDataVMStore.js") was successful  	[MsgId: MMSG-26390]
Action.c(242): Registering web_url("loading.gif") was successful  	[MsgId: MMSG-26390]
Action.c(69): Registering web_url("options.js") was successful  	[MsgId: MMSG-26390]
Action.c(69): Registering web_url("options.js") was successful  	[MsgId: MMSG-26390]
Action.c(218): Registering web_url("page-last-disabled.gif") was successful  	[MsgId: MMSG-26390]
Action.c(109): Registering web_url("TaskDataView.js") was successful  	[MsgId: MMSG-26390]
Action.c(250): Registering web_url("spinner-small.gif") was successful  	[MsgId: MMSG-26390]
Action.c(266): web_concurrent_end was successful, 14180 body bytes, 3938 header bytes  	[MsgId: MMSG-26386]
Action.c(268): Error -26612: HTTP Status-Code=500 (Internal Server Error) for "http://112.124.44.147/Module/VisitingData/Data/Handler/TaskDataHandler.ashx?mid=2306a333-36f0-4b32-a207-daa5fc3b01bd&btncode=search&method=GetTaskDataList&_dc=1373279637975"  	[MsgId: MERR-26612]
End auto log messages stack.	[MsgId: MMSG-10544]


Action.c(226): Registering web_url("refresh.gif") was successful  	[MsgId: MMSG-26390]
Action.c(218): Registering web_url("page-last-disabled.gif") was successful  	[MsgId: MMSG-26390]
Action.c(218): Registering web_url("page-last-disabled.gif") was successful  	[MsgId: MMSG-26390]
Action.c(77): Registering web_url("ClientStructure.js") was successful  	[MsgId: MMSG-26390]
Action.c(258): Registering web_url("page-prev-disabled.gif") was successful  	[MsgId: MMSG-26390]
Action.c(258): Registering web_url("page-prev-disabled.gif") was successful  	[MsgId: MMSG-26390]
Action.c(226): Registering web_url("refresh.gif") was successful  	[MsgId: MMSG-26390]
Action.c(77): Registering web_url("ClientStructure.js") was successful  	[MsgId: MMSG-26390]
Action.c(234): Registering web_url("page-next-disabled.gif") was successful  	[MsgId: MMSG-26390]
Action.c(226): Registering web_url("refresh.gif") was successful  	[MsgId: MMSG-26390]
Action.c(226): Registering web_url("refresh.gif") was successful  	[MsgId: MMSG-26390]
Action.c(242): Registering web_url("loading.gif") was successful  	[MsgId: MMSG-26390]
Action.c(266): web_concurrent_end was successful, 14180 body bytes, 3938 header bytes  	[MsgId: MMSG-26386]
Action.c(268): Error -26612: HTTP Status-Code=500 (Internal Server Error) for "http://112.124.44.147/Module/VisitingData/Data/Handler/TaskDataHandler.ashx?mid=2306a333-36f0-4b32-a207-daa5fc3b01bd&btncode=search&method=GetTaskDataList&_dc=1373279637975"  	[MsgId: MERR-26612]
Action.c(234): Registering web_url("page-next-disabled.gif") was successful  	[MsgId: MMSG-26390]
End auto log messages stack.	[MsgId: MMSG-10544]


Action.c(85): Registering web_url("District.js") was successful  	[MsgId: MMSG-26390]
Action.c(85): Registering web_url("District.js") was successful  	[MsgId: MMSG-26390]
Action.c(117): Registering web_url("TaskDataCtl.js") was successful  	[MsgId: MMSG-26390]
Action.c(242): Registering web_url("loading.gif") was successful  	[MsgId: MMSG-26390]
Action.c(266): web_concurrent_end was successful, 14180 body bytes, 3938 header bytes  	[MsgId: MMSG-26386]
Action.c(268): Error -26612: HTTP Status-Code=500 (Internal Server Error) for "http://112.124.44.147/Module/VisitingData/Data/Handler/TaskDataHandler.ashx?mid=2306a333-36f0-4b32-a207-daa5fc3b01bd&btncode=search&method=GetTaskDataList&_dc=1373279637975"  	[MsgId: MERR-26612]
End auto log messages stack.	[MsgId: MMSG-10544]


Action.c(234): Registering web_url("page-next-disabled.gif") was successful  	[MsgId: MMSG-26390]
Action.c(93): Registering web_url("TaskDataVM.js") was successful  	[MsgId: MMSG-26390]
Action.c(250): Registering web_url("spinner-small.gif") was successful  	[MsgId: MMSG-26390]
Action.c(250): Registering web_url("spinner-small.gif") was successful  	[MsgId: MMSG-26390]
Action.c(101): Registering web_url("TaskDataVMStore.js") was successful  	[MsgId: MMSG-26390]
Action.c(234): Registering web_url("page-next-disabled.gif") was successful  	[MsgId: MMSG-26390]
Action.c(125): web_concurrent_end was successful, 20864 body bytes, 3924 header bytes  	[MsgId: MMSG-26386]
Action.c(127): Error -26612: HTTP Status-Code=500 (Internal Server Error) for "http://112.124.44.147/Framework/Javascript/Biz/Handler/ClientPositionHandler.ashx?method=GetClientPositionByParentID&IsTree=false&ParentID=&IsClientDistributor=false&IsClientPosition=false&_dc=1373279637472&page=1&start=0&limit=15"  	[MsgId: MERR-26612]
End auto log messages stack.	[MsgId: MMSG-10544]


Action.c(93): Registering web_url("TaskDataVM.js") was successful  	[MsgId: MMSG-26390]
Action.c(242): Registering web_url("loading.gif") was successful  	[MsgId: MMSG-26390]
Action.c(258): Registering web_url("page-prev-disabled.gif") was successful  	[MsgId: MMSG-26390]
Action.c(242): Registering web_url("loading.gif") was successful  	[MsgId: MMSG-26390]
Action.c(109): Registering web_url("TaskDataView.js") was successful  	[MsgId: MMSG-26390]
Action.c(250): Registering web_url("spinner-small.gif") was successful  	[MsgId: MMSG-26390]
Action.c(258): Registering web_url("page-prev-disabled.gif") was successful  	[MsgId: MMSG-26390]
Action.c(101): Registering web_url("TaskDataVMStore.js") was successful  	[MsgId: MMSG-26390]
Action.c(266): web_concurrent_end was successful, 14180 body bytes, 3938 header bytes  	[MsgId: MMSG-26386]
Action.c(268): Error -26612: HTTP Status-Code=500 (Internal Server Error) for "http://112.124.44.147/Module/VisitingData/Data/Handler/TaskDataHandler.ashx?mid=2306a333-36f0-4b32-a207-daa5fc3b01bd&btncode=search&method=GetTaskDataList&_dc=1373279637975"  	[MsgId: MERR-26612]
End auto log messages stack.	[MsgId: MMSG-10544]


Action.c(258): Registering web_url("page-prev-disabled.gif") was successful  	[MsgId: MMSG-26390]
Action.c(266): web_concurrent_end was successful, 14180 body bytes, 3938 header bytes  	[MsgId: MMSG-26386]
Action.c(268): Error -26612: HTTP Status-Code=500 (Internal Server Error) for "http://112.124.44.147/Module/VisitingData/Data/Handler/TaskDataHandler.ashx?mid=2306a333-36f0-4b32-a207-daa5fc3b01bd&btncode=search&method=GetTaskDataList&_dc=1373279637975"  	[MsgId: MERR-26612]
Action.c(250): Registering web_url("spinner-small.gif") was successful  	[MsgId: MMSG-26390]
End auto log messages stack.	[MsgId: MMSG-10544]


Action.c(109): Registering web_url("TaskDataView.js") was successful  	[MsgId: MMSG-26390]
Action.c(266): web_concurrent_end was successful, 14180 body bytes, 3938 header bytes  	[MsgId: MMSG-26386]
Action.c(268): Error -26612: HTTP Status-Code=500 (Internal Server Error) for "http://112.124.44.147/Module/VisitingData/Data/Handler/TaskDataHandler.ashx?mid=2306a333-36f0-4b32-a207-daa5fc3b01bd&btncode=search&method=GetTaskDataList&_dc=1373279637975"  	[MsgId: MERR-26612]
End auto log messages stack.	[MsgId: MMSG-10544]


Action.c(117): Registering web_url("TaskDataCtl.js") was successful  	[MsgId: MMSG-26390]
Action.c(258): Registering web_url("page-prev-disabled.gif") was successful  	[MsgId: MMSG-26390]
Action.c(266): web_concurrent_end was successful, 14180 body bytes, 3938 header bytes  	[MsgId: MMSG-26386]
Action.c(268): Error -26612: HTTP Status-Code=500 (Internal Server Error) for "http://112.124.44.147/Module/VisitingData/Data/Handler/TaskDataHandler.ashx?mid=2306a333-36f0-4b32-a207-daa5fc3b01bd&btncode=search&method=GetTaskDataList&_dc=1373279637975"  	[MsgId: MERR-26612]
End auto log messages stack.	[MsgId: MMSG-10544]


Action.c(117): Registering web_url("TaskDataCtl.js") was successful  	[MsgId: MMSG-26390]
Action.c(125): web_concurrent_end was successful, 20864 body bytes, 3924 header bytes  	[MsgId: MMSG-26386]
Action.c(127): Error -26612: HTTP Status-Code=500 (Internal Server Error) for "http://112.124.44.147/Framework/Javascript/Biz/Handler/ClientPositionHandler.ashx?method=GetClientPositionByParentID&IsTree=false&ParentID=&IsClientDistributor=false&IsClientPosition=false&_dc=1373279637472&page=1&start=0&limit=15"  	[MsgId: MERR-26612]
End auto log messages stack.	[MsgId: MMSG-10544]


Action.c(125): web_concurrent_end was successful, 20864 body bytes, 3924 header bytes  	[MsgId: MMSG-26386]
Action.c(127): Error -26612: HTTP Status-Code=500 (Internal Server Error) for "http://112.124.44.147/Framework/Javascript/Biz/Handler/ClientPositionHandler.ashx?method=GetClientPositionByParentID&IsTree=false&ParentID=&IsClientDistributor=false&IsClientPosition=false&_dc=1373279637472&page=1&start=0&limit=15"  	[MsgId: MERR-26612]
End auto log messages stack.	[MsgId: MMSG-10544]


Start auto log messages stack - Iteration 1.	[MsgId: MMSG-10545]
Action.c(218): Registering web_url("page-last-disabled.gif") was successful  	[MsgId: MMSG-26390]
Action.c(226): Registering web_url("refresh.gif") was successful  	[MsgId: MMSG-26390]
Action.c(234): Registering web_url("page-next-disabled.gif") was successful  	[MsgId: MMSG-26390]
Action.c(242): Registering web_url("loading.gif") was successful  	[MsgId: MMSG-26390]
Action.c(250): Registering web_url("spinner-small.gif") was successful  	[MsgId: MMSG-26390]
Action.c(258): Registering web_url("page-prev-disabled.gif") was successful  	[MsgId: MMSG-26390]
Action.c(266): web_concurrent_end was successful, 14180 body bytes, 3938 header bytes  	[MsgId: MMSG-26386]
Action.c(268): Error -26612: HTTP Status-Code=500 (Internal Server Error) for "http://112.124.44.147/Module/VisitingData/Data/Handler/TaskDataHandler.ashx?mid=2306a333-36f0-4b32-a207-daa5fc3b01bd&btncode=search&method=GetTaskDataList&_dc=1373279637975"  	[MsgId: MERR-26612]
End auto log messages stack.	[MsgId: MMSG-10544]


Start auto log messages stack - Iteration 1.	[MsgId: MMSG-10545]
Action.c(218): Registering web_url("page-last-disabled.gif") was successful  	[MsgId: MMSG-26390]
Action.c(226): Registering web_url("refresh.gif") was successful  	[MsgId: MMSG-26390]
Action.c(234): Registering web_url("page-next-disabled.gif") was successful  	[MsgId: MMSG-26390]
Action.c(242): Registering web_url("loading.gif") was successful  	[MsgId: MMSG-26390]
Action.c(250): Registering web_url("spinner-small.gif") was successful  	[MsgId: MMSG-26390]
Action.c(258): Registering web_url("page-prev-disabled.gif") was successful  	[MsgId: MMSG-26390]
Action.c(266): web_concurrent_end was successful, 14180 body bytes, 3938 header bytes  	[MsgId: MMSG-26386]
Action.c(268): Error -26612: HTTP Status-Code=500 (Internal Server Error) for "http://112.124.44.147/Module/VisitingData/Data/Handler/TaskDataHandler.ashx?mid=2306a333-36f0-4b32-a207-daa5fc3b01bd&btncode=search&method=GetTaskDataList&_dc=1373279637975"  	[MsgId: MERR-26612]
End auto log messages stack.	[MsgId: MMSG-10544]


Start auto log messages stack - Iteration 1.	[MsgId: MMSG-10545]
Action.c(218): Registering web_url("page-last-disabled.gif") was successful  	[MsgId: MMSG-26390]
Action.c(226): Registering web_url("refresh.gif") was successful  	[MsgId: MMSG-26390]
Action.c(234): Registering web_url("page-next-disabled.gif") was successful  	[MsgId: MMSG-26390]
Action.c(242): Registering web_url("loading.gif") was successful  	[MsgId: MMSG-26390]
Action.c(250): Registering web_url("spinner-small.gif") was successful  	[MsgId: MMSG-26390]
Action.c(258): Registering web_url("page-prev-disabled.gif") was successful  	[MsgId: MMSG-26390]
Action.c(266): web_concurrent_end was successful, 14180 body bytes, 3938 header bytes  	[MsgId: MMSG-26386]
Action.c(268): Error -26612: HTTP Status-Code=500 (Internal Server Error) for "http://112.124.44.147/Module/VisitingData/Data/Handler/TaskDataHandler.ashx?mid=2306a333-36f0-4b32-a207-daa5fc3b01bd&btncode=search&method=GetTaskDataList&_dc=1373279637975"  	[MsgId: MERR-26612]
End auto log messages stack.	[MsgId: MMSG-10544]


Start auto log messages stack.	[MsgId: MMSG-10546]
Ending iteration 1.	[MsgId: MMSG-15965]
Ending Vuser...	[MsgId: MMSG-15966]
Starting action vuser_end.	[MsgId: MMSG-15919]
vuser_end.c(6): Redirecting "http://112.124.44.147/default.aspx?method=LogOut" (redirection depth is 0)  	[MsgId: MMSG-26694]
vuser_end.c(6): To location "http://112.124.44.147/Error.aspx?msg=Timeout %e6%97%b6%e9%97%b4%e5%b7%b2%e5%88%b0%e3%80%82%e5%9c%a8%e6%93%8d%e4%bd%9c%e5%ae%8c%e6%88%90%e4%b9%8b%e5%89%8d%e8%b6%85%e6%97%b6%e6%97%b6%e9%97%b4%e5%b7%b2%e8%bf%87%e6%88%96%e6%9c%8d%e5%8a%a1%e5%99%a8%e6%9c%aa%e5%93%8d%e5%ba%94%e3%80%82"  	[MsgId: MMSG-26693]
vuser_end.c(6): Error -27796: Failed to connect to server "112.124.44.147:80": [10060] Connection timed out  	[MsgId: MERR-27796]
End auto log messages stack.	[MsgId: MMSG-10544]


