Start auto log messages stack - Iteration 1.	[MsgId: MMSG-10545]
Action.c(218): Registering web_url("page-last-disabled.gif") was successful  	[MsgId: MMSG-26390]
Action.c(226): Registering web_url("refresh.gif") was successful  	[MsgId: MMSG-26390]
Action.c(234): Registering web_url("page-next-disabled.gif") was successful  	[MsgId: MMSG-26390]
Action.c(242): Registering web_url("loading.gif") was successful  	[MsgId: MMSG-26390]
Action.c(250): Registering web_url("spinner-small.gif") was successful  	[MsgId: MMSG-26390]
Action.c(258): Registering web_url("page-prev-disabled.gif") was successful  	[MsgId: MMSG-26390]
Action.c(266): web_concurrent_end was successful, 14180 body bytes, 3938 header bytes  	[MsgId: MMSG-26386]
Action.c(268): Error -26612: HTTP Status-Code=500 (Internal Server Error) for "http://112.124.44.147/Module/VisitingData/Data/Handler/TaskDataHandler.ashx?mid=2306a333-36f0-4b32-a207-daa5fc3b01bd&btncode=search&method=GetTaskDataList&_dc=1373279637975"  	[MsgId: MERR-26612]
End auto log messages stack.	[MsgId: MMSG-10544]


Start auto log messages stack - Iteration 1.	[MsgId: MMSG-10545]
Action.c(218): Registering web_url("page-last-disabled.gif") was successful  	[MsgId: MMSG-26390]
Action.c(226): Registering web_url("refresh.gif") was successful  	[MsgId: MMSG-26390]
Action.c(234): Registering web_url("page-next-disabled.gif") was successful  	[MsgId: MMSG-26390]
Action.c(242): Registering web_url("loading.gif") was successful  	[MsgId: MMSG-26390]
Action.c(250): Registering web_url("spinner-small.gif") was successful  	[MsgId: MMSG-26390]
Action.c(258): Registering web_url("page-prev-disabled.gif") was successful  	[MsgId: MMSG-26390]
Action.c(266): web_concurrent_end was successful, 14180 body bytes, 3938 header bytes  	[MsgId: MMSG-26386]
Action.c(268): Error -26612: HTTP Status-Code=500 (Internal Server Error) for "http://112.124.44.147/Module/VisitingData/Data/Handler/TaskDataHandler.ashx?mid=2306a333-36f0-4b32-a207-daa5fc3b01bd&btncode=search&method=GetTaskDataList&_dc=1373279637975"  	[MsgId: MERR-26612]
End auto log messages stack.	[MsgId: MMSG-10544]


Start auto log messages stack - Iteration 1.	[MsgId: MMSG-10545]
Action.c(69): Registering web_url("options.js") was successful  	[MsgId: MMSG-26390]
Action.c(77): Registering web_url("ClientStructure.js") was successful  	[MsgId: MMSG-26390]
Start auto log messages stack - Iteration 1.	[MsgId: MMSG-10545]
Action.c(218): Registering web_url("page-last-disabled.gif") was successful  	[MsgId: MMSG-26390]
Action.c(226): Registering web_url("refresh.gif") was successful  	[MsgId: MMSG-26390]
Action.c(234): Registering web_url("page-next-disabled.gif") was successful  	[MsgId: MMSG-26390]
Action.c(85): Registering web_url("District.js") was successful  	[MsgId: MMSG-26390]
Action.c(242): Registering web_url("loading.gif") was successful  	[MsgId: MMSG-26390]
Action.c(250): Registering web_url("spinner-small.gif") was successful  	[MsgId: MMSG-26390]
Action.c(258): Registering web_url("page-prev-disabled.gif") was successful  	[MsgId: MMSG-26390]
Action.c(93): Registering web_url("TaskDataVM.js") was successful  	[MsgId: MMSG-26390]
Action.c(266): web_concurrent_end was successful, 14180 body bytes, 3938 header bytes  	[MsgId: MMSG-26386]
Action.c(268): Error -26612: HTTP Status-Code=500 (Internal Server Error) for "http://112.124.44.147/Module/VisitingData/Data/Handler/TaskDataHandler.ashx?mid=2306a333-36f0-4b32-a207-daa5fc3b01bd&btncode=search&method=GetTaskDataList&_dc=1373279637975"  	[MsgId: MERR-26612]
End auto log messages stack.	[MsgId: MMSG-10544]


Action.c(101): Registering web_url("TaskDataVMStore.js") was successful  	[MsgId: MMSG-26390]
Action.c(109): Registering web_url("TaskDataView.js") was successful  	[MsgId: MMSG-26390]
Start auto log messages stack - Iteration 1.	[MsgId: MMSG-10545]
Action.c(218): Registering web_url("page-last-disabled.gif") was successful  	[MsgId: MMSG-26390]
Action.c(226): Registering web_url("refresh.gif") was successful  	[MsgId: MMSG-26390]
Action.c(234): Registering web_url("page-next-disabled.gif") was successful  	[MsgId: MMSG-26390]
Action.c(117): Registering web_url("TaskDataCtl.js") was successful  	[MsgId: MMSG-26390]
Action.c(242): Registering web_url("loading.gif") was successful  	[MsgId: MMSG-26390]
Action.c(250): Registering web_url("spinner-small.gif") was successful  	[MsgId: MMSG-26390]
Action.c(125): web_concurrent_end was successful, 20864 body bytes, 3924 header bytes  	[MsgId: MMSG-26386]
Action.c(127): Error -26612: HTTP Status-Code=500 (Internal Server Error) for "http://112.124.44.147/Framework/Javascript/Biz/Handler/ClientPositionHandler.ashx?method=GetClientPositionByParentID&IsTree=false&ParentID=&IsClientDistributor=false&IsClientPosition=false&_dc=1373279637472&page=1&start=0&limit=15"  	[MsgId: MERR-26612]
End auto log messages stack.	[MsgId: MMSG-10544]


Start auto log messages stack - Iteration 1.	[MsgId: MMSG-10545]
Action.c(258): Registering web_url("page-prev-disabled.gif") was successful  	[MsgId: MMSG-26390]
Action.c(218): Registering web_url("page-last-disabled.gif") was successful  	[MsgId: MMSG-26390]
Action.c(266): web_concurrent_end was successful, 14180 body bytes, 3938 header bytes  	[MsgId: MMSG-26386]
Action.c(268): Error -26612: HTTP Status-Code=500 (Internal Server Error) for "http://112.124.44.147/Module/VisitingData/Data/Handler/TaskDataHandler.ashx?mid=2306a333-36f0-4b32-a207-daa5fc3b01bd&btncode=search&method=GetTaskDataList&_dc=1373279637975"  	[MsgId: MERR-26612]
End auto log messages stack.	[MsgId: MMSG-10544]


Start auto log messages stack - Iteration 1.	[MsgId: MMSG-10545]
Start auto log messages stack - Iteration 1.	[MsgId: MMSG-10545]
Action.c(218): Registering web_url("page-last-disabled.gif") was successful  	[MsgId: MMSG-26390]
Action.c(226): Registering web_url("refresh.gif") was successful  	[MsgId: MMSG-26390]
Action.c(234): Registering web_url("page-next-disabled.gif") was successful  	[MsgId: MMSG-26390]
Action.c(218): Registering web_url("page-last-disabled.gif") was successful  	[MsgId: MMSG-26390]
Action.c(226): Registering web_url("refresh.gif") was successful  	[MsgId: MMSG-26390]
Action.c(234): Registering web_url("page-next-disabled.gif") was successful  	[MsgId: MMSG-26390]
Action.c(226): Registering web_url("refresh.gif") was successful  	[MsgId: MMSG-26390]
Action.c(234): Registering web_url("page-next-disabled.gif") was successful  	[MsgId: MMSG-26390]
Action.c(242): Registering web_url("loading.gif") was successful  	[MsgId: MMSG-26390]
Action.c(242): Registering web_url("loading.gif") was successful  	[MsgId: MMSG-26390]
Action.c(250): Registering web_url("spinner-small.gif") was successful  	[MsgId: MMSG-26390]
Action.c(250): Registering web_url("spinner-small.gif") was successful  	[MsgId: MMSG-26390]
Start auto log messages stack - Iteration 1.	[MsgId: MMSG-10545]
Start auto log messages stack - Iteration 1.	[MsgId: MMSG-10545]
Action.c(242): Registering web_url("loading.gif") was successful  	[MsgId: MMSG-26390]
Action.c(258): Registering web_url("page-prev-disabled.gif") was successful  	[MsgId: MMSG-26390]
Action.c(258): Registering web_url("page-prev-disabled.gif") was successful  	[MsgId: MMSG-26390]
Start auto log messages stack - Iteration 1.	[MsgId: MMSG-10545]
Action.c(250): Registering web_url("spinner-small.gif") was successful  	[MsgId: MMSG-26390]
Action.c(266): web_concurrent_end was successful, 14180 body bytes, 3938 header bytes  	[MsgId: MMSG-26386]
Action.c(266): web_concurrent_end was successful, 14180 body bytes, 3938 header bytes  	[MsgId: MMSG-26386]
Action.c(268): Error -26612: HTTP Status-Code=500 (Internal Server Error) for "http://112.124.44.147/Module/VisitingData/Data/Handler/TaskDataHandler.ashx?mid=2306a333-36f0-4b32-a207-daa5fc3b01bd&btncode=search&method=GetTaskDataList&_dc=1373279637975"  	[MsgId: MERR-26612]
Action.c(268): Error -26612: HTTP Status-Code=500 (Internal Server Error) for "http://112.124.44.147/Module/VisitingData/Data/Handler/TaskDataHandler.ashx?mid=2306a333-36f0-4b32-a207-daa5fc3b01bd&btncode=search&method=GetTaskDataList&_dc=1373279637975"  	[MsgId: MERR-26612]
End auto log messages stack.	[MsgId: MMSG-10544]


End auto log messages stack.	[MsgId: MMSG-10544]


Action.c(258): Registering web_url("page-prev-disabled.gif") was successful  	[MsgId: MMSG-26390]
Action.c(218): Registering web_url("page-last-disabled.gif") was successful  	[MsgId: MMSG-26390]
Start auto log messages stack - Iteration 1.	[MsgId: MMSG-10545]
Action.c(266): web_concurrent_end was successful, 14180 body bytes, 3938 header bytes  	[MsgId: MMSG-26386]
Action.c(268): Error -26612: HTTP Status-Code=500 (Internal Server Error) for "http://112.124.44.147/Module/VisitingData/Data/Handler/TaskDataHandler.ashx?mid=2306a333-36f0-4b32-a207-daa5fc3b01bd&btncode=search&method=GetTaskDataList&_dc=1373279637975"  	[MsgId: MERR-26612]
End auto log messages stack.	[MsgId: MMSG-10544]


Start auto log messages stack - Iteration 1.	[MsgId: MMSG-10545]
Action.c(226): Registering web_url("refresh.gif") was successful  	[MsgId: MMSG-26390]
Action.c(69): Registering web_url("options.js") was successful  	[MsgId: MMSG-26390]
Action.c(234): Registering web_url("page-next-disabled.gif") was successful  	[MsgId: MMSG-26390]
Action.c(218): Registering web_url("page-last-disabled.gif") was successful  	[MsgId: MMSG-26390]
Action.c(242): Registering web_url("loading.gif") was successful  	[MsgId: MMSG-26390]
Action.c(77): Registering web_url("ClientStructure.js") was successful  	[MsgId: MMSG-26390]
Start auto log messages stack - Iteration 1.	[MsgId: MMSG-10545]
Action.c(226): Registering web_url("refresh.gif") was successful  	[MsgId: MMSG-26390]
Start auto log messages stack - Iteration 1.	[MsgId: MMSG-10545]
Action.c(234): Registering web_url("page-next-disabled.gif") was successful  	[MsgId: MMSG-26390]
Action.c(85): Registering web_url("District.js") was successful  	[MsgId: MMSG-26390]
Action.c(250): Registering web_url("spinner-small.gif") was successful  	[MsgId: MMSG-26390]
Start auto log messages stack - Iteration 1.	[MsgId: MMSG-10545]
Action.c(218): Registering web_url("page-last-disabled.gif") was successful  	[MsgId: MMSG-26390]
Action.c(242): Registering web_url("loading.gif") was successful  	[MsgId: MMSG-26390]
Action.c(93): Registering web_url("TaskDataVM.js") was successful  	[MsgId: MMSG-26390]
Start auto log messages stack - Iteration 1.	[MsgId: MMSG-10545]
Action.c(258): Registering web_url("page-prev-disabled.gif") was successful  	[MsgId: MMSG-26390]
Action.c(218): Registering web_url("page-last-disabled.gif") was successful  	[MsgId: MMSG-26390]
Action.c(226): Registering web_url("refresh.gif") was successful  	[MsgId: MMSG-26390]
Start auto log messages stack - Iteration 1.	[MsgId: MMSG-10545]
Start auto log messages stack - Iteration 1.	[MsgId: MMSG-10545]
Action.c(226): Registering web_url("refresh.gif") was successful  	[MsgId: MMSG-26390]
Action.c(101): Registering web_url("TaskDataVMStore.js") was successful  	[MsgId: MMSG-26390]
Action.c(250): Registering web_url("spinner-small.gif") was successful  	[MsgId: MMSG-26390]
Action.c(266): web_concurrent_end was successful, 14180 body bytes, 3938 header bytes  	[MsgId: MMSG-26386]
Action.c(268): Error -26612: HTTP Status-Code=500 (Internal Server Error) for "http://112.124.44.147/Module/VisitingData/Data/Handler/TaskDataHandler.ashx?mid=2306a333-36f0-4b32-a207-daa5fc3b01bd&btncode=search&method=GetTaskDataList&_dc=1373279637975"  	[MsgId: MERR-26612]
End auto log messages stack.	[MsgId: MMSG-10544]


Start auto log messages stack - Iteration 1.	[MsgId: MMSG-10545]
Action.c(218): Registering web_url("page-last-disabled.gif") was successful  	[MsgId: MMSG-26390]
Action.c(234): Registering web_url("page-next-disabled.gif") was successful  	[MsgId: MMSG-26390]
Action.c(109): Registering web_url("TaskDataView.js") was successful  	[MsgId: MMSG-26390]
Action.c(258): Registering web_url("page-prev-disabled.gif") was successful  	[MsgId: MMSG-26390]
Action.c(234): Registering web_url("page-next-disabled.gif") was successful  	[MsgId: MMSG-26390]
Start auto log messages stack - Iteration 1.	[MsgId: MMSG-10545]
Action.c(242): Registering web_url("loading.gif") was successful  	[MsgId: MMSG-26390]
Action.c(226): Registering web_url("refresh.gif") was successful  	[MsgId: MMSG-26390]
Start auto log messages stack - Iteration 1.	[MsgId: MMSG-10545]
Action.c(266): web_concurrent_end was successful, 14180 body bytes, 3938 header bytes  	[MsgId: MMSG-26386]
Action.c(218): Registering web_url("page-last-disabled.gif") was successful  	[MsgId: MMSG-26390]
Action.c(268): Error -26612: HTTP Status-Code=500 (Internal Server Error) for "http://112.124.44.147/Module/VisitingData/Data/Handler/TaskDataHandler.ashx?mid=2306a333-36f0-4b32-a207-daa5fc3b01bd&btncode=search&method=GetTaskDataList&_dc=1373279637975"  	[MsgId: MERR-26612]
End auto log messages stack.	[MsgId: MMSG-10544]


Start auto log messages stack - Iteration 1.	[MsgId: MMSG-10545]
Action.c(242): Registering web_url("loading.gif") was successful  	[MsgId: MMSG-26390]
Start auto log messages stack - Iteration 1.	[MsgId: MMSG-10545]
Start auto log messages stack - Iteration 1.	[MsgId: MMSG-10545]
Action.c(226): Registering web_url("refresh.gif") was successful  	[MsgId: MMSG-26390]
Action.c(234): Registering web_url("page-next-disabled.gif") was successful  	[MsgId: MMSG-26390]
Action.c(250): Registering web_url("spinner-small.gif") was successful  	[MsgId: MMSG-26390]
Action.c(218): Registering web_url("page-last-disabled.gif") was successful  	[MsgId: MMSG-26390]
Action.c(117): Registering web_url("TaskDataCtl.js") was successful  	[MsgId: MMSG-26390]
Start auto log messages stack - Iteration 1.	[MsgId: MMSG-10545]
Action.c(250): Registering web_url("spinner-small.gif") was successful  	[MsgId: MMSG-26390]
Action.c(218): Registering web_url("page-last-disabled.gif") was successful  	[MsgId: MMSG-26390]
Start auto log messages stack - Iteration 1.	[MsgId: MMSG-10545]
Action.c(234): Registering web_url("page-next-disabled.gif") was successful  	[MsgId: MMSG-26390]
Action.c(218): Registering web_url("page-last-disabled.gif") was successful  	[MsgId: MMSG-26390]
Action.c(242): Registering web_url("loading.gif") was successful  	[MsgId: MMSG-26390]
Action.c(258): Registering web_url("page-prev-disabled.gif") was successful  	[MsgId: MMSG-26390]
Action.c(258): Registering web_url("page-prev-disabled.gif") was successful  	[MsgId: MMSG-26390]
Action.c(125): web_concurrent_end was successful, 20864 body bytes, 3924 header bytes  	[MsgId: MMSG-26386]
Action.c(127): Error -26612: HTTP Status-Code=500 (Internal Server Error) for "http://112.124.44.147/Framework/Javascript/Biz/Handler/ClientPositionHandler.ashx?method=GetClientPositionByParentID&IsTree=false&ParentID=&IsClientDistributor=false&IsClientPosition=false&_dc=1373279637472&page=1&start=0&limit=15"  	[MsgId: MERR-26612]
End auto log messages stack.	[MsgId: MMSG-10544]


Start auto log messages stack - Iteration 1.	[MsgId: MMSG-10545]
Action.c(226): Registering web_url("refresh.gif") was successful  	[MsgId: MMSG-26390]
Action.c(250): Registering web_url("spinner-small.gif") was successful  	[MsgId: MMSG-26390]
Action.c(218): Registering web_url("page-last-disabled.gif") was successful  	[MsgId: MMSG-26390]
Action.c(226): Registering web_url("refresh.gif") was successful  	[MsgId: MMSG-26390]
Action.c(266): web_concurrent_end was successful, 14180 body bytes, 3938 header bytes  	[MsgId: MMSG-26386]
Action.c(268): Error -26612: HTTP Status-Code=500 (Internal Server Error) for "http://112.124.44.147/Module/VisitingData/Data/Handler/TaskDataHandler.ashx?mid=2306a333-36f0-4b32-a207-daa5fc3b01bd&btncode=search&method=GetTaskDataList&_dc=1373279637975"  	[MsgId: MERR-26612]
Action.c(266): web_concurrent_end was successful, 14180 body bytes, 3938 header bytes  	[MsgId: MMSG-26386]
Action.c(268): Error -26612: HTTP Status-Code=500 (Internal Server Error) for "http://112.124.44.147/Module/VisitingData/Data/Handler/TaskDataHandler.ashx?mid=2306a333-36f0-4b32-a207-daa5fc3b01bd&btncode=search&method=GetTaskDataList&_dc=1373279637975"  	[MsgId: MERR-26612]
End auto log messages stack.	[MsgId: MMSG-10544]
Action.c(234): Registering web_url("page-next-disabled.gif") was successful  	[MsgId: MMSG-26390]
End auto log messages stack.	[MsgId: MMSG-10544]




Action.c(226): Registering web_url("refresh.gif") was successful  	[MsgId: MMSG-26390]
Action.c(242): Registering web_url("loading.gif") was successful  	[MsgId: MMSG-26390]
Action.c(234): Registering web_url("page-next-disabled.gif") was successful  	[MsgId: MMSG-26390]
Action.c(250): Registering web_url("spinner-small.gif") was successful  	[MsgId: MMSG-26390]
Action.c(218): Registering web_url("page-last-disabled.gif") was successful  	[MsgId: MMSG-26390]
Action.c(258): Registering web_url("page-prev-disabled.gif") was successful  	[MsgId: MMSG-26390]
Action.c(69): Registering web_url("options.js") was successful  	[MsgId: MMSG-26390]
Action.c(226): Registering web_url("refresh.gif") was successful  	[MsgId: MMSG-26390]
Action.c(218): Registering web_url("page-last-disabled.gif") was successful  	[MsgId: MMSG-26390]
Action.c(242): Registering web_url("loading.gif") was successful  	[MsgId: MMSG-26390]
Action.c(234): Registering web_url("page-next-disabled.gif") was successful  	[MsgId: MMSG-26390]
Action.c(226): Registering web_url("refresh.gif") was successful  	[MsgId: MMSG-26390]
Action.c(250): Registering web_url("spinner-small.gif") was successful  	[MsgId: MMSG-26390]
Action.c(226): Registering web_url("refresh.gif") was successful  	[MsgId: MMSG-26390]
Action.c(242): Registering web_url("loading.gif") was successful  	[MsgId: MMSG-26390]
Action.c(258): Registering web_url("page-prev-disabled.gif") was successful  	[MsgId: MMSG-26390]
Action.c(218): Registering web_url("page-last-disabled.gif") was successful  	[MsgId: MMSG-26390]
Action.c(266): web_concurrent_end was successful, 14180 body bytes, 3938 header bytes  	[MsgId: MMSG-26386]
Action.c(268): Error -26612: HTTP Status-Code=500 (Internal Server Error) for "http://112.124.44.147/Module/VisitingData/Data/Handler/TaskDataHandler.ashx?mid=2306a333-36f0-4b32-a207-daa5fc3b01bd&btncode=search&method=GetTaskDataList&_dc=1373279637975"  	[MsgId: MERR-26612]
End auto log messages stack.	[MsgId: MMSG-10544]


Action.c(234): Registering web_url("page-next-disabled.gif") was successful  	[MsgId: MMSG-26390]
Action.c(226): Registering web_url("refresh.gif") was successful  	[MsgId: MMSG-26390]
Action.c(77): Registering web_url("ClientStructure.js") was successful  	[MsgId: MMSG-26390]
Action.c(218): Registering web_url("page-last-disabled.gif") was successful  	[MsgId: MMSG-26390]
Action.c(218): Registering web_url("page-last-disabled.gif") was successful  	[MsgId: MMSG-26390]
Action.c(218): Registering web_url("page-last-disabled.gif") was successful  	[MsgId: MMSG-26390]
Action.c(234): Registering web_url("page-next-disabled.gif") was successful  	[MsgId: MMSG-26390]
Action.c(234): Registering web_url("page-next-disabled.gif") was successful  	[MsgId: MMSG-26390]
Action.c(258): Registering web_url("page-prev-disabled.gif") was successful  	[MsgId: MMSG-26390]
Action.c(218): Registering web_url("page-last-disabled.gif") was successful  	[MsgId: MMSG-26390]
Action.c(250): Registering web_url("spinner-small.gif") was successful  	[MsgId: MMSG-26390]
Action.c(226): Registering web_url("refresh.gif") was successful  	[MsgId: MMSG-26390]
Action.c(266): web_concurrent_end was successful, 14180 body bytes, 3938 header bytes  	[MsgId: MMSG-26386]
Action.c(268): Error -26612: HTTP Status-Code=500 (Internal Server Error) for "http://112.124.44.147/Module/VisitingData/Data/Handler/TaskDataHandler.ashx?mid=2306a333-36f0-4b32-a207-daa5fc3b01bd&btncode=search&method=GetTaskDataList&_dc=1373279637975"  	[MsgId: MERR-26612]
End auto log messages stack.	[MsgId: MMSG-10544]


Action.c(242): Registering web_url("loading.gif") was successful  	[MsgId: MMSG-26390]
Action.c(266): web_concurrent_end was successful, 14180 body bytes, 3938 header bytes  	[MsgId: MMSG-26386]
Action.c(268): Error -26612: HTTP Status-Code=500 (Internal Server Error) for "http://112.124.44.147/Module/VisitingData/Data/Handler/TaskDataHandler.ashx?mid=2306a333-36f0-4b32-a207-daa5fc3b01bd&btncode=search&method=GetTaskDataList&_dc=1373279637975"  	[MsgId: MERR-26612]
End auto log messages stack.	[MsgId: MMSG-10544]


Action.c(234): Registering web_url("page-next-disabled.gif") was successful  	[MsgId: MMSG-26390]
Action.c(85): Registering web_url("District.js") was successful  	[MsgId: MMSG-26390]
Action.c(234): Registering web_url("page-next-disabled.gif") was successful  	[MsgId: MMSG-26390]
Action.c(226): Registering web_url("refresh.gif") was successful  	[MsgId: MMSG-26390]
Action.c(242): Registering web_url("loading.gif") was successful  	[MsgId: MMSG-26390]
Action.c(226): Registering web_url("refresh.gif") was successful  	[MsgId: MMSG-26390]
Action.c(226): Registering web_url("refresh.gif") was successful  	[MsgId: MMSG-26390]
Action.c(242): Registering web_url("loading.gif") was successful  	[MsgId: MMSG-26390]
Action.c(258): Registering web_url("page-prev-disabled.gif") was successful  	[MsgId: MMSG-26390]
Action.c(250): Registering web_url("spinner-small.gif") was successful  	[MsgId: MMSG-26390]
Action.c(242): Registering web_url("loading.gif") was successful  	[MsgId: MMSG-26390]
Action.c(242): Registering web_url("loading.gif") was successful  	[MsgId: MMSG-26390]
Action.c(242): Registering web_url("loading.gif") was successful  	[MsgId: MMSG-26390]
Action.c(266): web_concurrent_end was successful, 14180 body bytes, 3938 header bytes  	[MsgId: MMSG-26386]
Action.c(268): Error -26612: HTTP Status-Code=500 (Internal Server Error) for "http://112.124.44.147/Module/VisitingData/Data/Handler/TaskDataHandler.ashx?mid=2306a333-36f0-4b32-a207-daa5fc3b01bd&btncode=search&method=GetTaskDataList&_dc=1373279637975"  	[MsgId: MERR-26612]
End auto log messages stack.	[MsgId: MMSG-10544]


Action.c(258): Registering web_url("page-prev-disabled.gif") was successful  	[MsgId: MMSG-26390]
Action.c(234): Registering web_url("page-next-disabled.gif") was successful  	[MsgId: MMSG-26390]
Action.c(93): Registering web_url("TaskDataVM.js") was successful  	[MsgId: MMSG-26390]
Action.c(234): Registering web_url("page-next-disabled.gif") was successful  	[MsgId: MMSG-26390]
Action.c(266): web_concurrent_end was successful, 14180 body bytes, 3938 header bytes  	[MsgId: MMSG-26386]
Action.c(268): Error -26612: HTTP Status-Code=500 (Internal Server Error) for "http://112.124.44.147/Module/VisitingData/Data/Handler/TaskDataHandler.ashx?mid=2306a333-36f0-4b32-a207-daa5fc3b01bd&btncode=search&method=GetTaskDataList&_dc=1373279637975"  	[MsgId: MERR-26612]
End auto log messages stack.	[MsgId: MMSG-10544]


Action.c(250): Registering web_url("spinner-small.gif") was successful  	[MsgId: MMSG-26390]
Action.c(242): Registering web_url("loading.gif") was successful  	[MsgId: MMSG-26390]
Action.c(101): Registering web_url("TaskDataVMStore.js") was successful  	[MsgId: MMSG-26390]
Action.c(250): Registering web_url("spinner-small.gif") was successful  	[MsgId: MMSG-26390]
Action.c(250): Registering web_url("spinner-small.gif") was successful  	[MsgId: MMSG-26390]
Action.c(250): Registering web_url("spinner-small.gif") was successful  	[MsgId: MMSG-26390]
Action.c(234): Registering web_url("page-next-disabled.gif") was successful  	[MsgId: MMSG-26390]
Action.c(250): Registering web_url("spinner-small.gif") was successful  	[MsgId: MMSG-26390]
Action.c(218): Registering web_url("page-last-disabled.gif") was successful  	[MsgId: MMSG-26390]
Action.c(258): Registering web_url("page-prev-disabled.gif") was successful  	[MsgId: MMSG-26390]
Action.c(258): Registering web_url("page-prev-disabled.gif") was successful  	[MsgId: MMSG-26390]
Action.c(242): Registering web_url("loading.gif") was successful  	[MsgId: MMSG-26390]
Action.c(258): Registering web_url("page-prev-disabled.gif") was successful  	[MsgId: MMSG-26390]
Action.c(266): web_concurrent_end was successful, 14180 body bytes, 3938 header bytes  	[MsgId: MMSG-26386]
Action.c(268): Error -26612: HTTP Status-Code=500 (Internal Server Error) for "http://112.124.44.147/Module/VisitingData/Data/Handler/TaskDataHandler.ashx?mid=2306a333-36f0-4b32-a207-daa5fc3b01bd&btncode=search&method=GetTaskDataList&_dc=1373279637975"  	[MsgId: MERR-26612]
Action.c(242): Registering web_url("loading.gif") was successful  	[MsgId: MMSG-26390]
End auto log messages stack.	[MsgId: MMSG-10544]


Action.c(258): Registering web_url("page-prev-disabled.gif") was successful  	[MsgId: MMSG-26390]
Action.c(250): Registering web_url("spinner-small.gif") was successful  	[MsgId: MMSG-26390]
Action.c(226): Registering web_url("refresh.gif") was successful  	[MsgId: MMSG-26390]
Action.c(258): Registering web_url("page-prev-disabled.gif") was successful  	[MsgId: MMSG-26390]
Action.c(109): Registering web_url("TaskDataView.js") was successful  	[MsgId: MMSG-26390]
Action.c(266): web_concurrent_end was successful, 14180 body bytes, 3938 header bytes  	[MsgId: MMSG-26386]
Action.c(268): Error -26612: HTTP Status-Code=500 (Internal Server Error) for "http://112.124.44.147/Module/VisitingData/Data/Handler/TaskDataHandler.ashx?mid=2306a333-36f0-4b32-a207-daa5fc3b01bd&btncode=search&method=GetTaskDataList&_dc=1373279637975"  	[MsgId: MERR-26612]
End auto log messages stack.	[MsgId: MMSG-10544]


Action.c(250): Registering web_url("spinner-small.gif") was successful  	[MsgId: MMSG-26390]
Action.c(266): web_concurrent_end was successful, 14180 body bytes, 3938 header bytes  	[MsgId: MMSG-26386]
Action.c(266): web_concurrent_end was successful, 14180 body bytes, 3938 header bytes  	[MsgId: MMSG-26386]
Action.c(268): Error -26612: HTTP Status-Code=500 (Internal Server Error) for "http://112.124.44.147/Module/VisitingData/Data/Handler/TaskDataHandler.ashx?mid=2306a333-36f0-4b32-a207-daa5fc3b01bd&btncode=search&method=GetTaskDataList&_dc=1373279637975"  	[MsgId: MERR-26612]
Action.c(268): Error -26612: HTTP Status-Code=500 (Internal Server Error) for "http://112.124.44.147/Module/VisitingData/Data/Handler/TaskDataHandler.ashx?mid=2306a333-36f0-4b32-a207-daa5fc3b01bd&btncode=search&method=GetTaskDataList&_dc=1373279637975"  	[MsgId: MERR-26612]
End auto log messages stack.	[MsgId: MMSG-10544]


End auto log messages stack.	[MsgId: MMSG-10544]


Action.c(234): Registering web_url("page-next-disabled.gif") was successful  	[MsgId: MMSG-26390]
Action.c(250): Registering web_url("spinner-small.gif") was successful  	[MsgId: MMSG-26390]
Action.c(258): Registering web_url("page-prev-disabled.gif") was successful  	[MsgId: MMSG-26390]
Action.c(266): web_concurrent_end was successful, 14180 body bytes, 3938 header bytes  	[MsgId: MMSG-26386]
Action.c(268): Error -26612: HTTP Status-Code=500 (Internal Server Error) for "http://112.124.44.147/Module/VisitingData/Data/Handler/TaskDataHandler.ashx?mid=2306a333-36f0-4b32-a207-daa5fc3b01bd&btncode=search&method=GetTaskDataList&_dc=1373279637975"  	[MsgId: MERR-26612]
End auto log messages stack.	[MsgId: MMSG-10544]


Action.c(258): Registering web_url("page-prev-disabled.gif") was successful  	[MsgId: MMSG-26390]
Action.c(242): Registering web_url("loading.gif") was successful  	[MsgId: MMSG-26390]
Action.c(258): Registering web_url("page-prev-disabled.gif") was successful  	[MsgId: MMSG-26390]
Action.c(117): Registering web_url("TaskDataCtl.js") was successful  	[MsgId: MMSG-26390]
Action.c(266): web_concurrent_end was successful, 14180 body bytes, 3938 header bytes  	[MsgId: MMSG-26386]
Action.c(268): Error -26612: HTTP Status-Code=500 (Internal Server Error) for "http://112.124.44.147/Module/VisitingData/Data/Handler/TaskDataHandler.ashx?mid=2306a333-36f0-4b32-a207-daa5fc3b01bd&btncode=search&method=GetTaskDataList&_dc=1373279637975"  	[MsgId: MERR-26612]
End auto log messages stack.	[MsgId: MMSG-10544]


Action.c(266): web_concurrent_end was successful, 14180 body bytes, 3938 header bytes  	[MsgId: MMSG-26386]
Action.c(268): Error -26612: HTTP Status-Code=500 (Internal Server Error) for "http://112.124.44.147/Module/VisitingData/Data/Handler/TaskDataHandler.ashx?mid=2306a333-36f0-4b32-a207-daa5fc3b01bd&btncode=search&method=GetTaskDataList&_dc=1373279637975"  	[MsgId: MERR-26612]
Action.c(250): Registering web_url("spinner-small.gif") was successful  	[MsgId: MMSG-26390]
End auto log messages stack.	[MsgId: MMSG-10544]


Action.c(266): web_concurrent_end was successful, 14180 body bytes, 3938 header bytes  	[MsgId: MMSG-26386]
Action.c(268): Error -26612: HTTP Status-Code=500 (Internal Server Error) for "http://112.124.44.147/Module/VisitingData/Data/Handler/TaskDataHandler.ashx?mid=2306a333-36f0-4b32-a207-daa5fc3b01bd&btncode=search&method=GetTaskDataList&_dc=1373279637975"  	[MsgId: MERR-26612]
End auto log messages stack.	[MsgId: MMSG-10544]


Action.c(125): web_concurrent_end was successful, 20864 body bytes, 3924 header bytes  	[MsgId: MMSG-26386]
Action.c(127): Error -26612: HTTP Status-Code=500 (Internal Server Error) for "http://112.124.44.147/Framework/Javascript/Biz/Handler/ClientPositionHandler.ashx?method=GetClientPositionByParentID&IsTree=false&ParentID=&IsClientDistributor=false&IsClientPosition=false&_dc=1373279637472&page=1&start=0&limit=15"  	[MsgId: MERR-26612]
End auto log messages stack.	[MsgId: MMSG-10544]


Action.c(258): Registering web_url("page-prev-disabled.gif") was successful  	[MsgId: MMSG-26390]
Action.c(266): web_concurrent_end was successful, 14180 body bytes, 3938 header bytes  	[MsgId: MMSG-26386]
Action.c(268): Error -26612: HTTP Status-Code=500 (Internal Server Error) for "http://112.124.44.147/Module/VisitingData/Data/Handler/TaskDataHandler.ashx?mid=2306a333-36f0-4b32-a207-daa5fc3b01bd&btncode=search&method=GetTaskDataList&_dc=1373279637975"  	[MsgId: MERR-26612]
End auto log messages stack.	[MsgId: MMSG-10544]


