Virtual User Script started at : 2013-08-01 23:07:29	[MsgId: MMSG-15967]
Starting action vuser_init.	[MsgId: MMSG-15919]
Web Turbo Replay of LoadRunner 11.0.0 for WINXP; build 8859 (Aug 18 2010 20:14:31)  	[MsgId: MMSG-27143]
Run Mode: HTML  	[MsgId: MMSG-26000]
Run-Time Settings file: "C:\Documents and Settings\Administrator\Local Settings\Temp\lr5tmpdir5FX.676\lrcfgSI3.677\cfgSxg.680"  	[MsgId: MMSG-27141]
Ending action vuser_init.	[MsgId: MMSG-15918]
Running Vuser...	[MsgId: MMSG-15964]
Starting iteration 1.	[MsgId: MMSG-15968]
Starting action Action.	[MsgId: MMSG-15919]
Action.c(7): Registering web_reg_save_param was successful  	[MsgId: MMSG-26390]
Action.c(16): Registering web_reg_save_param was successful  	[MsgId: MMSG-26390]
Action.c(27): Warning -26593: The header being added may cause unpredictable results when applied to all ensuing URLs. It is added anyway  	[MsgId: MWAR-26593]
Action.c(27): web_add_auto_header("Content-Type") highest severity level was "warning"  	[MsgId: MMSG-26391]
Action.c(29): Rendezvous WCF集合点	[MsgId: MMSG-17988]
Virtual User Script started at : 2013-08-01 23:07:29	[MsgId: MMSG-15967]
Starting action vuser_init.	[MsgId: MMSG-15919]
Web Turbo Replay of LoadRunner 11.0.0 for WINXP; build 8859 (Aug 18 2010 20:14:31)  	[MsgId: MMSG-27143]
Run Mode: HTML  	[MsgId: MMSG-26000]
Run-Time Settings file: "C:\Documents and Settings\Administrator\Local Settings\Temp\lr5tmpdir5FX.676\lrcfgSI3.677\cfgSxg.680"  	[MsgId: MMSG-27141]
Ending action vuser_init.	[MsgId: MMSG-15918]
Running Vuser...	[MsgId: MMSG-15964]
Starting iteration 1.	[MsgId: MMSG-15968]
Starting action Action.	[MsgId: MMSG-15919]
Action.c(7): Registering web_reg_save_param was successful  	[MsgId: MMSG-26390]
Action.c(16): Registering web_reg_save_param was successful  	[MsgId: MMSG-26390]
Action.c(27): Warning -26593: The header being added may cause unpredictable results when applied to all ensuing URLs. It is added anyway  	[MsgId: MWAR-26593]
Action.c(27): web_add_auto_header("Content-Type") highest severity level was "warning"  	[MsgId: MMSG-26391]
Action.c(29): Rendezvous WCF集合点	[MsgId: MMSG-17988]
Virtual User Script started at : 2013-08-01 23:07:29	[MsgId: MMSG-15967]
Starting action vuser_init.	[MsgId: MMSG-15919]
Web Turbo Replay of LoadRunner 11.0.0 for WINXP; build 8859 (Aug 18 2010 20:14:31)  	[MsgId: MMSG-27143]
Run Mode: HTML  	[MsgId: MMSG-26000]
Run-Time Settings file: "C:\Documents and Settings\Administrator\Local Settings\Temp\lr5tmpdir5FX.676\lrcfgSI3.677\cfgSxg.680"  	[MsgId: MMSG-27141]
Ending action vuser_init.	[MsgId: MMSG-15918]
Running Vuser...	[MsgId: MMSG-15964]
Starting iteration 1.	[MsgId: MMSG-15968]
Starting action Action.	[MsgId: MMSG-15919]
Action.c(7): Registering web_reg_save_param was successful  	[MsgId: MMSG-26390]
Action.c(16): Registering web_reg_save_param was successful  	[MsgId: MMSG-26390]
Action.c(27): Warning -26593: The header being added may cause unpredictable results when applied to all ensuing URLs. It is added anyway  	[MsgId: MWAR-26593]
Action.c(27): web_add_auto_header("Content-Type") highest severity level was "warning"  	[MsgId: MMSG-26391]
Action.c(29): Rendezvous WCF集合点	[MsgId: MMSG-17988]
Virtual User Script started at : 2013-08-01 23:07:29	[MsgId: MMSG-15967]
Starting action vuser_init.	[MsgId: MMSG-15919]
Web Turbo Replay of LoadRunner 11.0.0 for WINXP; build 8859 (Aug 18 2010 20:14:31)  	[MsgId: MMSG-27143]
Run Mode: HTML  	[MsgId: MMSG-26000]
Run-Time Settings file: "C:\Documents and Settings\Administrator\Local Settings\Temp\lr5tmpdir5FX.676\lrcfgSI3.677\cfgSxg.680"  	[MsgId: MMSG-27141]
Ending action vuser_init.	[MsgId: MMSG-15918]
Running Vuser...	[MsgId: MMSG-15964]
Starting iteration 1.	[MsgId: MMSG-15968]
Starting action Action.	[MsgId: MMSG-15919]
Action.c(7): Registering web_reg_save_param was successful  	[MsgId: MMSG-26390]
Action.c(16): Registering web_reg_save_param was successful  	[MsgId: MMSG-26390]
Action.c(27): Warning -26593: The header being added may cause unpredictable results when applied to all ensuing URLs. It is added anyway  	[MsgId: MWAR-26593]
Action.c(27): web_add_auto_header("Content-Type") highest severity level was "warning"  	[MsgId: MMSG-26391]
Action.c(29): Rendezvous WCF集合点	[MsgId: MMSG-17988]
Virtual User Script started at : 2013-08-01 23:07:29	[MsgId: MMSG-15967]
Starting action vuser_init.	[MsgId: MMSG-15919]
Web Turbo Replay of LoadRunner 11.0.0 for WINXP; build 8859 (Aug 18 2010 20:14:31)  	[MsgId: MMSG-27143]
Run Mode: HTML  	[MsgId: MMSG-26000]
Run-Time Settings file: "C:\Documents and Settings\Administrator\Local Settings\Temp\lr5tmpdir5FX.676\lrcfgSI3.677\cfgSxg.680"  	[MsgId: MMSG-27141]
Ending action vuser_init.	[MsgId: MMSG-15918]
Running Vuser...	[MsgId: MMSG-15964]
Starting iteration 1.	[MsgId: MMSG-15968]
Starting action Action.	[MsgId: MMSG-15919]
Action.c(7): Registering web_reg_save_param was successful  	[MsgId: MMSG-26390]
Action.c(16): Registering web_reg_save_param was successful  	[MsgId: MMSG-26390]
Action.c(27): Warning -26593: The header being added may cause unpredictable results when applied to all ensuing URLs. It is added anyway  	[MsgId: MWAR-26593]
Action.c(27): web_add_auto_header("Content-Type") highest severity level was "warning"  	[MsgId: MMSG-26391]
Action.c(29): Rendezvous WCF集合点	[MsgId: MMSG-17988]
Virtual User Script started at : 2013-08-01 23:07:29	[MsgId: MMSG-15967]
Starting action vuser_init.	[MsgId: MMSG-15919]
Web Turbo Replay of LoadRunner 11.0.0 for WINXP; build 8859 (Aug 18 2010 20:14:31)  	[MsgId: MMSG-27143]
Run Mode: HTML  	[MsgId: MMSG-26000]
Run-Time Settings file: "C:\Documents and Settings\Administrator\Local Settings\Temp\lr5tmpdir5FX.676\lrcfgSI3.677\cfgSxg.680"  	[MsgId: MMSG-27141]
Ending action vuser_init.	[MsgId: MMSG-15918]
Running Vuser...	[MsgId: MMSG-15964]
Starting iteration 1.	[MsgId: MMSG-15968]
Starting action Action.	[MsgId: MMSG-15919]
Action.c(7): Registering web_reg_save_param was successful  	[MsgId: MMSG-26390]
Action.c(16): Registering web_reg_save_param was successful  	[MsgId: MMSG-26390]
Action.c(27): Warning -26593: The header being added may cause unpredictable results when applied to all ensuing URLs. It is added anyway  	[MsgId: MWAR-26593]
Action.c(27): web_add_auto_header("Content-Type") highest severity level was "warning"  	[MsgId: MMSG-26391]
Action.c(29): Rendezvous WCF集合点	[MsgId: MMSG-17988]
Virtual User Script started at : 2013-08-01 23:07:29	[MsgId: MMSG-15967]
Starting action vuser_init.	[MsgId: MMSG-15919]
Web Turbo Replay of LoadRunner 11.0.0 for WINXP; build 8859 (Aug 18 2010 20:14:31)  	[MsgId: MMSG-27143]
Run Mode: HTML  	[MsgId: MMSG-26000]
Run-Time Settings file: "C:\Documents and Settings\Administrator\Local Settings\Temp\lr5tmpdir5FX.676\lrcfgSI3.677\cfgSxg.680"  	[MsgId: MMSG-27141]
Ending action vuser_init.	[MsgId: MMSG-15918]
Running Vuser...	[MsgId: MMSG-15964]
Starting iteration 1.	[MsgId: MMSG-15968]
Starting action Action.	[MsgId: MMSG-15919]
Action.c(7): Registering web_reg_save_param was successful  	[MsgId: MMSG-26390]
Action.c(16): Registering web_reg_save_param was successful  	[MsgId: MMSG-26390]
Action.c(27): Warning -26593: The header being added may cause unpredictable results when applied to all ensuing URLs. It is added anyway  	[MsgId: MWAR-26593]
Action.c(27): web_add_auto_header("Content-Type") highest severity level was "warning"  	[MsgId: MMSG-26391]
Action.c(29): Rendezvous WCF集合点	[MsgId: MMSG-17988]
Virtual User Script started at : 2013-08-01 23:07:29	[MsgId: MMSG-15967]
Starting action vuser_init.	[MsgId: MMSG-15919]
Web Turbo Replay of LoadRunner 11.0.0 for WINXP; build 8859 (Aug 18 2010 20:14:31)  	[MsgId: MMSG-27143]
Run Mode: HTML  	[MsgId: MMSG-26000]
Run-Time Settings file: "C:\Documents and Settings\Administrator\Local Settings\Temp\lr5tmpdir5FX.676\lrcfgSI3.677\cfgSxg.680"  	[MsgId: MMSG-27141]
Ending action vuser_init.	[MsgId: MMSG-15918]
Running Vuser...	[MsgId: MMSG-15964]
Starting iteration 1.	[MsgId: MMSG-15968]
Starting action Action.	[MsgId: MMSG-15919]
Action.c(7): Registering web_reg_save_param was successful  	[MsgId: MMSG-26390]
Action.c(16): Registering web_reg_save_param was successful  	[MsgId: MMSG-26390]
Action.c(27): Warning -26593: The header being added may cause unpredictable results when applied to all ensuing URLs. It is added anyway  	[MsgId: MWAR-26593]
Action.c(27): web_add_auto_header("Content-Type") highest severity level was "warning"  	[MsgId: MMSG-26391]
Action.c(29): Rendezvous WCF集合点	[MsgId: MMSG-17988]
Virtual User Script started at : 2013-08-01 23:07:29	[MsgId: MMSG-15967]
Starting action vuser_init.	[MsgId: MMSG-15919]
Web Turbo Replay of LoadRunner 11.0.0 for WINXP; build 8859 (Aug 18 2010 20:14:31)  	[MsgId: MMSG-27143]
Run Mode: HTML  	[MsgId: MMSG-26000]
Run-Time Settings file: "C:\Documents and Settings\Administrator\Local Settings\Temp\lr5tmpdir5FX.676\lrcfgSI3.677\cfgSxg.680"  	[MsgId: MMSG-27141]
Ending action vuser_init.	[MsgId: MMSG-15918]
Running Vuser...	[MsgId: MMSG-15964]
Starting iteration 1.	[MsgId: MMSG-15968]
Starting action Action.	[MsgId: MMSG-15919]
Action.c(7): Registering web_reg_save_param was successful  	[MsgId: MMSG-26390]
Action.c(16): Registering web_reg_save_param was successful  	[MsgId: MMSG-26390]
Action.c(27): Warning -26593: The header being added may cause unpredictable results when applied to all ensuing URLs. It is added anyway  	[MsgId: MWAR-26593]
Action.c(27): web_add_auto_header("Content-Type") highest severity level was "warning"  	[MsgId: MMSG-26391]
Action.c(29): Rendezvous WCF集合点	[MsgId: MMSG-17988]
Virtual User Script started at : 2013-08-01 23:07:29	[MsgId: MMSG-15967]
Starting action vuser_init.	[MsgId: MMSG-15919]
Web Turbo Replay of LoadRunner 11.0.0 for WINXP; build 8859 (Aug 18 2010 20:14:31)  	[MsgId: MMSG-27143]
Run Mode: HTML  	[MsgId: MMSG-26000]
Run-Time Settings file: "C:\Documents and Settings\Administrator\Local Settings\Temp\lr5tmpdir5FX.676\lrcfgSI3.677\cfgSxg.680"  	[MsgId: MMSG-27141]
Ending action vuser_init.	[MsgId: MMSG-15918]
Running Vuser...	[MsgId: MMSG-15964]
Starting iteration 1.	[MsgId: MMSG-15968]
Starting action Action.	[MsgId: MMSG-15919]
Action.c(7): Registering web_reg_save_param was successful  	[MsgId: MMSG-26390]
Action.c(16): Registering web_reg_save_param was successful  	[MsgId: MMSG-26390]
Action.c(27): Warning -26593: The header being added may cause unpredictable results when applied to all ensuing URLs. It is added anyway  	[MsgId: MWAR-26593]
Action.c(27): web_add_auto_header("Content-Type") highest severity level was "warning"  	[MsgId: MMSG-26391]
Action.c(29): Rendezvous WCF集合点	[MsgId: MMSG-17988]
Virtual User Script started at : 2013-08-01 23:07:29	[MsgId: MMSG-15967]
Starting action vuser_init.	[MsgId: MMSG-15919]
Web Turbo Replay of LoadRunner 11.0.0 for WINXP; build 8859 (Aug 18 2010 20:14:31)  	[MsgId: MMSG-27143]
Run Mode: HTML  	[MsgId: MMSG-26000]
Run-Time Settings file: "C:\Documents and Settings\Administrator\Local Settings\Temp\lr5tmpdir5FX.676\lrcfgSI3.677\cfgSxg.680"  	[MsgId: MMSG-27141]
Ending action vuser_init.	[MsgId: MMSG-15918]
Running Vuser...	[MsgId: MMSG-15964]
Starting iteration 1.	[MsgId: MMSG-15968]
Starting action Action.	[MsgId: MMSG-15919]
Action.c(7): Registering web_reg_save_param was successful  	[MsgId: MMSG-26390]
Action.c(16): Registering web_reg_save_param was successful  	[MsgId: MMSG-26390]
Action.c(27): Warning -26593: The header being added may cause unpredictable results when applied to all ensuing URLs. It is added anyway  	[MsgId: MWAR-26593]
Action.c(27): web_add_auto_header("Content-Type") highest severity level was "warning"  	[MsgId: MMSG-26391]
Action.c(29): Rendezvous WCF集合点	[MsgId: MMSG-17988]
Virtual User Script started at : 2013-08-01 23:07:29	[MsgId: MMSG-15967]
Starting action vuser_init.	[MsgId: MMSG-15919]
Web Turbo Replay of LoadRunner 11.0.0 for WINXP; build 8859 (Aug 18 2010 20:14:31)  	[MsgId: MMSG-27143]
Run Mode: HTML  	[MsgId: MMSG-26000]
Run-Time Settings file: "C:\Documents and Settings\Administrator\Local Settings\Temp\lr5tmpdir5FX.676\lrcfgSI3.677\cfgSxg.680"  	[MsgId: MMSG-27141]
Ending action vuser_init.	[MsgId: MMSG-15918]
Running Vuser...	[MsgId: MMSG-15964]
Starting iteration 1.	[MsgId: MMSG-15968]
Starting action Action.	[MsgId: MMSG-15919]
Action.c(7): Registering web_reg_save_param was successful  	[MsgId: MMSG-26390]
Action.c(16): Registering web_reg_save_param was successful  	[MsgId: MMSG-26390]
Action.c(27): Warning -26593: The header being added may cause unpredictable results when applied to all ensuing URLs. It is added anyway  	[MsgId: MWAR-26593]
Action.c(27): web_add_auto_header("Content-Type") highest severity level was "warning"  	[MsgId: MMSG-26391]
Action.c(29): Rendezvous WCF集合点	[MsgId: MMSG-17988]
Virtual User Script started at : 2013-08-01 23:07:29	[MsgId: MMSG-15967]
Starting action vuser_init.	[MsgId: MMSG-15919]
Web Turbo Replay of LoadRunner 11.0.0 for WINXP; build 8859 (Aug 18 2010 20:14:31)  	[MsgId: MMSG-27143]
Run Mode: HTML  	[MsgId: MMSG-26000]
Run-Time Settings file: "C:\Documents and Settings\Administrator\Local Settings\Temp\lr5tmpdir5FX.676\lrcfgSI3.677\cfgSxg.680"  	[MsgId: MMSG-27141]
Ending action vuser_init.	[MsgId: MMSG-15918]
Running Vuser...	[MsgId: MMSG-15964]
Starting iteration 1.	[MsgId: MMSG-15968]
Starting action Action.	[MsgId: MMSG-15919]
Action.c(7): Registering web_reg_save_param was successful  	[MsgId: MMSG-26390]
Action.c(16): Registering web_reg_save_param was successful  	[MsgId: MMSG-26390]
Action.c(27): Warning -26593: The header being added may cause unpredictable results when applied to all ensuing URLs. It is added anyway  	[MsgId: MWAR-26593]
Action.c(27): web_add_auto_header("Content-Type") highest severity level was "warning"  	[MsgId: MMSG-26391]
Action.c(29): Rendezvous WCF集合点	[MsgId: MMSG-17988]
Virtual User Script started at : 2013-08-01 23:07:29	[MsgId: MMSG-15967]
Starting action vuser_init.	[MsgId: MMSG-15919]
Web Turbo Replay of LoadRunner 11.0.0 for WINXP; build 8859 (Aug 18 2010 20:14:31)  	[MsgId: MMSG-27143]
Run Mode: HTML  	[MsgId: MMSG-26000]
Run-Time Settings file: "C:\Documents and Settings\Administrator\Local Settings\Temp\lr5tmpdir5FX.676\lrcfgSI3.677\cfgSxg.680"  	[MsgId: MMSG-27141]
Ending action vuser_init.	[MsgId: MMSG-15918]
Running Vuser...	[MsgId: MMSG-15964]
Starting iteration 1.	[MsgId: MMSG-15968]
Starting action Action.	[MsgId: MMSG-15919]
Action.c(7): Registering web_reg_save_param was successful  	[MsgId: MMSG-26390]
Action.c(16): Registering web_reg_save_param was successful  	[MsgId: MMSG-26390]
Action.c(27): Warning -26593: The header being added may cause unpredictable results when applied to all ensuing URLs. It is added anyway  	[MsgId: MWAR-26593]
Action.c(27): web_add_auto_header("Content-Type") highest severity level was "warning"  	[MsgId: MMSG-26391]
Action.c(29): Rendezvous WCF集合点	[MsgId: MMSG-17988]
Virtual User Script started at : 2013-08-01 23:07:29	[MsgId: MMSG-15967]
Starting action vuser_init.	[MsgId: MMSG-15919]
Web Turbo Replay of LoadRunner 11.0.0 for WINXP; build 8859 (Aug 18 2010 20:14:31)  	[MsgId: MMSG-27143]
Run Mode: HTML  	[MsgId: MMSG-26000]
Run-Time Settings file: "C:\Documents and Settings\Administrator\Local Settings\Temp\lr5tmpdir5FX.676\lrcfgSI3.677\cfgSxg.680"  	[MsgId: MMSG-27141]
Ending action vuser_init.	[MsgId: MMSG-15918]
Running Vuser...	[MsgId: MMSG-15964]
Starting iteration 1.	[MsgId: MMSG-15968]
Starting action Action.	[MsgId: MMSG-15919]
Action.c(7): Registering web_reg_save_param was successful  	[MsgId: MMSG-26390]
Action.c(16): Registering web_reg_save_param was successful  	[MsgId: MMSG-26390]
Action.c(27): Warning -26593: The header being added may cause unpredictable results when applied to all ensuing URLs. It is added anyway  	[MsgId: MWAR-26593]
Action.c(27): web_add_auto_header("Content-Type") highest severity level was "warning"  	[MsgId: MMSG-26391]
Action.c(29): Rendezvous WCF集合点	[MsgId: MMSG-17988]
Virtual User Script started at : 2013-08-01 23:07:29	[MsgId: MMSG-15967]
Starting action vuser_init.	[MsgId: MMSG-15919]
Web Turbo Replay of LoadRunner 11.0.0 for WINXP; build 8859 (Aug 18 2010 20:14:31)  	[MsgId: MMSG-27143]
Run Mode: HTML  	[MsgId: MMSG-26000]
Run-Time Settings file: "C:\Documents and Settings\Administrator\Local Settings\Temp\lr5tmpdir5FX.676\lrcfgSI3.677\cfgSxg.680"  	[MsgId: MMSG-27141]
Ending action vuser_init.	[MsgId: MMSG-15918]
Running Vuser...	[MsgId: MMSG-15964]
Starting iteration 1.	[MsgId: MMSG-15968]
Starting action Action.	[MsgId: MMSG-15919]
Action.c(7): Registering web_reg_save_param was successful  	[MsgId: MMSG-26390]
Action.c(16): Registering web_reg_save_param was successful  	[MsgId: MMSG-26390]
Action.c(27): Warning -26593: The header being added may cause unpredictable results when applied to all ensuing URLs. It is added anyway  	[MsgId: MWAR-26593]
Action.c(27): web_add_auto_header("Content-Type") highest severity level was "warning"  	[MsgId: MMSG-26391]
Action.c(29): Rendezvous WCF集合点	[MsgId: MMSG-17988]
Virtual User Script started at : 2013-08-01 23:07:29	[MsgId: MMSG-15967]
Starting action vuser_init.	[MsgId: MMSG-15919]
Web Turbo Replay of LoadRunner 11.0.0 for WINXP; build 8859 (Aug 18 2010 20:14:31)  	[MsgId: MMSG-27143]
Run Mode: HTML  	[MsgId: MMSG-26000]
Run-Time Settings file: "C:\Documents and Settings\Administrator\Local Settings\Temp\lr5tmpdir5FX.676\lrcfgSI3.677\cfgSxg.680"  	[MsgId: MMSG-27141]
Ending action vuser_init.	[MsgId: MMSG-15918]
Running Vuser...	[MsgId: MMSG-15964]
Starting iteration 1.	[MsgId: MMSG-15968]
Starting action Action.	[MsgId: MMSG-15919]
Action.c(7): Registering web_reg_save_param was successful  	[MsgId: MMSG-26390]
Action.c(16): Registering web_reg_save_param was successful  	[MsgId: MMSG-26390]
Action.c(27): Warning -26593: The header being added may cause unpredictable results when applied to all ensuing URLs. It is added anyway  	[MsgId: MWAR-26593]
Action.c(27): web_add_auto_header("Content-Type") highest severity level was "warning"  	[MsgId: MMSG-26391]
Action.c(29): Rendezvous WCF集合点	[MsgId: MMSG-17988]
Virtual User Script started at : 2013-08-01 23:07:30	[MsgId: MMSG-15967]
Virtual User Script started at : 2013-08-01 23:07:30	[MsgId: MMSG-15967]
Starting action vuser_init.	[MsgId: MMSG-15919]
Web Turbo Replay of LoadRunner 11.0.0 for WINXP; build 8859 (Aug 18 2010 20:14:31)  	[MsgId: MMSG-27143]
Run Mode: HTML  	[MsgId: MMSG-26000]
Run-Time Settings file: "C:\Documents and Settings\Administrator\Local Settings\Temp\lr5tmpdir5FX.676\lrcfgSI3.677\cfgSxg.680"  	[MsgId: MMSG-27141]
Starting action vuser_init.	[MsgId: MMSG-15919]
Web Turbo Replay of LoadRunner 11.0.0 for WINXP; build 8859 (Aug 18 2010 20:14:31)  	[MsgId: MMSG-27143]
Ending action vuser_init.	[MsgId: MMSG-15918]
Running Vuser...	[MsgId: MMSG-15964]
Run Mode: HTML  	[MsgId: MMSG-26000]
Run-Time Settings file: "C:\Documents and Settings\Administrator\Local Settings\Temp\lr5tmpdir5FX.676\lrcfgSI3.677\cfgSxg.680"  	[MsgId: MMSG-27141]
Ending action vuser_init.	[MsgId: MMSG-15918]
Running Vuser...	[MsgId: MMSG-15964]
Starting iteration 1.	[MsgId: MMSG-15968]
Starting action Action.	[MsgId: MMSG-15919]
Action.c(7): Registering web_reg_save_param was successful  	[MsgId: MMSG-26390]
Starting iteration 1.	[MsgId: MMSG-15968]
Virtual User Script started at : 2013-08-01 23:07:30	[MsgId: MMSG-15967]
Starting action Action.	[MsgId: MMSG-15919]
Action.c(7): Registering web_reg_save_param was successful  	[MsgId: MMSG-26390]
Action.c(16): Registering web_reg_save_param was successful  	[MsgId: MMSG-26390]
Action.c(27): Warning -26593: The header being added may cause unpredictable results when applied to all ensuing URLs. It is added anyway  	[MsgId: MWAR-26593]
Action.c(27): web_add_auto_header("Content-Type") highest severity level was "warning"  	[MsgId: MMSG-26391]
Action.c(29): Rendezvous WCF集合点	[MsgId: MMSG-17988]
Starting action vuser_init.	[MsgId: MMSG-15919]
Web Turbo Replay of LoadRunner 11.0.0 for WINXP; build 8859 (Aug 18 2010 20:14:31)  	[MsgId: MMSG-27143]
Virtual User Script started at : 2013-08-01 23:07:30	[MsgId: MMSG-15967]
Run Mode: HTML  	[MsgId: MMSG-26000]
Run-Time Settings file: "C:\Documents and Settings\Administrator\Local Settings\Temp\lr5tmpdir5FX.676\lrcfgSI3.677\cfgSxg.680"  	[MsgId: MMSG-27141]
Ending action vuser_init.	[MsgId: MMSG-15918]
Running Vuser...	[MsgId: MMSG-15964]
Action.c(16): Registering web_reg_save_param was successful  	[MsgId: MMSG-26390]
Action.c(27): Warning -26593: The header being added may cause unpredictable results when applied to all ensuing URLs. It is added anyway  	[MsgId: MWAR-26593]
Action.c(27): web_add_auto_header("Content-Type") highest severity level was "warning"  	[MsgId: MMSG-26391]
Action.c(29): Rendezvous WCF集合点	[MsgId: MMSG-17988]
Starting action vuser_init.	[MsgId: MMSG-15919]
Web Turbo Replay of LoadRunner 11.0.0 for WINXP; build 8859 (Aug 18 2010 20:14:31)  	[MsgId: MMSG-27143]
Run Mode: HTML  	[MsgId: MMSG-26000]
Run-Time Settings file: "C:\Documents and Settings\Administrator\Local Settings\Temp\lr5tmpdir5FX.676\lrcfgSI3.677\cfgSxg.680"  	[MsgId: MMSG-27141]
Ending action vuser_init.	[MsgId: MMSG-15918]
Running Vuser...	[MsgId: MMSG-15964]
Starting iteration 1.	[MsgId: MMSG-15968]
Starting action Action.	[MsgId: MMSG-15919]
Action.c(7): Registering web_reg_save_param was successful  	[MsgId: MMSG-26390]
Action.c(16): Registering web_reg_save_param was successful  	[MsgId: MMSG-26390]
Action.c(27): Warning -26593: The header being added may cause unpredictable results when applied to all ensuing URLs. It is added anyway  	[MsgId: MWAR-26593]
Action.c(27): web_add_auto_header("Content-Type") highest severity level was "warning"  	[MsgId: MMSG-26391]
Action.c(29): Rendezvous WCF集合点	[MsgId: MMSG-17988]
Starting iteration 1.	[MsgId: MMSG-15968]
Starting action Action.	[MsgId: MMSG-15919]
Action.c(7): Registering web_reg_save_param was successful  	[MsgId: MMSG-26390]
Action.c(16): Registering web_reg_save_param was successful  	[MsgId: MMSG-26390]
Action.c(27): Warning -26593: The header being added may cause unpredictable results when applied to all ensuing URLs. It is added anyway  	[MsgId: MWAR-26593]
Action.c(27): web_add_auto_header("Content-Type") highest severity level was "warning"  	[MsgId: MMSG-26391]
Action.c(29): Rendezvous WCF集合点	[MsgId: MMSG-17988]
Virtual User Script started at : 2013-08-01 23:07:30	[MsgId: MMSG-15967]
Starting action vuser_init.	[MsgId: MMSG-15919]
Web Turbo Replay of LoadRunner 11.0.0 for WINXP; build 8859 (Aug 18 2010 20:14:31)  	[MsgId: MMSG-27143]
Run Mode: HTML  	[MsgId: MMSG-26000]
Run-Time Settings file: "C:\Documents and Settings\Administrator\Local Settings\Temp\lr5tmpdir5FX.676\lrcfgSI3.677\cfgSxg.680"  	[MsgId: MMSG-27141]
Ending action vuser_init.	[MsgId: MMSG-15918]
Running Vuser...	[MsgId: MMSG-15964]
Starting iteration 1.	[MsgId: MMSG-15968]
Starting action Action.	[MsgId: MMSG-15919]
Action.c(7): Registering web_reg_save_param was successful  	[MsgId: MMSG-26390]
Action.c(16): Registering web_reg_save_param was successful  	[MsgId: MMSG-26390]
Action.c(27): Warning -26593: The header being added may cause unpredictable results when applied to all ensuing URLs. It is added anyway  	[MsgId: MWAR-26593]
Action.c(27): web_add_auto_header("Content-Type") highest severity level was "warning"  	[MsgId: MMSG-26391]
Action.c(29): Rendezvous WCF集合点	[MsgId: MMSG-17988]
Virtual User Script started at : 2013-08-01 23:07:30	[MsgId: MMSG-15967]
Starting action vuser_init.	[MsgId: MMSG-15919]
Web Turbo Replay of LoadRunner 11.0.0 for WINXP; build 8859 (Aug 18 2010 20:14:31)  	[MsgId: MMSG-27143]
Run Mode: HTML  	[MsgId: MMSG-26000]
Run-Time Settings file: "C:\Documents and Settings\Administrator\Local Settings\Temp\lr5tmpdir5FX.676\lrcfgSI3.677\cfgSxg.680"  	[MsgId: MMSG-27141]
Ending action vuser_init.	[MsgId: MMSG-15918]
Running Vuser...	[MsgId: MMSG-15964]
Starting iteration 1.	[MsgId: MMSG-15968]
Starting action Action.	[MsgId: MMSG-15919]
Action.c(7): Registering web_reg_save_param was successful  	[MsgId: MMSG-26390]
Action.c(16): Registering web_reg_save_param was successful  	[MsgId: MMSG-26390]
Action.c(27): Warning -26593: The header being added may cause unpredictable results when applied to all ensuing URLs. It is added anyway  	[MsgId: MWAR-26593]
Action.c(27): web_add_auto_header("Content-Type") highest severity level was "warning"  	[MsgId: MMSG-26391]
Action.c(29): Rendezvous WCF集合点	[MsgId: MMSG-17988]
Virtual User Script started at : 2013-08-01 23:07:30	[MsgId: MMSG-15967]
Starting action vuser_init.	[MsgId: MMSG-15919]
Web Turbo Replay of LoadRunner 11.0.0 for WINXP; build 8859 (Aug 18 2010 20:14:31)  	[MsgId: MMSG-27143]
Run Mode: HTML  	[MsgId: MMSG-26000]
Run-Time Settings file: "C:\Documents and Settings\Administrator\Local Settings\Temp\lr5tmpdir5FX.676\lrcfgSI3.677\cfgSxg.680"  	[MsgId: MMSG-27141]
Ending action vuser_init.	[MsgId: MMSG-15918]
Running Vuser...	[MsgId: MMSG-15964]
Starting iteration 1.	[MsgId: MMSG-15968]
Starting action Action.	[MsgId: MMSG-15919]
Action.c(7): Registering web_reg_save_param was successful  	[MsgId: MMSG-26390]
Action.c(16): Registering web_reg_save_param was successful  	[MsgId: MMSG-26390]
Action.c(27): Warning -26593: The header being added may cause unpredictable results when applied to all ensuing URLs. It is added anyway  	[MsgId: MWAR-26593]
Action.c(27): web_add_auto_header("Content-Type") highest severity level was "warning"  	[MsgId: MMSG-26391]
Action.c(29): Rendezvous WCF集合点	[MsgId: MMSG-17988]
Virtual User Script started at : 2013-08-01 23:07:30	[MsgId: MMSG-15967]
Starting action vuser_init.	[MsgId: MMSG-15919]
Web Turbo Replay of LoadRunner 11.0.0 for WINXP; build 8859 (Aug 18 2010 20:14:31)  	[MsgId: MMSG-27143]
Run Mode: HTML  	[MsgId: MMSG-26000]
Run-Time Settings file: "C:\Documents and Settings\Administrator\Local Settings\Temp\lr5tmpdir5FX.676\lrcfgSI3.677\cfgSxg.680"  	[MsgId: MMSG-27141]
Ending action vuser_init.	[MsgId: MMSG-15918]
Running Vuser...	[MsgId: MMSG-15964]
Starting iteration 1.	[MsgId: MMSG-15968]
Starting action Action.	[MsgId: MMSG-15919]
Action.c(7): Registering web_reg_save_param was successful  	[MsgId: MMSG-26390]
Action.c(16): Registering web_reg_save_param was successful  	[MsgId: MMSG-26390]
Action.c(27): Warning -26593: The header being added may cause unpredictable results when applied to all ensuing URLs. It is added anyway  	[MsgId: MWAR-26593]
Action.c(27): web_add_auto_header("Content-Type") highest severity level was "warning"  	[MsgId: MMSG-26391]
Action.c(29): Rendezvous WCF集合点	[MsgId: MMSG-17988]
Virtual User Script started at : 2013-08-01 23:07:30	[MsgId: MMSG-15967]
Starting action vuser_init.	[MsgId: MMSG-15919]
Web Turbo Replay of LoadRunner 11.0.0 for WINXP; build 8859 (Aug 18 2010 20:14:31)  	[MsgId: MMSG-27143]
Run Mode: HTML  	[MsgId: MMSG-26000]
Run-Time Settings file: "C:\Documents and Settings\Administrator\Local Settings\Temp\lr5tmpdir5FX.676\lrcfgSI3.677\cfgSxg.680"  	[MsgId: MMSG-27141]
Ending action vuser_init.	[MsgId: MMSG-15918]
Running Vuser...	[MsgId: MMSG-15964]
Starting iteration 1.	[MsgId: MMSG-15968]
Starting action Action.	[MsgId: MMSG-15919]
Action.c(7): Registering web_reg_save_param was successful  	[MsgId: MMSG-26390]
Action.c(16): Registering web_reg_save_param was successful  	[MsgId: MMSG-26390]
Action.c(27): Warning -26593: The header being added may cause unpredictable results when applied to all ensuing URLs. It is added anyway  	[MsgId: MWAR-26593]
Action.c(27): web_add_auto_header("Content-Type") highest severity level was "warning"  	[MsgId: MMSG-26391]
Action.c(29): Rendezvous WCF集合点	[MsgId: MMSG-17988]
Virtual User Script started at : 2013-08-01 23:07:30	[MsgId: MMSG-15967]
Starting action vuser_init.	[MsgId: MMSG-15919]
Web Turbo Replay of LoadRunner 11.0.0 for WINXP; build 8859 (Aug 18 2010 20:14:31)  	[MsgId: MMSG-27143]
Run Mode: HTML  	[MsgId: MMSG-26000]
Run-Time Settings file: "C:\Documents and Settings\Administrator\Local Settings\Temp\lr5tmpdir5FX.676\lrcfgSI3.677\cfgSxg.680"  	[MsgId: MMSG-27141]
Ending action vuser_init.	[MsgId: MMSG-15918]
Running Vuser...	[MsgId: MMSG-15964]
Starting iteration 1.	[MsgId: MMSG-15968]
Starting action Action.	[MsgId: MMSG-15919]
Action.c(7): Registering web_reg_save_param was successful  	[MsgId: MMSG-26390]
Action.c(16): Registering web_reg_save_param was successful  	[MsgId: MMSG-26390]
Action.c(27): Warning -26593: The header being added may cause unpredictable results when applied to all ensuing URLs. It is added anyway  	[MsgId: MWAR-26593]
Action.c(27): web_add_auto_header("Content-Type") highest severity level was "warning"  	[MsgId: MMSG-26391]
Action.c(29): Rendezvous WCF集合点	[MsgId: MMSG-17988]
Virtual User Script started at : 2013-08-01 23:07:30	[MsgId: MMSG-15967]
Starting action vuser_init.	[MsgId: MMSG-15919]
Web Turbo Replay of LoadRunner 11.0.0 for WINXP; build 8859 (Aug 18 2010 20:14:31)  	[MsgId: MMSG-27143]
Run Mode: HTML  	[MsgId: MMSG-26000]
Run-Time Settings file: "C:\Documents and Settings\Administrator\Local Settings\Temp\lr5tmpdir5FX.676\lrcfgSI3.677\cfgSxg.680"  	[MsgId: MMSG-27141]
Ending action vuser_init.	[MsgId: MMSG-15918]
Running Vuser...	[MsgId: MMSG-15964]
Starting iteration 1.	[MsgId: MMSG-15968]
Starting action Action.	[MsgId: MMSG-15919]
Action.c(7): Registering web_reg_save_param was successful  	[MsgId: MMSG-26390]
Action.c(16): Registering web_reg_save_param was successful  	[MsgId: MMSG-26390]
Action.c(27): Warning -26593: The header being added may cause unpredictable results when applied to all ensuing URLs. It is added anyway  	[MsgId: MWAR-26593]
Action.c(27): web_add_auto_header("Content-Type") highest severity level was "warning"  	[MsgId: MMSG-26391]
Action.c(29): Rendezvous WCF集合点	[MsgId: MMSG-17988]
Virtual User Script started at : 2013-08-01 23:07:30	[MsgId: MMSG-15967]
Starting action vuser_init.	[MsgId: MMSG-15919]
Web Turbo Replay of LoadRunner 11.0.0 for WINXP; build 8859 (Aug 18 2010 20:14:31)  	[MsgId: MMSG-27143]
Run Mode: HTML  	[MsgId: MMSG-26000]
Run-Time Settings file: "C:\Documents and Settings\Administrator\Local Settings\Temp\lr5tmpdir5FX.676\lrcfgSI3.677\cfgSxg.680"  	[MsgId: MMSG-27141]
Ending action vuser_init.	[MsgId: MMSG-15918]
Running Vuser...	[MsgId: MMSG-15964]
Starting iteration 1.	[MsgId: MMSG-15968]
Starting action Action.	[MsgId: MMSG-15919]
Action.c(7): Registering web_reg_save_param was successful  	[MsgId: MMSG-26390]
Action.c(16): Registering web_reg_save_param was successful  	[MsgId: MMSG-26390]
Action.c(27): Warning -26593: The header being added may cause unpredictable results when applied to all ensuing URLs. It is added anyway  	[MsgId: MWAR-26593]
Action.c(27): web_add_auto_header("Content-Type") highest severity level was "warning"  	[MsgId: MMSG-26391]
Action.c(29): Rendezvous WCF集合点	[MsgId: MMSG-17988]
Virtual User Script started at : 2013-08-01 23:07:30	[MsgId: MMSG-15967]
Starting action vuser_init.	[MsgId: MMSG-15919]
Web Turbo Replay of LoadRunner 11.0.0 for WINXP; build 8859 (Aug 18 2010 20:14:31)  	[MsgId: MMSG-27143]
Run Mode: HTML  	[MsgId: MMSG-26000]
Run-Time Settings file: "C:\Documents and Settings\Administrator\Local Settings\Temp\lr5tmpdir5FX.676\lrcfgSI3.677\cfgSxg.680"  	[MsgId: MMSG-27141]
Ending action vuser_init.	[MsgId: MMSG-15918]
Running Vuser...	[MsgId: MMSG-15964]
Starting iteration 1.	[MsgId: MMSG-15968]
Starting action Action.	[MsgId: MMSG-15919]
Action.c(7): Registering web_reg_save_param was successful  	[MsgId: MMSG-26390]
Action.c(16): Registering web_reg_save_param was successful  	[MsgId: MMSG-26390]
Action.c(27): Warning -26593: The header being added may cause unpredictable results when applied to all ensuing URLs. It is added anyway  	[MsgId: MWAR-26593]
Action.c(27): web_add_auto_header("Content-Type") highest severity level was "warning"  	[MsgId: MMSG-26391]
Action.c(29): Rendezvous WCF集合点	[MsgId: MMSG-17988]
Virtual User Script started at : 2013-08-01 23:07:30	[MsgId: MMSG-15967]
Starting action vuser_init.	[MsgId: MMSG-15919]
Web Turbo Replay of LoadRunner 11.0.0 for WINXP; build 8859 (Aug 18 2010 20:14:31)  	[MsgId: MMSG-27143]
Run Mode: HTML  	[MsgId: MMSG-26000]
Run-Time Settings file: "C:\Documents and Settings\Administrator\Local Settings\Temp\lr5tmpdir5FX.676\lrcfgSI3.677\cfgSxg.680"  	[MsgId: MMSG-27141]
Ending action vuser_init.	[MsgId: MMSG-15918]
Running Vuser...	[MsgId: MMSG-15964]
Starting iteration 1.	[MsgId: MMSG-15968]
Starting action Action.	[MsgId: MMSG-15919]
Action.c(7): Registering web_reg_save_param was successful  	[MsgId: MMSG-26390]
Action.c(16): Registering web_reg_save_param was successful  	[MsgId: MMSG-26390]
Action.c(27): Warning -26593: The header being added may cause unpredictable results when applied to all ensuing URLs. It is added anyway  	[MsgId: MWAR-26593]
Action.c(27): web_add_auto_header("Content-Type") highest severity level was "warning"  	[MsgId: MMSG-26391]
Action.c(29): Rendezvous WCF集合点	[MsgId: MMSG-17988]
Virtual User Script started at : 2013-08-01 23:07:30	[MsgId: MMSG-15967]
Starting action vuser_init.	[MsgId: MMSG-15919]
Web Turbo Replay of LoadRunner 11.0.0 for WINXP; build 8859 (Aug 18 2010 20:14:31)  	[MsgId: MMSG-27143]
Run Mode: HTML  	[MsgId: MMSG-26000]
Run-Time Settings file: "C:\Documents and Settings\Administrator\Local Settings\Temp\lr5tmpdir5FX.676\lrcfgSI3.677\cfgSxg.680"  	[MsgId: MMSG-27141]
Ending action vuser_init.	[MsgId: MMSG-15918]
Running Vuser...	[MsgId: MMSG-15964]
Starting iteration 1.	[MsgId: MMSG-15968]
Starting action Action.	[MsgId: MMSG-15919]
Action.c(7): Registering web_reg_save_param was successful  	[MsgId: MMSG-26390]
Action.c(16): Registering web_reg_save_param was successful  	[MsgId: MMSG-26390]
Action.c(27): Warning -26593: The header being added may cause unpredictable results when applied to all ensuing URLs. It is added anyway  	[MsgId: MWAR-26593]
Action.c(27): web_add_auto_header("Content-Type") highest severity level was "warning"  	[MsgId: MMSG-26391]
Action.c(29): Rendezvous WCF集合点	[MsgId: MMSG-17988]
Virtual User Script started at : 2013-08-01 23:07:30	[MsgId: MMSG-15967]
Starting action vuser_init.	[MsgId: MMSG-15919]
Web Turbo Replay of LoadRunner 11.0.0 for WINXP; build 8859 (Aug 18 2010 20:14:31)  	[MsgId: MMSG-27143]
Run Mode: HTML  	[MsgId: MMSG-26000]
Run-Time Settings file: "C:\Documents and Settings\Administrator\Local Settings\Temp\lr5tmpdir5FX.676\lrcfgSI3.677\cfgSxg.680"  	[MsgId: MMSG-27141]
Ending action vuser_init.	[MsgId: MMSG-15918]
Running Vuser...	[MsgId: MMSG-15964]
Starting iteration 1.	[MsgId: MMSG-15968]
Starting action Action.	[MsgId: MMSG-15919]
Action.c(7): Registering web_reg_save_param was successful  	[MsgId: MMSG-26390]
Action.c(16): Registering web_reg_save_param was successful  	[MsgId: MMSG-26390]
Action.c(27): Warning -26593: The header being added may cause unpredictable results when applied to all ensuing URLs. It is added anyway  	[MsgId: MWAR-26593]
Action.c(27): web_add_auto_header("Content-Type") highest severity level was "warning"  	[MsgId: MMSG-26391]
Action.c(29): Rendezvous WCF集合点	[MsgId: MMSG-17988]
Virtual User Script started at : 2013-08-01 23:07:30	[MsgId: MMSG-15967]
Starting action vuser_init.	[MsgId: MMSG-15919]
Web Turbo Replay of LoadRunner 11.0.0 for WINXP; build 8859 (Aug 18 2010 20:14:31)  	[MsgId: MMSG-27143]
Run Mode: HTML  	[MsgId: MMSG-26000]
Run-Time Settings file: "C:\Documents and Settings\Administrator\Local Settings\Temp\lr5tmpdir5FX.676\lrcfgSI3.677\cfgSxg.680"  	[MsgId: MMSG-27141]
Ending action vuser_init.	[MsgId: MMSG-15918]
Running Vuser...	[MsgId: MMSG-15964]
Virtual User Script started at : 2013-08-01 23:07:30	[MsgId: MMSG-15967]
Starting action vuser_init.	[MsgId: MMSG-15919]
Web Turbo Replay of LoadRunner 11.0.0 for WINXP; build 8859 (Aug 18 2010 20:14:31)  	[MsgId: MMSG-27143]
Run Mode: HTML  	[MsgId: MMSG-26000]
Run-Time Settings file: "C:\Documents and Settings\Administrator\Local Settings\Temp\lr5tmpdir5FX.676\lrcfgSI3.677\cfgSxg.680"  	[MsgId: MMSG-27141]
Ending action vuser_init.	[MsgId: MMSG-15918]
Running Vuser...	[MsgId: MMSG-15964]
Starting iteration 1.	[MsgId: MMSG-15968]
Starting action Action.	[MsgId: MMSG-15919]
Action.c(7): Registering web_reg_save_param was successful  	[MsgId: MMSG-26390]
Starting iteration 1.	[MsgId: MMSG-15968]
Action.c(16): Registering web_reg_save_param was successful  	[MsgId: MMSG-26390]
Action.c(27): Warning -26593: The header being added may cause unpredictable results when applied to all ensuing URLs. It is added anyway  	[MsgId: MWAR-26593]
Starting action Action.	[MsgId: MMSG-15919]
Action.c(7): Registering web_reg_save_param was successful  	[MsgId: MMSG-26390]
Action.c(27): web_add_auto_header("Content-Type") highest severity level was "warning"  	[MsgId: MMSG-26391]
Action.c(29): Rendezvous WCF集合点	[MsgId: MMSG-17988]
Action.c(16): Registering web_reg_save_param was successful  	[MsgId: MMSG-26390]
Action.c(27): Warning -26593: The header being added may cause unpredictable results when applied to all ensuing URLs. It is added anyway  	[MsgId: MWAR-26593]
Action.c(27): web_add_auto_header("Content-Type") highest severity level was "warning"  	[MsgId: MMSG-26391]
Action.c(29): Rendezvous WCF集合点	[MsgId: MMSG-17988]
Virtual User Script started at : 2013-08-01 23:07:30	[MsgId: MMSG-15967]
Starting action vuser_init.	[MsgId: MMSG-15919]
Web Turbo Replay of LoadRunner 11.0.0 for WINXP; build 8859 (Aug 18 2010 20:14:31)  	[MsgId: MMSG-27143]
Run Mode: HTML  	[MsgId: MMSG-26000]
Run-Time Settings file: "C:\Documents and Settings\Administrator\Local Settings\Temp\lr5tmpdir5FX.676\lrcfgSI3.677\cfgSxg.680"  	[MsgId: MMSG-27141]
Ending action vuser_init.	[MsgId: MMSG-15918]
Running Vuser...	[MsgId: MMSG-15964]
Virtual User Script started at : 2013-08-01 23:07:30	[MsgId: MMSG-15967]
Starting action vuser_init.	[MsgId: MMSG-15919]
Web Turbo Replay of LoadRunner 11.0.0 for WINXP; build 8859 (Aug 18 2010 20:14:31)  	[MsgId: MMSG-27143]
Run Mode: HTML  	[MsgId: MMSG-26000]
Run-Time Settings file: "C:\Documents and Settings\Administrator\Local Settings\Temp\lr5tmpdir5FX.676\lrcfgSI3.677\cfgSxg.680"  	[MsgId: MMSG-27141]
Ending action vuser_init.	[MsgId: MMSG-15918]
Running Vuser...	[MsgId: MMSG-15964]
Starting iteration 1.	[MsgId: MMSG-15968]
Starting iteration 1.	[MsgId: MMSG-15968]
Starting action Action.	[MsgId: MMSG-15919]
Action.c(7): Registering web_reg_save_param was successful  	[MsgId: MMSG-26390]
Action.c(16): Registering web_reg_save_param was successful  	[MsgId: MMSG-26390]
Action.c(27): Warning -26593: The header being added may cause unpredictable results when applied to all ensuing URLs. It is added anyway  	[MsgId: MWAR-26593]
Action.c(27): web_add_auto_header("Content-Type") highest severity level was "warning"  	[MsgId: MMSG-26391]
Action.c(29): Rendezvous WCF集合点	[MsgId: MMSG-17988]
Starting action Action.	[MsgId: MMSG-15919]
Action.c(7): Registering web_reg_save_param was successful  	[MsgId: MMSG-26390]
Action.c(16): Registering web_reg_save_param was successful  	[MsgId: MMSG-26390]
Action.c(27): Warning -26593: The header being added may cause unpredictable results when applied to all ensuing URLs. It is added anyway  	[MsgId: MWAR-26593]
Action.c(27): web_add_auto_header("Content-Type") highest severity level was "warning"  	[MsgId: MMSG-26391]
Action.c(29): Rendezvous WCF集合点	[MsgId: MMSG-17988]
Virtual User Script started at : 2013-08-01 23:07:30	[MsgId: MMSG-15967]
Starting action vuser_init.	[MsgId: MMSG-15919]
Web Turbo Replay of LoadRunner 11.0.0 for WINXP; build 8859 (Aug 18 2010 20:14:31)  	[MsgId: MMSG-27143]
Run Mode: HTML  	[MsgId: MMSG-26000]
Run-Time Settings file: "C:\Documents and Settings\Administrator\Local Settings\Temp\lr5tmpdir5FX.676\lrcfgSI3.677\cfgSxg.680"  	[MsgId: MMSG-27141]
Ending action vuser_init.	[MsgId: MMSG-15918]
Running Vuser...	[MsgId: MMSG-15964]
Starting iteration 1.	[MsgId: MMSG-15968]
Starting action Action.	[MsgId: MMSG-15919]
Action.c(7): Registering web_reg_save_param was successful  	[MsgId: MMSG-26390]
Action.c(16): Registering web_reg_save_param was successful  	[MsgId: MMSG-26390]
Action.c(27): Warning -26593: The header being added may cause unpredictable results when applied to all ensuing URLs. It is added anyway  	[MsgId: MWAR-26593]
Action.c(27): web_add_auto_header("Content-Type") highest severity level was "warning"  	[MsgId: MMSG-26391]
Action.c(29): Rendezvous WCF集合点	[MsgId: MMSG-17988]
Virtual User Script started at : 2013-08-01 23:07:30	[MsgId: MMSG-15967]
Starting action vuser_init.	[MsgId: MMSG-15919]
Web Turbo Replay of LoadRunner 11.0.0 for WINXP; build 8859 (Aug 18 2010 20:14:31)  	[MsgId: MMSG-27143]
Run Mode: HTML  	[MsgId: MMSG-26000]
Run-Time Settings file: "C:\Documents and Settings\Administrator\Local Settings\Temp\lr5tmpdir5FX.676\lrcfgSI3.677\cfgSxg.680"  	[MsgId: MMSG-27141]
Ending action vuser_init.	[MsgId: MMSG-15918]
Running Vuser...	[MsgId: MMSG-15964]
Starting iteration 1.	[MsgId: MMSG-15968]
Starting action Action.	[MsgId: MMSG-15919]
Action.c(7): Registering web_reg_save_param was successful  	[MsgId: MMSG-26390]
Action.c(16): Registering web_reg_save_param was successful  	[MsgId: MMSG-26390]
Action.c(27): Warning -26593: The header being added may cause unpredictable results when applied to all ensuing URLs. It is added anyway  	[MsgId: MWAR-26593]
Action.c(27): web_add_auto_header("Content-Type") highest severity level was "warning"  	[MsgId: MMSG-26391]
Action.c(29): Rendezvous WCF集合点	[MsgId: MMSG-17988]
Virtual User Script started at : 2013-08-01 23:07:30	[MsgId: MMSG-15967]
Starting action vuser_init.	[MsgId: MMSG-15919]
Web Turbo Replay of LoadRunner 11.0.0 for WINXP; build 8859 (Aug 18 2010 20:14:31)  	[MsgId: MMSG-27143]
Run Mode: HTML  	[MsgId: MMSG-26000]
Run-Time Settings file: "C:\Documents and Settings\Administrator\Local Settings\Temp\lr5tmpdir5FX.676\lrcfgSI3.677\cfgSxg.680"  	[MsgId: MMSG-27141]
Ending action vuser_init.	[MsgId: MMSG-15918]
Running Vuser...	[MsgId: MMSG-15964]
Starting iteration 1.	[MsgId: MMSG-15968]
Starting action Action.	[MsgId: MMSG-15919]
Action.c(7): Registering web_reg_save_param was successful  	[MsgId: MMSG-26390]
Action.c(16): Registering web_reg_save_param was successful  	[MsgId: MMSG-26390]
Action.c(27): Warning -26593: The header being added may cause unpredictable results when applied to all ensuing URLs. It is added anyway  	[MsgId: MWAR-26593]
Action.c(27): web_add_auto_header("Content-Type") highest severity level was "warning"  	[MsgId: MMSG-26391]
Action.c(29): Rendezvous WCF集合点	[MsgId: MMSG-17988]
Virtual User Script started at : 2013-08-01 23:07:30	[MsgId: MMSG-15967]
Starting action vuser_init.	[MsgId: MMSG-15919]
Web Turbo Replay of LoadRunner 11.0.0 for WINXP; build 8859 (Aug 18 2010 20:14:31)  	[MsgId: MMSG-27143]
Run Mode: HTML  	[MsgId: MMSG-26000]
Run-Time Settings file: "C:\Documents and Settings\Administrator\Local Settings\Temp\lr5tmpdir5FX.676\lrcfgSI3.677\cfgSxg.680"  	[MsgId: MMSG-27141]
Ending action vuser_init.	[MsgId: MMSG-15918]
Running Vuser...	[MsgId: MMSG-15964]
Virtual User Script started at : 2013-08-01 23:07:30	[MsgId: MMSG-15967]
Starting action vuser_init.	[MsgId: MMSG-15919]
Web Turbo Replay of LoadRunner 11.0.0 for WINXP; build 8859 (Aug 18 2010 20:14:31)  	[MsgId: MMSG-27143]
Run Mode: HTML  	[MsgId: MMSG-26000]
Run-Time Settings file: "C:\Documents and Settings\Administrator\Local Settings\Temp\lr5tmpdir5FX.676\lrcfgSI3.677\cfgSxg.680"  	[MsgId: MMSG-27141]
Ending action vuser_init.	[MsgId: MMSG-15918]
Running Vuser...	[MsgId: MMSG-15964]
Starting iteration 1.	[MsgId: MMSG-15968]
Starting action Action.	[MsgId: MMSG-15919]
Action.c(7): Registering web_reg_save_param was successful  	[MsgId: MMSG-26390]
Action.c(16): Registering web_reg_save_param was successful  	[MsgId: MMSG-26390]
Action.c(27): Warning -26593: The header being added may cause unpredictable results when applied to all ensuing URLs. It is added anyway  	[MsgId: MWAR-26593]
Action.c(27): web_add_auto_header("Content-Type") highest severity level was "warning"  	[MsgId: MMSG-26391]
Action.c(29): Rendezvous WCF集合点	[MsgId: MMSG-17988]
Starting iteration 1.	[MsgId: MMSG-15968]
Starting action Action.	[MsgId: MMSG-15919]
Action.c(7): Registering web_reg_save_param was successful  	[MsgId: MMSG-26390]
Action.c(16): Registering web_reg_save_param was successful  	[MsgId: MMSG-26390]
Action.c(27): Warning -26593: The header being added may cause unpredictable results when applied to all ensuing URLs. It is added anyway  	[MsgId: MWAR-26593]
Action.c(27): web_add_auto_header("Content-Type") highest severity level was "warning"  	[MsgId: MMSG-26391]
Action.c(29): Rendezvous WCF集合点	[MsgId: MMSG-17988]
Virtual User Script started at : 2013-08-01 23:07:30	[MsgId: MMSG-15967]
Starting action vuser_init.	[MsgId: MMSG-15919]
Web Turbo Replay of LoadRunner 11.0.0 for WINXP; build 8859 (Aug 18 2010 20:14:31)  	[MsgId: MMSG-27143]
Run Mode: HTML  	[MsgId: MMSG-26000]
Run-Time Settings file: "C:\Documents and Settings\Administrator\Local Settings\Temp\lr5tmpdir5FX.676\lrcfgSI3.677\cfgSxg.680"  	[MsgId: MMSG-27141]
Ending action vuser_init.	[MsgId: MMSG-15918]
Running Vuser...	[MsgId: MMSG-15964]
Starting iteration 1.	[MsgId: MMSG-15968]
Starting action Action.	[MsgId: MMSG-15919]
Action.c(7): Registering web_reg_save_param was successful  	[MsgId: MMSG-26390]
Action.c(16): Registering web_reg_save_param was successful  	[MsgId: MMSG-26390]
Action.c(27): Warning -26593: The header being added may cause unpredictable results when applied to all ensuing URLs. It is added anyway  	[MsgId: MWAR-26593]
Action.c(27): web_add_auto_header("Content-Type") highest severity level was "warning"  	[MsgId: MMSG-26391]
Action.c(29): Rendezvous WCF集合点	[MsgId: MMSG-17988]
Virtual User Script started at : 2013-08-01 23:07:30	[MsgId: MMSG-15967]
Starting action vuser_init.	[MsgId: MMSG-15919]
Web Turbo Replay of LoadRunner 11.0.0 for WINXP; build 8859 (Aug 18 2010 20:14:31)  	[MsgId: MMSG-27143]
Run Mode: HTML  	[MsgId: MMSG-26000]
Run-Time Settings file: "C:\Documents and Settings\Administrator\Local Settings\Temp\lr5tmpdir5FX.676\lrcfgSI3.677\cfgSxg.680"  	[MsgId: MMSG-27141]
Ending action vuser_init.	[MsgId: MMSG-15918]
Running Vuser...	[MsgId: MMSG-15964]
Starting iteration 1.	[MsgId: MMSG-15968]
Starting action Action.	[MsgId: MMSG-15919]
Action.c(7): Registering web_reg_save_param was successful  	[MsgId: MMSG-26390]
Action.c(16): Registering web_reg_save_param was successful  	[MsgId: MMSG-26390]
Action.c(27): Warning -26593: The header being added may cause unpredictable results when applied to all ensuing URLs. It is added anyway  	[MsgId: MWAR-26593]
Action.c(27): web_add_auto_header("Content-Type") highest severity level was "warning"  	[MsgId: MMSG-26391]
Action.c(29): Rendezvous WCF集合点	[MsgId: MMSG-17988]
Virtual User Script started at : 2013-08-01 23:07:30	[MsgId: MMSG-15967]
Starting action vuser_init.	[MsgId: MMSG-15919]
Web Turbo Replay of LoadRunner 11.0.0 for WINXP; build 8859 (Aug 18 2010 20:14:31)  	[MsgId: MMSG-27143]
Run Mode: HTML  	[MsgId: MMSG-26000]
Run-Time Settings file: "C:\Documents and Settings\Administrator\Local Settings\Temp\lr5tmpdir5FX.676\lrcfgSI3.677\cfgSxg.680"  	[MsgId: MMSG-27141]
Ending action vuser_init.	[MsgId: MMSG-15918]
Running Vuser...	[MsgId: MMSG-15964]
Starting iteration 1.	[MsgId: MMSG-15968]
Starting action Action.	[MsgId: MMSG-15919]
Action.c(7): Registering web_reg_save_param was successful  	[MsgId: MMSG-26390]
Action.c(16): Registering web_reg_save_param was successful  	[MsgId: MMSG-26390]
Action.c(27): Warning -26593: The header being added may cause unpredictable results when applied to all ensuing URLs. It is added anyway  	[MsgId: MWAR-26593]
Action.c(27): web_add_auto_header("Content-Type") highest severity level was "warning"  	[MsgId: MMSG-26391]
Action.c(29): Rendezvous WCF集合点	[MsgId: MMSG-17988]
Virtual User Script started at : 2013-08-01 23:07:30	[MsgId: MMSG-15967]
Starting action vuser_init.	[MsgId: MMSG-15919]
Web Turbo Replay of LoadRunner 11.0.0 for WINXP; build 8859 (Aug 18 2010 20:14:31)  	[MsgId: MMSG-27143]
Run Mode: HTML  	[MsgId: MMSG-26000]
Run-Time Settings file: "C:\Documents and Settings\Administrator\Local Settings\Temp\lr5tmpdir5FX.676\lrcfgSI3.677\cfgSxg.680"  	[MsgId: MMSG-27141]
Ending action vuser_init.	[MsgId: MMSG-15918]
Running Vuser...	[MsgId: MMSG-15964]
Starting iteration 1.	[MsgId: MMSG-15968]
Starting action Action.	[MsgId: MMSG-15919]
Action.c(7): Registering web_reg_save_param was successful  	[MsgId: MMSG-26390]
Action.c(16): Registering web_reg_save_param was successful  	[MsgId: MMSG-26390]
Action.c(27): Warning -26593: The header being added may cause unpredictable results when applied to all ensuing URLs. It is added anyway  	[MsgId: MWAR-26593]
Action.c(27): web_add_auto_header("Content-Type") highest severity level was "warning"  	[MsgId: MMSG-26391]
Action.c(29): Rendezvous WCF集合点	[MsgId: MMSG-17988]
Virtual User Script started at : 2013-08-01 23:07:30	[MsgId: MMSG-15967]
Starting action vuser_init.	[MsgId: MMSG-15919]
Web Turbo Replay of LoadRunner 11.0.0 for WINXP; build 8859 (Aug 18 2010 20:14:31)  	[MsgId: MMSG-27143]
Run Mode: HTML  	[MsgId: MMSG-26000]
Run-Time Settings file: "C:\Documents and Settings\Administrator\Local Settings\Temp\lr5tmpdir5FX.676\lrcfgSI3.677\cfgSxg.680"  	[MsgId: MMSG-27141]
Ending action vuser_init.	[MsgId: MMSG-15918]
Running Vuser...	[MsgId: MMSG-15964]
Starting iteration 1.	[MsgId: MMSG-15968]
Starting action Action.	[MsgId: MMSG-15919]
Action.c(7): Registering web_reg_save_param was successful  	[MsgId: MMSG-26390]
Action.c(16): Registering web_reg_save_param was successful  	[MsgId: MMSG-26390]
Action.c(27): Warning -26593: The header being added may cause unpredictable results when applied to all ensuing URLs. It is added anyway  	[MsgId: MWAR-26593]
Action.c(27): web_add_auto_header("Content-Type") highest severity level was "warning"  	[MsgId: MMSG-26391]
Action.c(29): Rendezvous WCF集合点	[MsgId: MMSG-17988]
Virtual User Script started at : 2013-08-01 23:07:30	[MsgId: MMSG-15967]
Starting action vuser_init.	[MsgId: MMSG-15919]
Web Turbo Replay of LoadRunner 11.0.0 for WINXP; build 8859 (Aug 18 2010 20:14:31)  	[MsgId: MMSG-27143]
Run Mode: HTML  	[MsgId: MMSG-26000]
Run-Time Settings file: "C:\Documents and Settings\Administrator\Local Settings\Temp\lr5tmpdir5FX.676\lrcfgSI3.677\cfgSxg.680"  	[MsgId: MMSG-27141]
Ending action vuser_init.	[MsgId: MMSG-15918]
Running Vuser...	[MsgId: MMSG-15964]
Starting iteration 1.	[MsgId: MMSG-15968]
Starting action Action.	[MsgId: MMSG-15919]
Action.c(7): Registering web_reg_save_param was successful  	[MsgId: MMSG-26390]
Action.c(16): Registering web_reg_save_param was successful  	[MsgId: MMSG-26390]
Action.c(27): Warning -26593: The header being added may cause unpredictable results when applied to all ensuing URLs. It is added anyway  	[MsgId: MWAR-26593]
Action.c(27): web_add_auto_header("Content-Type") highest severity level was "warning"  	[MsgId: MMSG-26391]
Action.c(29): Rendezvous WCF集合点	[MsgId: MMSG-17988]
Virtual User Script started at : 2013-08-01 23:07:30	[MsgId: MMSG-15967]
Starting action vuser_init.	[MsgId: MMSG-15919]
Web Turbo Replay of LoadRunner 11.0.0 for WINXP; build 8859 (Aug 18 2010 20:14:31)  	[MsgId: MMSG-27143]
Run Mode: HTML  	[MsgId: MMSG-26000]
Run-Time Settings file: "C:\Documents and Settings\Administrator\Local Settings\Temp\lr5tmpdir5FX.676\lrcfgSI3.677\cfgSxg.680"  	[MsgId: MMSG-27141]
Ending action vuser_init.	[MsgId: MMSG-15918]
Running Vuser...	[MsgId: MMSG-15964]
Starting iteration 1.	[MsgId: MMSG-15968]
Starting action Action.	[MsgId: MMSG-15919]
Action.c(7): Registering web_reg_save_param was successful  	[MsgId: MMSG-26390]
Action.c(16): Registering web_reg_save_param was successful  	[MsgId: MMSG-26390]
Action.c(27): Warning -26593: The header being added may cause unpredictable results when applied to all ensuing URLs. It is added anyway  	[MsgId: MWAR-26593]
Action.c(27): web_add_auto_header("Content-Type") highest severity level was "warning"  	[MsgId: MMSG-26391]
Action.c(29): Rendezvous WCF集合点	[MsgId: MMSG-17988]
Virtual User Script started at : 2013-08-01 23:07:30	[MsgId: MMSG-15967]
Starting action vuser_init.	[MsgId: MMSG-15919]
Web Turbo Replay of LoadRunner 11.0.0 for WINXP; build 8859 (Aug 18 2010 20:14:31)  	[MsgId: MMSG-27143]
Run Mode: HTML  	[MsgId: MMSG-26000]
Run-Time Settings file: "C:\Documents and Settings\Administrator\Local Settings\Temp\lr5tmpdir5FX.676\lrcfgSI3.677\cfgSxg.680"  	[MsgId: MMSG-27141]
Ending action vuser_init.	[MsgId: MMSG-15918]
Running Vuser...	[MsgId: MMSG-15964]
Starting iteration 1.	[MsgId: MMSG-15968]
Starting action Action.	[MsgId: MMSG-15919]
Action.c(7): Registering web_reg_save_param was successful  	[MsgId: MMSG-26390]
Action.c(16): Registering web_reg_save_param was successful  	[MsgId: MMSG-26390]
Action.c(27): Warning -26593: The header being added may cause unpredictable results when applied to all ensuing URLs. It is added anyway  	[MsgId: MWAR-26593]
Action.c(27): web_add_auto_header("Content-Type") highest severity level was "warning"  	[MsgId: MMSG-26391]
Action.c(29): Rendezvous WCF集合点	[MsgId: MMSG-17988]
Action.c(31): Notify: Transaction "WCF调用" started.	[MsgId: MMSG-16999]
Action.c(33): Notify: Parameter Substitution: parameter "user" =  "9838"	[MsgId: MMSG-13992]
Action.c(31): Notify: Transaction "WCF调用" started.	[MsgId: MMSG-16999]
Action.c(33): Notify: Parameter Substitution: parameter "user" =  "9820"	[MsgId: MMSG-13992]
Action.c(31): Notify: Transaction "WCF调用" started.	[MsgId: MMSG-16999]
Action.c(33): Notify: Parameter Substitution: parameter "user" =  "9802"	[MsgId: MMSG-13992]
Action.c(31): Notify: Transaction "WCF调用" started.	[MsgId: MMSG-16999]
Action.c(33): Notify: Parameter Substitution: parameter "user" =  "9832"	[MsgId: MMSG-13992]
Action.c(31): Notify: Transaction "WCF调用" started.	[MsgId: MMSG-16999]
Action.c(33): Notify: Parameter Substitution: parameter "user" =  "9842"	[MsgId: MMSG-13992]
Action.c(31): Notify: Transaction "WCF调用" started.	[MsgId: MMSG-16999]
Action.c(33): Notify: Parameter Substitution: parameter "user" =  "9814"	[MsgId: MMSG-13992]
Action.c(31): Notify: Transaction "WCF调用" started.	[MsgId: MMSG-16999]
Action.c(33): Notify: Parameter Substitution: parameter "user" =  "9801"	[MsgId: MMSG-13992]
Action.c(31): Notify: Transaction "WCF调用" started.	[MsgId: MMSG-16999]
Action.c(33): Notify: Parameter Substitution: parameter "user" =  "9847"	[MsgId: MMSG-13992]
Action.c(31): Notify: Transaction "WCF调用" started.	[MsgId: MMSG-16999]
Action.c(33): Notify: Parameter Substitution: parameter "user" =  "9845"	[MsgId: MMSG-13992]
Action.c(31): Notify: Transaction "WCF调用" started.	[MsgId: MMSG-16999]
Action.c(33): Notify: Parameter Substitution: parameter "user" =  "9809"	[MsgId: MMSG-13992]
Action.c(31): Notify: Transaction "WCF调用" started.	[MsgId: MMSG-16999]
Action.c(33): Notify: Parameter Substitution: parameter "user" =  "9799"	[MsgId: MMSG-13992]
Action.c(31): Notify: Transaction "WCF调用" started.	[MsgId: MMSG-16999]
Action.c(33): Notify: Parameter Substitution: parameter "user" =  "9823"	[MsgId: MMSG-13992]
Action.c(31): Notify: Transaction "WCF调用" started.	[MsgId: MMSG-16999]
Action.c(33): Notify: Parameter Substitution: parameter "user" =  "9811"	[MsgId: MMSG-13992]
Action.c(31): Notify: Transaction "WCF调用" started.	[MsgId: MMSG-16999]
Action.c(33): Notify: Parameter Substitution: parameter "user" =  "9825"	[MsgId: MMSG-13992]
Action.c(31): Notify: Transaction "WCF调用" started.	[MsgId: MMSG-16999]
Action.c(33): Notify: Parameter Substitution: parameter "user" =  "9828"	[MsgId: MMSG-13992]
Action.c(31): Notify: Transaction "WCF调用" started.	[MsgId: MMSG-16999]
Action.c(33): Notify: Parameter Substitution: parameter "user" =  "9806"	[MsgId: MMSG-13992]
Action.c(31): Notify: Transaction "WCF调用" started.	[MsgId: MMSG-16999]
Action.c(33): Notify: Parameter Substitution: parameter "user" =  "9822"	[MsgId: MMSG-13992]
Action.c(31): Notify: Transaction "WCF调用" started.	[MsgId: MMSG-16999]
Action.c(33): Notify: Parameter Substitution: parameter "user" =  "9810"	[MsgId: MMSG-13992]
Action.c(31): Notify: Transaction "WCF调用" started.	[MsgId: MMSG-16999]
Action.c(33): Notify: Parameter Substitution: parameter "user" =  "9816"	[MsgId: MMSG-13992]
Action.c(31): Notify: Transaction "WCF调用" started.	[MsgId: MMSG-16999]
Action.c(33): Notify: Parameter Substitution: parameter "user" =  "9846"	[MsgId: MMSG-13992]
Action.c(31): Notify: Transaction "WCF调用" started.	[MsgId: MMSG-16999]
Action.c(33): Notify: Parameter Substitution: parameter "user" =  "9827"	[MsgId: MMSG-13992]
Action.c(31): Notify: Transaction "WCF调用" started.	[MsgId: MMSG-16999]
Action.c(33): Notify: Parameter Substitution: parameter "user" =  "9841"	[MsgId: MMSG-13992]
Action.c(31): Notify: Transaction "WCF调用" started.	[MsgId: MMSG-16999]
Action.c(31): Notify: Transaction "WCF调用" started.	[MsgId: MMSG-16999]
Action.c(33): Notify: Parameter Substitution: parameter "user" =  "9830"	[MsgId: MMSG-13992]
Action.c(33): Notify: Parameter Substitution: parameter "user" =  "9833"	[MsgId: MMSG-13992]
Action.c(31): Notify: Transaction "WCF调用" started.	[MsgId: MMSG-16999]
Action.c(33): Notify: Parameter Substitution: parameter "user" =  "9818"	[MsgId: MMSG-13992]
Action.c(31): Notify: Transaction "WCF调用" started.	[MsgId: MMSG-16999]
Action.c(33): Notify: Parameter Substitution: parameter "user" =  "9808"	[MsgId: MMSG-13992]
Action.c(31): Notify: Transaction "WCF调用" started.	[MsgId: MMSG-16999]
Action.c(33): Notify: Parameter Substitution: parameter "user" =  "9844"	[MsgId: MMSG-13992]
Action.c(31): Notify: Transaction "WCF调用" started.	[MsgId: MMSG-16999]
Action.c(33): Notify: Parameter Substitution: parameter "user" =  "9839"	[MsgId: MMSG-13992]
Action.c(31): Notify: Transaction "WCF调用" started.	[MsgId: MMSG-16999]
Action.c(33): Notify: Parameter Substitution: parameter "user" =  "9813"	[MsgId: MMSG-13992]
Action.c(31): Notify: Transaction "WCF调用" started.	[MsgId: MMSG-16999]
Action.c(31): Notify: Transaction "WCF调用" started.	[MsgId: MMSG-16999]
Action.c(33): Notify: Parameter Substitution: parameter "user" =  "9807"	[MsgId: MMSG-13992]
Action.c(33): Notify: Parameter Substitution: parameter "user" =  "9805"	[MsgId: MMSG-13992]
Action.c(31): Notify: Transaction "WCF调用" started.	[MsgId: MMSG-16999]
Action.c(33): Notify: Parameter Substitution: parameter "user" =  "9803"	[MsgId: MMSG-13992]
Action.c(31): Notify: Transaction "WCF调用" started.	[MsgId: MMSG-16999]
Action.c(33): Notify: Parameter Substitution: parameter "user" =  "9829"	[MsgId: MMSG-13992]
Action.c(31): Notify: Transaction "WCF调用" started.	[MsgId: MMSG-16999]
Action.c(31): Notify: Transaction "WCF调用" started.	[MsgId: MMSG-16999]
Action.c(33): Notify: Parameter Substitution: parameter "user" =  "9821"	[MsgId: MMSG-13992]
Action.c(33): Notify: Parameter Substitution: parameter "user" =  "9831"	[MsgId: MMSG-13992]
Action.c(31): Notify: Transaction "WCF调用" started.	[MsgId: MMSG-16999]
Action.c(31): Notify: Transaction "WCF调用" started.	[MsgId: MMSG-16999]
Action.c(33): Notify: Parameter Substitution: parameter "user" =  "9843"	[MsgId: MMSG-13992]
Action.c(33): Notify: Parameter Substitution: parameter "user" =  "9817"	[MsgId: MMSG-13992]
Action.c(31): Notify: Transaction "WCF调用" started.	[MsgId: MMSG-16999]
Action.c(33): Notify: Parameter Substitution: parameter "user" =  "9815"	[MsgId: MMSG-13992]
Action.c(31): Notify: Transaction "WCF调用" started.	[MsgId: MMSG-16999]
Action.c(33): Notify: Parameter Substitution: parameter "user" =  "9835"	[MsgId: MMSG-13992]
Action.c(31): Notify: Transaction "WCF调用" started.	[MsgId: MMSG-16999]
Action.c(33): Notify: Parameter Substitution: parameter "user" =  "9836"	[MsgId: MMSG-13992]
Action.c(31): Notify: Transaction "WCF调用" started.	[MsgId: MMSG-16999]
Action.c(33): Notify: Parameter Substitution: parameter "user" =  "9826"	[MsgId: MMSG-13992]
Action.c(31): Notify: Transaction "WCF调用" started.	[MsgId: MMSG-16999]
Action.c(33): Notify: Parameter Substitution: parameter "user" =  "9812"	[MsgId: MMSG-13992]
Action.c(31): Notify: Transaction "WCF调用" started.	[MsgId: MMSG-16999]
Action.c(33): Notify: Parameter Substitution: parameter "user" =  "9800"	[MsgId: MMSG-13992]
Action.c(31): Notify: Transaction "WCF调用" started.	[MsgId: MMSG-16999]
Action.c(33): Notify: Parameter Substitution: parameter "user" =  "9824"	[MsgId: MMSG-13992]
Action.c(31): Notify: Transaction "WCF调用" started.	[MsgId: MMSG-16999]
Action.c(33): Notify: Parameter Substitution: parameter "user" =  "9840"	[MsgId: MMSG-13992]
Action.c(31): Notify: Transaction "WCF调用" started.	[MsgId: MMSG-16999]
Action.c(31): Notify: Transaction "WCF调用" started.	[MsgId: MMSG-16999]
Action.c(31): Notify: Transaction "WCF调用" started.	[MsgId: MMSG-16999]
Action.c(31): Notify: Transaction "WCF调用" started.	[MsgId: MMSG-16999]
Action.c(31): Notify: Transaction "WCF调用" started.	[MsgId: MMSG-16999]
Action.c(33): Notify: Parameter Substitution: parameter "user" =  "9819"	[MsgId: MMSG-13992]
Action.c(33): Notify: Parameter Substitution: parameter "user" =  "9834"	[MsgId: MMSG-13992]
Action.c(33): Notify: Parameter Substitution: parameter "user" =  "9837"	[MsgId: MMSG-13992]
Action.c(33): Notify: Parameter Substitution: parameter "user" =  "9804"	[MsgId: MMSG-13992]
Action.c(33): Notify: Parameter Substitution: parameter "user" =  "9798"	[MsgId: MMSG-13992]
Action.c(33): Notify: Transaction "WCF调用" ended with "Stop" status (Duration: 79.8270).	[MsgId: MMSG-16873]
Action.c(33): Notify: Transaction "WCF调用" ended with "Stop" status (Duration: 79.8785).	[MsgId: MMSG-16873]
Abort was called from an action.	[MsgId: MMSG-10447]
Ending Vuser...	[MsgId: MMSG-15966]
Starting action vuser_end.	[MsgId: MMSG-15919]
Ending action vuser_end.	[MsgId: MMSG-15918]
Vuser Terminated.	[MsgId: MMSG-15963]
Vuser 35 (thread 2756), ended OK."	[MsgId: MMSG-10695]
Action.c(33): Notify: Transaction "WCF调用" ended with "Stop" status (Duration: 79.8943).	[MsgId: MMSG-16873]
Action.c(33): Notify: Transaction "WCF调用" ended with "Stop" status (Duration: 79.9109).	[MsgId: MMSG-16873]
Abort was called from an action.	[MsgId: MMSG-10447]
Action.c(33): Notify: Transaction "WCF调用" ended with "Stop" status (Duration: 79.8741).	[MsgId: MMSG-16873]
Ending Vuser...	[MsgId: MMSG-15966]
Starting action vuser_end.	[MsgId: MMSG-15919]
Ending action vuser_end.	[MsgId: MMSG-15918]
Vuser Terminated.	[MsgId: MMSG-15963]
Action.c(33): Notify: Transaction "WCF调用" ended with "Stop" status (Duration: 79.8746).	[MsgId: MMSG-16873]
Action.c(33): Notify: Transaction "WCF调用" ended with "Stop" status (Duration: 79.8970).	[MsgId: MMSG-16873]
Action.c(33): Notify: Transaction "WCF调用" ended with "Stop" status (Duration: 79.8749).	[MsgId: MMSG-16873]
Action.c(33): Notify: Transaction "WCF调用" ended with "Stop" status (Duration: 79.9300).	[MsgId: MMSG-16873]
Abort was called from an action.	[MsgId: MMSG-10447]
Ending Vuser...	[MsgId: MMSG-15966]
Starting action vuser_end.	[MsgId: MMSG-15919]
Ending action vuser_end.	[MsgId: MMSG-15918]
Vuser Terminated.	[MsgId: MMSG-15963]
Action.c(33): Notify: Transaction "WCF调用" ended with "Stop" status (Duration: 79.9124).	[MsgId: MMSG-16873]
Abort was called from an action.	[MsgId: MMSG-10447]
Ending Vuser...	[MsgId: MMSG-15966]
Starting action vuser_end.	[MsgId: MMSG-15919]
Ending action vuser_end.	[MsgId: MMSG-15918]
Vuser Terminated.	[MsgId: MMSG-15963]
Action.c(33): Notify: Transaction "WCF调用" ended with "Stop" status (Duration: 79.8918).	[MsgId: MMSG-16873]
Abort was called from an action.	[MsgId: MMSG-10447]
Action.c(33): Notify: Transaction "WCF调用" ended with "Stop" status (Duration: 79.8907).	[MsgId: MMSG-16873]
Abort was called from an action.	[MsgId: MMSG-10447]
Ending Vuser...	[MsgId: MMSG-15966]
Starting action vuser_end.	[MsgId: MMSG-15919]
Ending action vuser_end.	[MsgId: MMSG-15918]
Vuser Terminated.	[MsgId: MMSG-15963]
Ending Vuser...	[MsgId: MMSG-15966]
Starting action vuser_end.	[MsgId: MMSG-15919]
Ending action vuser_end.	[MsgId: MMSG-15918]
Vuser Terminated.	[MsgId: MMSG-15963]
Abort was called from an action.	[MsgId: MMSG-10447]
Ending Vuser...	[MsgId: MMSG-15966]
Starting action vuser_end.	[MsgId: MMSG-15919]
Ending action vuser_end.	[MsgId: MMSG-15918]
Vuser Terminated.	[MsgId: MMSG-15963]
Abort was called from an action.	[MsgId: MMSG-10447]
Ending Vuser...	[MsgId: MMSG-15966]
Abort was called from an action.	[MsgId: MMSG-10447]
Abort was called from an action.	[MsgId: MMSG-10447]
Abort was called from an action.	[MsgId: MMSG-10447]
Abort was called from an action.	[MsgId: MMSG-10447]
Starting action vuser_end.	[MsgId: MMSG-15919]
Ending Vuser...	[MsgId: MMSG-15966]
Ending action vuser_end.	[MsgId: MMSG-15918]
Starting action vuser_end.	[MsgId: MMSG-15919]
Vuser Terminated.	[MsgId: MMSG-15963]
Ending action vuser_end.	[MsgId: MMSG-15918]
Vuser Terminated.	[MsgId: MMSG-15963]
Ending Vuser...	[MsgId: MMSG-15966]
Starting action vuser_end.	[MsgId: MMSG-15919]
Ending action vuser_end.	[MsgId: MMSG-15918]
Vuser Terminated.	[MsgId: MMSG-15963]
Ending Vuser...	[MsgId: MMSG-15966]
Starting action vuser_end.	[MsgId: MMSG-15919]
Ending action vuser_end.	[MsgId: MMSG-15918]
Vuser Terminated.	[MsgId: MMSG-15963]
Ending Vuser...	[MsgId: MMSG-15966]
Starting action vuser_end.	[MsgId: MMSG-15919]
Ending action vuser_end.	[MsgId: MMSG-15918]
Vuser Terminated.	[MsgId: MMSG-15963]
Vuser 46 (thread 4048), ended OK."	[MsgId: MMSG-10695]
Vuser 12 (thread 1708), ended OK."	[MsgId: MMSG-10695]
Vuser 0 (thread 5176), ended OK."	[MsgId: MMSG-10695]
Vuser 44 (thread 5272), ended OK."	[MsgId: MMSG-10695]
Vuser 34 (thread 5144), ended OK."	[MsgId: MMSG-10695]
Vuser 22 (thread 3460), ended OK."	[MsgId: MMSG-10695]
Vuser 11 (thread 4952), ended OK."	[MsgId: MMSG-10695]
Vuser 1 (thread 2500), ended OK."	[MsgId: MMSG-10695]
Action.c(33): Notify: Transaction "WCF调用" ended with "Stop" status (Duration: 79.9483).	[MsgId: MMSG-16873]
Action.c(33): Notify: Transaction "WCF调用" ended with "Stop" status (Duration: 79.9880).	[MsgId: MMSG-16873]
Action.c(33): Notify: Transaction "WCF调用" ended with "Stop" status (Duration: 79.9493).	[MsgId: MMSG-16873]
Action.c(33): Notify: Transaction "WCF调用" ended with "Stop" status (Duration: 79.9387).	[MsgId: MMSG-16873]
Action.c(33): Notify: Transaction "WCF调用" ended with "Stop" status (Duration: 79.9942).	[MsgId: MMSG-16873]
Action.c(33): Notify: Transaction "WCF调用" ended with "Stop" status (Duration: 80.0059).	[MsgId: MMSG-16873]
Action.c(33): Notify: Transaction "WCF调用" ended with "Stop" status (Duration: 79.9944).	[MsgId: MMSG-16873]
Action.c(33): Notify: Transaction "WCF调用" ended with "Stop" status (Duration: 79.9951).	[MsgId: MMSG-16873]
Abort was called from an action.	[MsgId: MMSG-10447]
Ending Vuser...	[MsgId: MMSG-15966]
Starting action vuser_end.	[MsgId: MMSG-15919]
Ending action vuser_end.	[MsgId: MMSG-15918]
Vuser Terminated.	[MsgId: MMSG-15963]
Abort was called from an action.	[MsgId: MMSG-10447]
Ending Vuser...	[MsgId: MMSG-15966]
Starting action vuser_end.	[MsgId: MMSG-15919]
Abort was called from an action.	[MsgId: MMSG-10447]
Ending action vuser_end.	[MsgId: MMSG-15918]
Abort was called from an action.	[MsgId: MMSG-10447]
Vuser Terminated.	[MsgId: MMSG-15963]
Ending Vuser...	[MsgId: MMSG-15966]
Starting action vuser_end.	[MsgId: MMSG-15919]
Ending action vuser_end.	[MsgId: MMSG-15918]
Abort was called from an action.	[MsgId: MMSG-10447]
Ending Vuser...	[MsgId: MMSG-15966]
Starting action vuser_end.	[MsgId: MMSG-15919]
Ending action vuser_end.	[MsgId: MMSG-15918]
Vuser Terminated.	[MsgId: MMSG-15963]
Vuser Terminated.	[MsgId: MMSG-15963]
Abort was called from an action.	[MsgId: MMSG-10447]
Ending Vuser...	[MsgId: MMSG-15966]
Starting action vuser_end.	[MsgId: MMSG-15919]
Ending action vuser_end.	[MsgId: MMSG-15918]
Vuser Terminated.	[MsgId: MMSG-15963]
Abort was called from an action.	[MsgId: MMSG-10447]
Ending Vuser...	[MsgId: MMSG-15966]
Starting action vuser_end.	[MsgId: MMSG-15919]
Ending action vuser_end.	[MsgId: MMSG-15918]
Vuser Terminated.	[MsgId: MMSG-15963]
Ending Vuser...	[MsgId: MMSG-15966]
Starting action vuser_end.	[MsgId: MMSG-15919]
Ending action vuser_end.	[MsgId: MMSG-15918]
Vuser Terminated.	[MsgId: MMSG-15963]
Abort was called from an action.	[MsgId: MMSG-10447]
Ending Vuser...	[MsgId: MMSG-15966]
Starting action vuser_end.	[MsgId: MMSG-15919]
Ending action vuser_end.	[MsgId: MMSG-15918]
Vuser Terminated.	[MsgId: MMSG-15963]
Vuser 33 (thread 5288), ended OK."	[MsgId: MMSG-10695]
Vuser 23 (thread 5060), ended OK."	[MsgId: MMSG-10695]
Vuser 45 (thread 4612), ended OK."	[MsgId: MMSG-10695]
Vuser 3 (thread 524), ended OK."	[MsgId: MMSG-10695]
Vuser 2 (thread 1268), ended OK."	[MsgId: MMSG-10695]
Vuser 36 (thread 4360), ended OK."	[MsgId: MMSG-10695]
Vuser 25 (thread 2576), ended OK."	[MsgId: MMSG-10695]
Vuser 14 (thread 5780), ended OK."	[MsgId: MMSG-10695]
Vuser 47 (thread 3900), ended OK."	[MsgId: MMSG-10695]
Vuser 24 (thread 2136), ended OK."	[MsgId: MMSG-10695]
Vuser 13 (thread 3852), ended OK."	[MsgId: MMSG-10695]
Action.c(33): Notify: Transaction "WCF调用" ended with "Stop" status (Duration: 80.1757).	[MsgId: MMSG-16873]
Action.c(33): Notify: Transaction "WCF调用" ended with "Stop" status (Duration: 80.1346).	[MsgId: MMSG-16873]
Action.c(33): Notify: Transaction "WCF调用" ended with "Stop" status (Duration: 80.1759).	[MsgId: MMSG-16873]
Action.c(33): Notify: Transaction "WCF调用" ended with "Stop" status (Duration: 80.2050).	[MsgId: MMSG-16873]
Action.c(33): Notify: Transaction "WCF调用" ended with "Stop" status (Duration: 80.1983).	[MsgId: MMSG-16873]
Action.c(33): Notify: Transaction "WCF调用" ended with "Stop" status (Duration: 80.1424).	[MsgId: MMSG-16873]
Action.c(33): Notify: Transaction "WCF调用" ended with "Stop" status (Duration: 80.1395).	[MsgId: MMSG-16873]
Action.c(33): Notify: Transaction "WCF调用" ended with "Stop" status (Duration: 80.1285).	[MsgId: MMSG-16873]
Action.c(33): Notify: Transaction "WCF调用" ended with "Stop" status (Duration: 80.1795).	[MsgId: MMSG-16873]
Action.c(33): Notify: Transaction "WCF调用" ended with "Stop" status (Duration: 80.1555).	[MsgId: MMSG-16873]
Action.c(33): Notify: Transaction "WCF调用" ended with "Stop" status (Duration: 80.1744).	[MsgId: MMSG-16873]
Action.c(33): Notify: Transaction "WCF调用" ended with "Stop" status (Duration: 80.1841).	[MsgId: MMSG-16873]
Action.c(33): Notify: Transaction "WCF调用" ended with "Stop" status (Duration: 80.1585).	[MsgId: MMSG-16873]
Action.c(33): Notify: Transaction "WCF调用" ended with "Stop" status (Duration: 80.1736).	[MsgId: MMSG-16873]
Action.c(33): Notify: Transaction "WCF调用" ended with "Stop" status (Duration: 80.1746).	[MsgId: MMSG-16873]
Abort was called from an action.	[MsgId: MMSG-10447]
Ending Vuser...	[MsgId: MMSG-15966]
Starting action vuser_end.	[MsgId: MMSG-15919]
Ending action vuser_end.	[MsgId: MMSG-15918]
Vuser Terminated.	[MsgId: MMSG-15963]
Abort was called from an action.	[MsgId: MMSG-10447]
Abort was called from an action.	[MsgId: MMSG-10447]
Ending Vuser...	[MsgId: MMSG-15966]
Ending Vuser...	[MsgId: MMSG-15966]
Starting action vuser_end.	[MsgId: MMSG-15919]
Starting action vuser_end.	[MsgId: MMSG-15919]
Ending action vuser_end.	[MsgId: MMSG-15918]
Ending action vuser_end.	[MsgId: MMSG-15918]
Vuser Terminated.	[MsgId: MMSG-15963]
Vuser Terminated.	[MsgId: MMSG-15963]
Abort was called from an action.	[MsgId: MMSG-10447]
Abort was called from an action.	[MsgId: MMSG-10447]
Ending Vuser...	[MsgId: MMSG-15966]
Ending Vuser...	[MsgId: MMSG-15966]
Starting action vuser_end.	[MsgId: MMSG-15919]
Starting action vuser_end.	[MsgId: MMSG-15919]
Ending action vuser_end.	[MsgId: MMSG-15918]
Vuser Terminated.	[MsgId: MMSG-15963]
Ending action vuser_end.	[MsgId: MMSG-15918]
Vuser Terminated.	[MsgId: MMSG-15963]
Abort was called from an action.	[MsgId: MMSG-10447]
Abort was called from an action.	[MsgId: MMSG-10447]
Ending Vuser...	[MsgId: MMSG-15966]
Ending Vuser...	[MsgId: MMSG-15966]
Starting action vuser_end.	[MsgId: MMSG-15919]
Starting action vuser_end.	[MsgId: MMSG-15919]
Ending action vuser_end.	[MsgId: MMSG-15918]
Ending action vuser_end.	[MsgId: MMSG-15918]
Vuser Terminated.	[MsgId: MMSG-15963]
Vuser Terminated.	[MsgId: MMSG-15963]
Abort was called from an action.	[MsgId: MMSG-10447]
Abort was called from an action.	[MsgId: MMSG-10447]
Ending Vuser...	[MsgId: MMSG-15966]
Ending Vuser...	[MsgId: MMSG-15966]
Starting action vuser_end.	[MsgId: MMSG-15919]
Starting action vuser_end.	[MsgId: MMSG-15919]
Ending action vuser_end.	[MsgId: MMSG-15918]
Ending action vuser_end.	[MsgId: MMSG-15918]
Vuser Terminated.	[MsgId: MMSG-15963]
Vuser Terminated.	[MsgId: MMSG-15963]
Abort was called from an action.	[MsgId: MMSG-10447]
Abort was called from an action.	[MsgId: MMSG-10447]
Ending Vuser...	[MsgId: MMSG-15966]
Starting action vuser_end.	[MsgId: MMSG-15919]
Ending action vuser_end.	[MsgId: MMSG-15918]
Vuser Terminated.	[MsgId: MMSG-15963]
Ending Vuser...	[MsgId: MMSG-15966]
Starting action vuser_end.	[MsgId: MMSG-15919]
Ending action vuser_end.	[MsgId: MMSG-15918]
Vuser Terminated.	[MsgId: MMSG-15963]
Abort was called from an action.	[MsgId: MMSG-10447]
Ending Vuser...	[MsgId: MMSG-15966]
Starting action vuser_end.	[MsgId: MMSG-15919]
Ending action vuser_end.	[MsgId: MMSG-15918]
Vuser Terminated.	[MsgId: MMSG-15963]
Abort was called from an action.	[MsgId: MMSG-10447]
Ending Vuser...	[MsgId: MMSG-15966]
Starting action vuser_end.	[MsgId: MMSG-15919]
Ending action vuser_end.	[MsgId: MMSG-15918]
Vuser Terminated.	[MsgId: MMSG-15963]
Abort was called from an action.	[MsgId: MMSG-10447]
Ending Vuser...	[MsgId: MMSG-15966]
Starting action vuser_end.	[MsgId: MMSG-15919]
Ending action vuser_end.	[MsgId: MMSG-15918]
Vuser Terminated.	[MsgId: MMSG-15963]
Abort was called from an action.	[MsgId: MMSG-10447]
Ending Vuser...	[MsgId: MMSG-15966]
Starting action vuser_end.	[MsgId: MMSG-15919]
Ending action vuser_end.	[MsgId: MMSG-15918]
Vuser Terminated.	[MsgId: MMSG-15963]
Vuser 4 (thread 4428), ended OK."	[MsgId: MMSG-10695]
Vuser 5 (thread 3172), ended OK."	[MsgId: MMSG-10695]
Vuser 18 (thread 3424), ended OK."	[MsgId: MMSG-10695]
Vuser 15 (thread 5776), ended OK."	[MsgId: MMSG-10695]
Vuser 17 (thread 4964), ended OK."	[MsgId: MMSG-10695]
Vuser 37 (thread 5020), ended OK."	[MsgId: MMSG-10695]
Vuser 6 (thread 3680), ended OK."	[MsgId: MMSG-10695]
Vuser 16 (thread 1648), ended OK."	[MsgId: MMSG-10695]
Vuser 7 (thread 4892), ended OK."	[MsgId: MMSG-10695]
Vuser 48 (thread 5412), ended OK."	[MsgId: MMSG-10695]
Vuser 27 (thread 5884), ended OK."	[MsgId: MMSG-10695]
Vuser 26 (thread 2924), ended OK."	[MsgId: MMSG-10695]
Vuser 8 (thread 1532), ended OK."	[MsgId: MMSG-10695]
Vuser 38 (thread 4044), ended OK."	[MsgId: MMSG-10695]
Vuser 28 (thread 2336), ended OK."	[MsgId: MMSG-10695]
Action.c(33): Notify: Transaction "WCF调用" ended with "Stop" status (Duration: 80.4847).	[MsgId: MMSG-16873]
Action.c(33): Notify: Transaction "WCF调用" ended with "Stop" status (Duration: 80.4275).	[MsgId: MMSG-16873]
Action.c(33): Notify: Transaction "WCF调用" ended with "Stop" status (Duration: 80.4765).	[MsgId: MMSG-16873]
Action.c(33): Notify: Transaction "WCF调用" ended with "Stop" status (Duration: 80.4748).	[MsgId: MMSG-16873]
Action.c(33): Notify: Transaction "WCF调用" ended with "Stop" status (Duration: 80.5285).	[MsgId: MMSG-16873]
Action.c(33): Notify: Transaction "WCF调用" ended with "Stop" status (Duration: 80.4789).	[MsgId: MMSG-16873]
Abort was called from an action.	[MsgId: MMSG-10447]
Ending Vuser...	[MsgId: MMSG-15966]
Starting action vuser_end.	[MsgId: MMSG-15919]
Ending action vuser_end.	[MsgId: MMSG-15918]
Vuser Terminated.	[MsgId: MMSG-15963]
Abort was called from an action.	[MsgId: MMSG-10447]
Ending Vuser...	[MsgId: MMSG-15966]
Starting action vuser_end.	[MsgId: MMSG-15919]
Ending action vuser_end.	[MsgId: MMSG-15918]
Vuser Terminated.	[MsgId: MMSG-15963]
Abort was called from an action.	[MsgId: MMSG-10447]
Ending Vuser...	[MsgId: MMSG-15966]
Starting action vuser_end.	[MsgId: MMSG-15919]
Ending action vuser_end.	[MsgId: MMSG-15918]
Vuser Terminated.	[MsgId: MMSG-15963]
Abort was called from an action.	[MsgId: MMSG-10447]
Ending Vuser...	[MsgId: MMSG-15966]
Starting action vuser_end.	[MsgId: MMSG-15919]
Ending action vuser_end.	[MsgId: MMSG-15918]
Vuser Terminated.	[MsgId: MMSG-15963]
Abort was called from an action.	[MsgId: MMSG-10447]
Ending Vuser...	[MsgId: MMSG-15966]
Starting action vuser_end.	[MsgId: MMSG-15919]
Ending action vuser_end.	[MsgId: MMSG-15918]
Vuser Terminated.	[MsgId: MMSG-15963]
Abort was called from an action.	[MsgId: MMSG-10447]
Ending Vuser...	[MsgId: MMSG-15966]
Starting action vuser_end.	[MsgId: MMSG-15919]
Ending action vuser_end.	[MsgId: MMSG-15918]
Vuser Terminated.	[MsgId: MMSG-15963]
Vuser 39 (thread 3744), ended OK."	[MsgId: MMSG-10695]
Vuser 40 (thread 412), ended OK."	[MsgId: MMSG-10695]
Vuser 49 (thread 5420), ended OK."	[MsgId: MMSG-10695]
Vuser 29 (thread 3612), ended OK."	[MsgId: MMSG-10695]
Vuser 41 (thread 6136), ended OK."	[MsgId: MMSG-10695]
Vuser 30 (thread 4392), ended OK."	[MsgId: MMSG-10695]
Action.c(33): Notify: Transaction "WCF调用" ended with "Stop" status (Duration: 80.7698).	[MsgId: MMSG-16873]
Action.c(33): Notify: Transaction "WCF调用" ended with "Stop" status (Duration: 80.7731).	[MsgId: MMSG-16873]
Action.c(33): Notify: Transaction "WCF调用" ended with "Stop" status (Duration: 80.7653).	[MsgId: MMSG-16873]
Action.c(33): Notify: Transaction "WCF调用" ended with "Stop" status (Duration: 80.7324).	[MsgId: MMSG-16873]
Action.c(33): Notify: Transaction "WCF调用" ended with "Stop" status (Duration: 80.7250).	[MsgId: MMSG-16873]
Action.c(33): Notify: Transaction "WCF调用" ended with "Stop" status (Duration: 80.7737).	[MsgId: MMSG-16873]
Action.c(33): Notify: Transaction "WCF调用" ended with "Stop" status (Duration: 80.7956).	[MsgId: MMSG-16873]
Abort was called from an action.	[MsgId: MMSG-10447]
Action.c(33): Notify: Transaction "WCF调用" ended with "Stop" status (Duration: 80.8300).	[MsgId: MMSG-16873]
Abort was called from an action.	[MsgId: MMSG-10447]
Ending Vuser...	[MsgId: MMSG-15966]
Abort was called from an action.	[MsgId: MMSG-10447]
Starting action vuser_end.	[MsgId: MMSG-15919]
Ending Vuser...	[MsgId: MMSG-15966]
Ending action vuser_end.	[MsgId: MMSG-15918]
Starting action vuser_end.	[MsgId: MMSG-15919]
Vuser Terminated.	[MsgId: MMSG-15963]
Ending action vuser_end.	[MsgId: MMSG-15918]
Vuser Terminated.	[MsgId: MMSG-15963]
Ending Vuser...	[MsgId: MMSG-15966]
Starting action vuser_end.	[MsgId: MMSG-15919]
Ending action vuser_end.	[MsgId: MMSG-15918]
Vuser Terminated.	[MsgId: MMSG-15963]
Abort was called from an action.	[MsgId: MMSG-10447]
Abort was called from an action.	[MsgId: MMSG-10447]
Ending Vuser...	[MsgId: MMSG-15966]
Starting action vuser_end.	[MsgId: MMSG-15919]
Ending action vuser_end.	[MsgId: MMSG-15918]
Vuser Terminated.	[MsgId: MMSG-15963]
Vuser 43 (thread 5524), ended OK."	[MsgId: MMSG-10695]
Abort was called from an action.	[MsgId: MMSG-10447]
Ending Vuser...	[MsgId: MMSG-15966]
Starting action vuser_end.	[MsgId: MMSG-15919]
Ending action vuser_end.	[MsgId: MMSG-15918]
Vuser Terminated.	[MsgId: MMSG-15963]
Vuser 32 (thread 5980), ended OK."	[MsgId: MMSG-10695]
Ending Vuser...	[MsgId: MMSG-15966]
Starting action vuser_end.	[MsgId: MMSG-15919]
Ending action vuser_end.	[MsgId: MMSG-15918]
Vuser Terminated.	[MsgId: MMSG-15963]
Action.c(33): Notify: Transaction "WCF调用" ended with "Stop" status (Duration: 80.8320).	[MsgId: MMSG-16873]
Abort was called from an action.	[MsgId: MMSG-10447]
Ending Vuser...	[MsgId: MMSG-15966]
Starting action vuser_end.	[MsgId: MMSG-15919]
Ending action vuser_end.	[MsgId: MMSG-15918]
Vuser Terminated.	[MsgId: MMSG-15963]
Abort was called from an action.	[MsgId: MMSG-10447]
Ending Vuser...	[MsgId: MMSG-15966]
Starting action vuser_end.	[MsgId: MMSG-15919]
Ending action vuser_end.	[MsgId: MMSG-15918]
Vuser Terminated.	[MsgId: MMSG-15963]
Abort was called from an action.	[MsgId: MMSG-10447]
Ending Vuser...	[MsgId: MMSG-15966]
Starting action vuser_end.	[MsgId: MMSG-15919]
Ending action vuser_end.	[MsgId: MMSG-15918]
Vuser Terminated.	[MsgId: MMSG-15963]
Vuser 19 (thread 5064), ended OK."	[MsgId: MMSG-10695]
Vuser 10 (thread 6092), ended OK."	[MsgId: MMSG-10695]
Vuser 42 (thread 2476), ended OK."	[MsgId: MMSG-10695]
Vuser 9 (thread 5284), ended OK."	[MsgId: MMSG-10695]
Vuser 20 (thread 4592), ended OK."	[MsgId: MMSG-10695]
Vuser 31 (thread 2436), ended OK."	[MsgId: MMSG-10695]
Vuser 21 (thread 3668), ended OK."	[MsgId: MMSG-10695]
