Virtual User Script started at : 2013-08-01 22:57:51	[MsgId: MMSG-15967]
Starting action vuser_init.	[MsgId: MMSG-15919]
Web Turbo Replay of LoadRunner 11.0.0 for WINXP; build 8859 (Aug 18 2010 20:14:31)  	[MsgId: MMSG-27143]
Run Mode: HTML  	[MsgId: MMSG-26000]
Run-Time Settings file: "C:\Documents and Settings\Administrator\Local Settings\Temp\lr5tmpdir5FX.676\lrcfgSI3.677\cfgSxg.680"  	[MsgId: MMSG-27141]
Ending action vuser_init.	[MsgId: MMSG-15918]
Running Vuser...	[MsgId: MMSG-15964]
Virtual User Script started at : 2013-08-01 22:57:51	[MsgId: MMSG-15967]
Starting action vuser_init.	[MsgId: MMSG-15919]
Web Turbo Replay of LoadRunner 11.0.0 for WINXP; build 8859 (Aug 18 2010 20:14:31)  	[MsgId: MMSG-27143]
Run Mode: HTML  	[MsgId: MMSG-26000]
Run-Time Settings file: "C:\Documents and Settings\Administrator\Local Settings\Temp\lr5tmpdir5FX.676\lrcfgSI3.677\cfgSxg.680"  	[MsgId: MMSG-27141]
Ending action vuser_init.	[MsgId: MMSG-15918]
Running Vuser...	[MsgId: MMSG-15964]
Starting iteration 1.	[MsgId: MMSG-15968]
Starting iteration 1.	[MsgId: MMSG-15968]
Starting action Action.	[MsgId: MMSG-15919]
Starting action Action.	[MsgId: MMSG-15919]
Virtual User Script started at : 2013-08-01 22:57:51	[MsgId: MMSG-15967]
Starting action vuser_init.	[MsgId: MMSG-15919]
Web Turbo Replay of LoadRunner 11.0.0 for WINXP; build 8859 (Aug 18 2010 20:14:31)  	[MsgId: MMSG-27143]
Run Mode: HTML  	[MsgId: MMSG-26000]
Run-Time Settings file: "C:\Documents and Settings\Administrator\Local Settings\Temp\lr5tmpdir5FX.676\lrcfgSI3.677\cfgSxg.680"  	[MsgId: MMSG-27141]
Ending action vuser_init.	[MsgId: MMSG-15918]
Running Vuser...	[MsgId: MMSG-15964]
Starting iteration 1.	[MsgId: MMSG-15968]
Starting action Action.	[MsgId: MMSG-15919]
Action.c(7): Registering web_reg_save_param was successful  	[MsgId: MMSG-26390]
Action.c(7): Registering web_reg_save_param was successful  	[MsgId: MMSG-26390]
Action.c(7): Registering web_reg_save_param was successful  	[MsgId: MMSG-26390]
Action.c(16): Registering web_reg_save_param was successful  	[MsgId: MMSG-26390]
Action.c(16): Registering web_reg_save_param was successful  	[MsgId: MMSG-26390]
Action.c(16): Registering web_reg_save_param was successful  	[MsgId: MMSG-26390]
Action.c(27): Warning -26593: The header being added may cause unpredictable results when applied to all ensuing URLs. It is added anyway  	[MsgId: MWAR-26593]
Action.c(27): Warning -26593: The header being added may cause unpredictable results when applied to all ensuing URLs. It is added anyway  	[MsgId: MWAR-26593]
Action.c(27): Warning -26593: The header being added may cause unpredictable results when applied to all ensuing URLs. It is added anyway  	[MsgId: MWAR-26593]
Action.c(27): web_add_auto_header("Content-Type") highest severity level was "warning"  	[MsgId: MMSG-26391]
Action.c(29): Rendezvous WCF集合点	[MsgId: MMSG-17988]
Action.c(27): web_add_auto_header("Content-Type") highest severity level was "warning"  	[MsgId: MMSG-26391]
Action.c(29): Rendezvous WCF集合点	[MsgId: MMSG-17988]
Action.c(27): web_add_auto_header("Content-Type") highest severity level was "warning"  	[MsgId: MMSG-26391]
Action.c(29): Rendezvous WCF集合点	[MsgId: MMSG-17988]
Virtual User Script started at : 2013-08-01 22:57:51	[MsgId: MMSG-15967]
Starting action vuser_init.	[MsgId: MMSG-15919]
Web Turbo Replay of LoadRunner 11.0.0 for WINXP; build 8859 (Aug 18 2010 20:14:31)  	[MsgId: MMSG-27143]
Run Mode: HTML  	[MsgId: MMSG-26000]
Run-Time Settings file: "C:\Documents and Settings\Administrator\Local Settings\Temp\lr5tmpdir5FX.676\lrcfgSI3.677\cfgSxg.680"  	[MsgId: MMSG-27141]
Ending action vuser_init.	[MsgId: MMSG-15918]
Running Vuser...	[MsgId: MMSG-15964]
Starting iteration 1.	[MsgId: MMSG-15968]
Starting action Action.	[MsgId: MMSG-15919]
Action.c(7): Registering web_reg_save_param was successful  	[MsgId: MMSG-26390]
Action.c(16): Registering web_reg_save_param was successful  	[MsgId: MMSG-26390]
Action.c(27): Warning -26593: The header being added may cause unpredictable results when applied to all ensuing URLs. It is added anyway  	[MsgId: MWAR-26593]
Action.c(27): web_add_auto_header("Content-Type") highest severity level was "warning"  	[MsgId: MMSG-26391]
Action.c(29): Rendezvous WCF集合点	[MsgId: MMSG-17988]
Virtual User Script started at : 2013-08-01 22:57:51	[MsgId: MMSG-15967]
Starting action vuser_init.	[MsgId: MMSG-15919]
Web Turbo Replay of LoadRunner 11.0.0 for WINXP; build 8859 (Aug 18 2010 20:14:31)  	[MsgId: MMSG-27143]
Run Mode: HTML  	[MsgId: MMSG-26000]
Run-Time Settings file: "C:\Documents and Settings\Administrator\Local Settings\Temp\lr5tmpdir5FX.676\lrcfgSI3.677\cfgSxg.680"  	[MsgId: MMSG-27141]
Ending action vuser_init.	[MsgId: MMSG-15918]
Running Vuser...	[MsgId: MMSG-15964]
Starting iteration 1.	[MsgId: MMSG-15968]
Starting action Action.	[MsgId: MMSG-15919]
Action.c(7): Registering web_reg_save_param was successful  	[MsgId: MMSG-26390]
Action.c(16): Registering web_reg_save_param was successful  	[MsgId: MMSG-26390]
Action.c(27): Warning -26593: The header being added may cause unpredictable results when applied to all ensuing URLs. It is added anyway  	[MsgId: MWAR-26593]
Action.c(27): web_add_auto_header("Content-Type") highest severity level was "warning"  	[MsgId: MMSG-26391]
Action.c(29): Rendezvous WCF集合点	[MsgId: MMSG-17988]
Virtual User Script started at : 2013-08-01 22:57:52	[MsgId: MMSG-15967]
Starting action vuser_init.	[MsgId: MMSG-15919]
Web Turbo Replay of LoadRunner 11.0.0 for WINXP; build 8859 (Aug 18 2010 20:14:31)  	[MsgId: MMSG-27143]
Run Mode: HTML  	[MsgId: MMSG-26000]
Run-Time Settings file: "C:\Documents and Settings\Administrator\Local Settings\Temp\lr5tmpdir5FX.676\lrcfgSI3.677\cfgSxg.680"  	[MsgId: MMSG-27141]
Ending action vuser_init.	[MsgId: MMSG-15918]
Running Vuser...	[MsgId: MMSG-15964]
Starting iteration 1.	[MsgId: MMSG-15968]
Starting action Action.	[MsgId: MMSG-15919]
Action.c(7): Registering web_reg_save_param was successful  	[MsgId: MMSG-26390]
Action.c(16): Registering web_reg_save_param was successful  	[MsgId: MMSG-26390]
Action.c(27): Warning -26593: The header being added may cause unpredictable results when applied to all ensuing URLs. It is added anyway  	[MsgId: MWAR-26593]
Action.c(27): web_add_auto_header("Content-Type") highest severity level was "warning"  	[MsgId: MMSG-26391]
Action.c(29): Rendezvous WCF集合点	[MsgId: MMSG-17988]
Virtual User Script started at : 2013-08-01 22:57:52	[MsgId: MMSG-15967]
Starting action vuser_init.	[MsgId: MMSG-15919]
Web Turbo Replay of LoadRunner 11.0.0 for WINXP; build 8859 (Aug 18 2010 20:14:31)  	[MsgId: MMSG-27143]
Run Mode: HTML  	[MsgId: MMSG-26000]
Run-Time Settings file: "C:\Documents and Settings\Administrator\Local Settings\Temp\lr5tmpdir5FX.676\lrcfgSI3.677\cfgSxg.680"  	[MsgId: MMSG-27141]
Ending action vuser_init.	[MsgId: MMSG-15918]
Running Vuser...	[MsgId: MMSG-15964]
Starting iteration 1.	[MsgId: MMSG-15968]
Starting action Action.	[MsgId: MMSG-15919]
Action.c(7): Registering web_reg_save_param was successful  	[MsgId: MMSG-26390]
Action.c(16): Registering web_reg_save_param was successful  	[MsgId: MMSG-26390]
Action.c(27): Warning -26593: The header being added may cause unpredictable results when applied to all ensuing URLs. It is added anyway  	[MsgId: MWAR-26593]
Action.c(27): web_add_auto_header("Content-Type") highest severity level was "warning"  	[MsgId: MMSG-26391]
Action.c(29): Rendezvous WCF集合点	[MsgId: MMSG-17988]
Virtual User Script started at : 2013-08-01 22:57:52	[MsgId: MMSG-15967]
Starting action vuser_init.	[MsgId: MMSG-15919]
Web Turbo Replay of LoadRunner 11.0.0 for WINXP; build 8859 (Aug 18 2010 20:14:31)  	[MsgId: MMSG-27143]
Run Mode: HTML  	[MsgId: MMSG-26000]
Run-Time Settings file: "C:\Documents and Settings\Administrator\Local Settings\Temp\lr5tmpdir5FX.676\lrcfgSI3.677\cfgSxg.680"  	[MsgId: MMSG-27141]
Ending action vuser_init.	[MsgId: MMSG-15918]
Running Vuser...	[MsgId: MMSG-15964]
Starting iteration 1.	[MsgId: MMSG-15968]
Starting action Action.	[MsgId: MMSG-15919]
Action.c(7): Registering web_reg_save_param was successful  	[MsgId: MMSG-26390]
Action.c(16): Registering web_reg_save_param was successful  	[MsgId: MMSG-26390]
Action.c(27): Warning -26593: The header being added may cause unpredictable results when applied to all ensuing URLs. It is added anyway  	[MsgId: MWAR-26593]
Action.c(27): web_add_auto_header("Content-Type") highest severity level was "warning"  	[MsgId: MMSG-26391]
Action.c(29): Rendezvous WCF集合点	[MsgId: MMSG-17988]
Virtual User Script started at : 2013-08-01 22:57:52	[MsgId: MMSG-15967]
Starting action vuser_init.	[MsgId: MMSG-15919]
Web Turbo Replay of LoadRunner 11.0.0 for WINXP; build 8859 (Aug 18 2010 20:14:31)  	[MsgId: MMSG-27143]
Run Mode: HTML  	[MsgId: MMSG-26000]
Run-Time Settings file: "C:\Documents and Settings\Administrator\Local Settings\Temp\lr5tmpdir5FX.676\lrcfgSI3.677\cfgSxg.680"  	[MsgId: MMSG-27141]
Ending action vuser_init.	[MsgId: MMSG-15918]
Running Vuser...	[MsgId: MMSG-15964]
Starting iteration 1.	[MsgId: MMSG-15968]
Starting action Action.	[MsgId: MMSG-15919]
Action.c(7): Registering web_reg_save_param was successful  	[MsgId: MMSG-26390]
Action.c(16): Registering web_reg_save_param was successful  	[MsgId: MMSG-26390]
Action.c(27): Warning -26593: The header being added may cause unpredictable results when applied to all ensuing URLs. It is added anyway  	[MsgId: MWAR-26593]
Action.c(27): web_add_auto_header("Content-Type") highest severity level was "warning"  	[MsgId: MMSG-26391]
Action.c(29): Rendezvous WCF集合点	[MsgId: MMSG-17988]
Virtual User Script started at : 2013-08-01 22:57:52	[MsgId: MMSG-15967]
Starting action vuser_init.	[MsgId: MMSG-15919]
Web Turbo Replay of LoadRunner 11.0.0 for WINXP; build 8859 (Aug 18 2010 20:14:31)  	[MsgId: MMSG-27143]
Run Mode: HTML  	[MsgId: MMSG-26000]
Run-Time Settings file: "C:\Documents and Settings\Administrator\Local Settings\Temp\lr5tmpdir5FX.676\lrcfgSI3.677\cfgSxg.680"  	[MsgId: MMSG-27141]
Ending action vuser_init.	[MsgId: MMSG-15918]
Running Vuser...	[MsgId: MMSG-15964]
Starting iteration 1.	[MsgId: MMSG-15968]
Starting action Action.	[MsgId: MMSG-15919]
Action.c(7): Registering web_reg_save_param was successful  	[MsgId: MMSG-26390]
Action.c(16): Registering web_reg_save_param was successful  	[MsgId: MMSG-26390]
Action.c(27): Warning -26593: The header being added may cause unpredictable results when applied to all ensuing URLs. It is added anyway  	[MsgId: MWAR-26593]
Action.c(27): web_add_auto_header("Content-Type") highest severity level was "warning"  	[MsgId: MMSG-26391]
Action.c(29): Rendezvous WCF集合点	[MsgId: MMSG-17988]
Action.c(31): Notify: Transaction "WCF调用" started.	[MsgId: MMSG-16999]
Action.c(33): Notify: Parameter Substitution: parameter "user" =  "9607"	[MsgId: MMSG-13992]
Action.c(31): Notify: Transaction "WCF调用" started.	[MsgId: MMSG-16999]
Action.c(31): Notify: Transaction "WCF调用" started.	[MsgId: MMSG-16999]
Action.c(33): Notify: Parameter Substitution: parameter "user" =  "9599"	[MsgId: MMSG-13992]
Action.c(33): Notify: Parameter Substitution: parameter "user" =  "9600"	[MsgId: MMSG-13992]
Action.c(31): Notify: Transaction "WCF调用" started.	[MsgId: MMSG-16999]
Action.c(31): Notify: Transaction "WCF调用" started.	[MsgId: MMSG-16999]
Action.c(33): Notify: Parameter Substitution: parameter "user" =  "9606"	[MsgId: MMSG-13992]
Action.c(33): Notify: Parameter Substitution: parameter "user" =  "9605"	[MsgId: MMSG-13992]
Action.c(31): Notify: Transaction "WCF调用" started.	[MsgId: MMSG-16999]
Action.c(33): Notify: Parameter Substitution: parameter "user" =  "9604"	[MsgId: MMSG-13992]
Action.c(31): Notify: Transaction "WCF调用" started.	[MsgId: MMSG-16999]
Action.c(31): Notify: Transaction "WCF调用" started.	[MsgId: MMSG-16999]
Action.c(33): Notify: Parameter Substitution: parameter "user" =  "9603"	[MsgId: MMSG-13992]
Action.c(33): Notify: Parameter Substitution: parameter "user" =  "9602"	[MsgId: MMSG-13992]
Action.c(31): Notify: Transaction "WCF调用" started.	[MsgId: MMSG-16999]
Action.c(31): Notify: Transaction "WCF调用" started.	[MsgId: MMSG-16999]
Action.c(33): Notify: Parameter Substitution: parameter "user" =  "9601"	[MsgId: MMSG-13992]
Action.c(33): Notify: Parameter Substitution: parameter "user" =  "9598"	[MsgId: MMSG-13992]
Action.c(33): t=2155ms: 174-byte response headers for "http://112.124.9.72:3005/Impls/TableModeDataSync.svc/ProcessRequest" (RelFrameId=1, Internal ID=1)
Action.c(33):     HTTP/1.1 200 OK\r\n
Action.c(33):     Content-Length: 185\r\n
Action.c(33):     Content-Type: application/json; charset=utf-8\r\n
Action.c(33):     Server: Microsoft-IIS/7.5\r\n
Action.c(33):     X-Powered-By: ASP.NET\r\n
Action.c(33):     Date: Thu, 01 Aug 2013 14:57:45 GMT\r\n
Action.c(33):     \r\n
Action.c(33): t=2155ms: 185-byte response body for "http://112.124.9.72:3005/Impls/TableModeDataSync.svc/ProcessRequest" (RelFrameId=1, Internal ID=1)
Action.c(33):     {"DownloadFile":"58\\\\9599\\\\download\\\\20130801\\\\a4cc05bd-7e8f-457c-8921-440cf19b4ed
Action.c(33):     f.jitdfz","FailFileName":null,"LastUpdateTime":"2013-08-01 00:30:31 274","Message":null,"R
Action.c(33):     esultCode":0}
Action.c(33): Notify: Saving Parameter "WcfResponse = 58\\9599\\download\\20130801\\a4cc05bd-7e8f-457c-8921-440cf19b4edf.jitdfz".	[MsgId: MMSG-13798]
Action.c(33): Notify: Saving Parameter "FileName = a4cc05bd-7e8f-457c-8921-440cf19b4edf.jitdfz".	[MsgId: MMSG-13798]
Action.c(33): web_custom_request("ListThemes") was successful, 185 body bytes, 174 header bytes  	[MsgId: MMSG-26386]
Action.c(52): Notify: Transaction "WCF调用" ended with "Pass" status (Duration: 1.2548 Wasted Time: 0.0001).	[MsgId: MMSG-16871]
Action.c(55): Notify: Parameter Substitution: parameter "WcfResponse" =  "58\\9599\\download\\20130801\\a4cc05bd-7e8f-457c-8921-440cf19b4edf.jitdfz"	[MsgId: MMSG-13992]
Action.c(55): This is the first flightnumber 58\\9599\\download\\20130801\\a4cc05bd-7e8f-457c-8921-440cf19b4edf.jitdfz	[MsgId: MMSG-17999]
Action.c(56): Notify: Parameter Substitution: parameter "FileName" =  "a4cc05bd-7e8f-457c-8921-440cf19b4edf.jitdfz"	[MsgId: MMSG-13992]
Action.c(56): This is the first flightnumber a4cc05bd-7e8f-457c-8921-440cf19b4edf.jitdfz	[MsgId: MMSG-17999]
Action.c(59): web_get_int_property was successful  	[MsgId: MMSG-26392]
Action.c(61): OK!!	[MsgId: MMSG-17999]
Action.c(69): Rendezvous FTP下载	[MsgId: MMSG-17988]
Action.c(33): t=3967ms: 174-byte response headers for "http://112.124.9.72:3005/Impls/TableModeDataSync.svc/ProcessRequest" (RelFrameId=1, Internal ID=1)
Action.c(33): t=3967ms: 174-byte response headers for "http://112.124.9.72:3005/Impls/TableModeDataSync.svc/ProcessRequest" (RelFrameId=1, Internal ID=1)
Action.c(33): t=3967ms: 174-byte response headers for "http://112.124.9.72:3005/Impls/TableModeDataSync.svc/ProcessRequest" (RelFrameId=1, Internal ID=1)
Action.c(33):     HTTP/1.1 200 OK\r\n
Action.c(33):     HTTP/1.1 200 OK\r\n
Action.c(33):     Content-Length: 185\r\n
Action.c(33):     Content-Length: 185\r\n
Action.c(33):     Content-Type: application/json; charset=utf-8\r\n
Action.c(33):     Content-Type: application/json; charset=utf-8\r\n
Action.c(33):     Server: Microsoft-IIS/7.5\r\n
Action.c(33):     Server: Microsoft-IIS/7.5\r\n
Action.c(33):     X-Powered-By: ASP.NET\r\n
Action.c(33):     X-Powered-By: ASP.NET\r\n
Action.c(33):     Date: Thu, 01 Aug 2013 14:57:47 GMT\r\n
Action.c(33):     Date: Thu, 01 Aug 2013 14:57:47 GMT\r\n
Action.c(33):     \r\n
Action.c(33):     \r\n
Action.c(33): t=3967ms: 185-byte response body for "http://112.124.9.72:3005/Impls/TableModeDataSync.svc/ProcessRequest" (RelFrameId=1, Internal ID=1)
Action.c(33): t=3967ms: 185-byte response body for "http://112.124.9.72:3005/Impls/TableModeDataSync.svc/ProcessRequest" (RelFrameId=1, Internal ID=1)
Action.c(33):     {"DownloadFile":"58\\\\9607\\\\download\\\\20130801\\\\0b51919f-6546-4dab-bf77-9186608c58f
Action.c(33):     {"DownloadFile":"58\\\\9606\\\\download\\\\20130801\\\\c5b9fb18-a0e6-4f4d-b7f2-14756393003
Action.c(33):     6.jitdfz","FailFileName":null,"LastUpdateTime":"2013-08-01 00:30:45 586","Message":null,"R
Action.c(33):     4.jitdfz","FailFileName":null,"LastUpdateTime":"2013-08-01 00:30:43 774","Message":null,"R
Action.c(33): t=3967ms: 174-byte response headers for "http://112.124.9.72:3005/Impls/TableModeDataSync.svc/ProcessRequest" (RelFrameId=1, Internal ID=1)
Action.c(33):     HTTP/1.1 200 OK\r\n
Action.c(33): t=3967ms: 174-byte response headers for "http://112.124.9.72:3005/Impls/TableModeDataSync.svc/ProcessRequest" (RelFrameId=1, Internal ID=1)
Action.c(33):     esultCode":0}
Action.c(33):     esultCode":0}
Action.c(33): Notify: Saving Parameter "WcfResponse = 58\\9607\\download\\20130801\\0b51919f-6546-4dab-bf77-9186608c58f6.jitdfz".	[MsgId: MMSG-13798]
Action.c(33): Notify: Saving Parameter "WcfResponse = 58\\9606\\download\\20130801\\c5b9fb18-a0e6-4f4d-b7f2-147563930034.jitdfz".	[MsgId: MMSG-13798]
Action.c(33): Notify: Saving Parameter "FileName = 0b51919f-6546-4dab-bf77-9186608c58f6.jitdfz".	[MsgId: MMSG-13798]
Action.c(33): Notify: Saving Parameter "FileName = c5b9fb18-a0e6-4f4d-b7f2-147563930034.jitdfz".	[MsgId: MMSG-13798]
Action.c(33): web_custom_request("ListThemes") was successful, 185 body bytes, 174 header bytes  	[MsgId: MMSG-26386]
Action.c(33): web_custom_request("ListThemes") was successful, 185 body bytes, 174 header bytes  	[MsgId: MMSG-26386]
Action.c(52): Notify: Transaction "WCF调用" ended with "Pass" status (Duration: 3.0604 Wasted Time: 0.0001).	[MsgId: MMSG-16871]
Action.c(52): Notify: Transaction "WCF调用" ended with "Pass" status (Duration: 3.0612 Wasted Time: 0.0001).	[MsgId: MMSG-16871]
Action.c(55): Notify: Parameter Substitution: parameter "WcfResponse" =  "58\\9607\\download\\20130801\\0b51919f-6546-4dab-bf77-9186608c58f6.jitdfz"	[MsgId: MMSG-13992]
Action.c(55): Notify: Parameter Substitution: parameter "WcfResponse" =  "58\\9606\\download\\20130801\\c5b9fb18-a0e6-4f4d-b7f2-147563930034.jitdfz"	[MsgId: MMSG-13992]
Action.c(55): This is the first flightnumber 58\\9607\\download\\20130801\\0b51919f-6546-4dab-bf77-9186608c58f6.jitdfz	[MsgId: MMSG-17999]
Action.c(55): This is the first flightnumber 58\\9606\\download\\20130801\\c5b9fb18-a0e6-4f4d-b7f2-147563930034.jitdfz	[MsgId: MMSG-17999]
Action.c(56): Notify: Parameter Substitution: parameter "FileName" =  "c5b9fb18-a0e6-4f4d-b7f2-147563930034.jitdfz"	[MsgId: MMSG-13992]
Action.c(56): Notify: Parameter Substitution: parameter "FileName" =  "0b51919f-6546-4dab-bf77-9186608c58f6.jitdfz"	[MsgId: MMSG-13992]
Action.c(56): This is the first flightnumber c5b9fb18-a0e6-4f4d-b7f2-147563930034.jitdfz	[MsgId: MMSG-17999]
Action.c(56): This is the first flightnumber 0b51919f-6546-4dab-bf77-9186608c58f6.jitdfz	[MsgId: MMSG-17999]
Action.c(59): web_get_int_property was successful  	[MsgId: MMSG-26392]
Action.c(59): web_get_int_property was successful  	[MsgId: MMSG-26392]
Action.c(61): OK!!	[MsgId: MMSG-17999]
Action.c(61): OK!!	[MsgId: MMSG-17999]
Action.c(69): Rendezvous FTP下载	[MsgId: MMSG-17988]
Action.c(69): Rendezvous FTP下载	[MsgId: MMSG-17988]
Action.c(33):     HTTP/1.1 200 OK\r\n
Action.c(33):     Content-Length: 185\r\n
Action.c(33):     Content-Length: 185\r\n
Action.c(33):     Content-Type: application/json; charset=utf-8\r\n
Action.c(33):     Content-Type: application/json; charset=utf-8\r\n
Action.c(33):     Server: Microsoft-IIS/7.5\r\n
Action.c(33):     Server: Microsoft-IIS/7.5\r\n
Action.c(33):     X-Powered-By: ASP.NET\r\n
Action.c(33):     X-Powered-By: ASP.NET\r\n
Action.c(33):     Date: Thu, 01 Aug 2013 14:57:47 GMT\r\n
Action.c(33):     Date: Thu, 01 Aug 2013 14:57:47 GMT\r\n
Action.c(33):     \r\n
Action.c(33): t=3969ms: 185-byte response body for "http://112.124.9.72:3005/Impls/TableModeDataSync.svc/ProcessRequest" (RelFrameId=1, Internal ID=1)
Action.c(33):     {"DownloadFile":"58\\\\9605\\\\download\\\\20130801\\\\63939b65-b348-4625-911e-37a0b21d35a
Action.c(33):     6.jitdfz","FailFileName":null,"LastUpdateTime":"2013-08-01 00:30:41 961","Message":null,"R
Action.c(33):     esultCode":0}
Action.c(33): Notify: Saving Parameter "WcfResponse = 58\\9605\\download\\20130801\\63939b65-b348-4625-911e-37a0b21d35a6.jitdfz".	[MsgId: MMSG-13798]
Action.c(33): Notify: Saving Parameter "FileName = 63939b65-b348-4625-911e-37a0b21d35a6.jitdfz".	[MsgId: MMSG-13798]
Action.c(33): web_custom_request("ListThemes") was successful, 185 body bytes, 174 header bytes  	[MsgId: MMSG-26386]
Action.c(52): Notify: Transaction "WCF调用" ended with "Pass" status (Duration: 3.0617 Wasted Time: 0.0001).	[MsgId: MMSG-16871]
Action.c(55): Notify: Parameter Substitution: parameter "WcfResponse" =  "58\\9605\\download\\20130801\\63939b65-b348-4625-911e-37a0b21d35a6.jitdfz"	[MsgId: MMSG-13992]
Action.c(55): This is the first flightnumber 58\\9605\\download\\20130801\\63939b65-b348-4625-911e-37a0b21d35a6.jitdfz	[MsgId: MMSG-17999]
Action.c(56): Notify: Parameter Substitution: parameter "FileName" =  "63939b65-b348-4625-911e-37a0b21d35a6.jitdfz"	[MsgId: MMSG-13992]
Action.c(56): This is the first flightnumber 63939b65-b348-4625-911e-37a0b21d35a6.jitdfz	[MsgId: MMSG-17999]
Action.c(59): web_get_int_property was successful  	[MsgId: MMSG-26392]
Action.c(61): OK!!	[MsgId: MMSG-17999]
Action.c(69): Rendezvous FTP下载	[MsgId: MMSG-17988]
Action.c(33):     \r\n
Action.c(33): t=3969ms: 185-byte response body for "http://112.124.9.72:3005/Impls/TableModeDataSync.svc/ProcessRequest" (RelFrameId=1, Internal ID=1)
Action.c(33):     {"DownloadFile":"58\\\\9603\\\\download\\\\20130801\\\\ef64868e-f9e9-4d29-bc2c-aea409d8a09
Action.c(33):     b.jitdfz","FailFileName":null,"LastUpdateTime":"2013-08-01 00:30:38 414","Message":null,"R
Action.c(33):     esultCode":0}
Action.c(33): Notify: Saving Parameter "WcfResponse = 58\\9603\\download\\20130801\\ef64868e-f9e9-4d29-bc2c-aea409d8a09b.jitdfz".	[MsgId: MMSG-13798]
Action.c(33): Notify: Saving Parameter "FileName = ef64868e-f9e9-4d29-bc2c-aea409d8a09b.jitdfz".	[MsgId: MMSG-13798]
Action.c(33): web_custom_request("ListThemes") was successful, 185 body bytes, 174 header bytes  	[MsgId: MMSG-26386]
Action.c(52): Notify: Transaction "WCF调用" ended with "Pass" status (Duration: 3.0622 Wasted Time: 0.0001).	[MsgId: MMSG-16871]
Action.c(55): Notify: Parameter Substitution: parameter "WcfResponse" =  "58\\9603\\download\\20130801\\ef64868e-f9e9-4d29-bc2c-aea409d8a09b.jitdfz"	[MsgId: MMSG-13992]
Action.c(55): This is the first flightnumber 58\\9603\\download\\20130801\\ef64868e-f9e9-4d29-bc2c-aea409d8a09b.jitdfz	[MsgId: MMSG-17999]
Action.c(56): Notify: Parameter Substitution: parameter "FileName" =  "ef64868e-f9e9-4d29-bc2c-aea409d8a09b.jitdfz"	[MsgId: MMSG-13992]
Action.c(56): This is the first flightnumber ef64868e-f9e9-4d29-bc2c-aea409d8a09b.jitdfz	[MsgId: MMSG-17999]
Action.c(59): web_get_int_property was successful  	[MsgId: MMSG-26392]
Action.c(61): OK!!	[MsgId: MMSG-17999]
Action.c(69): Rendezvous FTP下载	[MsgId: MMSG-17988]
Action.c(33):     HTTP/1.1 200 OK\r\n
Action.c(33):     Content-Length: 185\r\n
Action.c(33):     Content-Type: application/json; charset=utf-8\r\n
Action.c(33):     Server: Microsoft-IIS/7.5\r\n
Action.c(33):     X-Powered-By: ASP.NET\r\n
Action.c(33):     Date: Thu, 01 Aug 2013 14:57:47 GMT\r\n
Action.c(33):     \r\n
Action.c(33): t=3970ms: 185-byte response body for "http://112.124.9.72:3005/Impls/TableModeDataSync.svc/ProcessRequest" (RelFrameId=1, Internal ID=1)
Action.c(33):     {"DownloadFile":"58\\\\9600\\\\download\\\\20130801\\\\0d291c42-7814-4351-9a1a-6acbd480229
Action.c(33):     4.jitdfz","FailFileName":null,"LastUpdateTime":"2013-08-01 00:30:33 024","Message":null,"R
Action.c(33):     esultCode":0}
Action.c(33): Notify: Saving Parameter "WcfResponse = 58\\9600\\download\\20130801\\0d291c42-7814-4351-9a1a-6acbd4802294.jitdfz".	[MsgId: MMSG-13798]
Action.c(33): Notify: Saving Parameter "FileName = 0d291c42-7814-4351-9a1a-6acbd4802294.jitdfz".	[MsgId: MMSG-13798]
Action.c(33): web_custom_request("ListThemes") was successful, 185 body bytes, 174 header bytes  	[MsgId: MMSG-26386]
Action.c(52): Notify: Transaction "WCF调用" ended with "Pass" status (Duration: 3.0636 Wasted Time: 0.0001).	[MsgId: MMSG-16871]
Action.c(55): Notify: Parameter Substitution: parameter "WcfResponse" =  "58\\9600\\download\\20130801\\0d291c42-7814-4351-9a1a-6acbd4802294.jitdfz"	[MsgId: MMSG-13992]
Action.c(55): This is the first flightnumber 58\\9600\\download\\20130801\\0d291c42-7814-4351-9a1a-6acbd4802294.jitdfz	[MsgId: MMSG-17999]
Action.c(56): Notify: Parameter Substitution: parameter "FileName" =  "0d291c42-7814-4351-9a1a-6acbd4802294.jitdfz"	[MsgId: MMSG-13992]
Action.c(56): This is the first flightnumber 0d291c42-7814-4351-9a1a-6acbd4802294.jitdfz	[MsgId: MMSG-17999]
Action.c(59): web_get_int_property was successful  	[MsgId: MMSG-26392]
Action.c(61): OK!!	[MsgId: MMSG-17999]
Action.c(69): Rendezvous FTP下载	[MsgId: MMSG-17988]
Action.c(33): t=3982ms: 174-byte response headers for "http://112.124.9.72:3005/Impls/TableModeDataSync.svc/ProcessRequest" (RelFrameId=1, Internal ID=1)
Action.c(33): t=3982ms: 174-byte response headers for "http://112.124.9.72:3005/Impls/TableModeDataSync.svc/ProcessRequest" (RelFrameId=1, Internal ID=1)
Action.c(33):     HTTP/1.1 200 OK\r\n
Action.c(33):     HTTP/1.1 200 OK\r\n
Action.c(33):     Content-Length: 185\r\n
Action.c(33):     Content-Length: 185\r\n
Action.c(33):     Content-Type: application/json; charset=utf-8\r\n
Action.c(33):     Content-Type: application/json; charset=utf-8\r\n
Action.c(33):     Server: Microsoft-IIS/7.5\r\n
Action.c(33):     Server: Microsoft-IIS/7.5\r\n
Action.c(33):     X-Powered-By: ASP.NET\r\n
Action.c(33):     X-Powered-By: ASP.NET\r\n
Action.c(33):     Date: Thu, 01 Aug 2013 14:57:47 GMT\r\n
Action.c(33):     Date: Thu, 01 Aug 2013 14:57:47 GMT\r\n
Action.c(33):     \r\n
Action.c(33):     \r\n
Action.c(33): t=3983ms: 185-byte response body for "http://112.124.9.72:3005/Impls/TableModeDataSync.svc/ProcessRequest" (RelFrameId=1, Internal ID=1)
Action.c(33): t=3983ms: 185-byte response body for "http://112.124.9.72:3005/Impls/TableModeDataSync.svc/ProcessRequest" (RelFrameId=1, Internal ID=1)
Action.c(33):     {"DownloadFile":"58\\\\9602\\\\download\\\\20130801\\\\13116a80-8c4e-4aec-b5b0-80077560f7a
Action.c(33):     {"DownloadFile":"58\\\\9601\\\\download\\\\20130801\\\\9b86564d-5696-43ee-b398-07db5091792
Action.c(33):     5.jitdfz","FailFileName":null,"LastUpdateTime":"2013-08-01 00:30:36 602","Message":null,"R
Action.c(33):     8.jitdfz","FailFileName":null,"LastUpdateTime":"2013-08-01 00:30:34 883","Message":null,"R
Action.c(33):     esultCode":0}
Action.c(33):     esultCode":0}
Action.c(33): Notify: Saving Parameter "WcfResponse = 58\\9602\\download\\20130801\\13116a80-8c4e-4aec-b5b0-80077560f7a5.jitdfz".	[MsgId: MMSG-13798]
Action.c(33): Notify: Saving Parameter "WcfResponse = 58\\9601\\download\\20130801\\9b86564d-5696-43ee-b398-07db50917928.jitdfz".	[MsgId: MMSG-13798]
Action.c(33): Notify: Saving Parameter "FileName = 13116a80-8c4e-4aec-b5b0-80077560f7a5.jitdfz".	[MsgId: MMSG-13798]
Action.c(33): Notify: Saving Parameter "FileName = 9b86564d-5696-43ee-b398-07db50917928.jitdfz".	[MsgId: MMSG-13798]
Action.c(33): web_custom_request("ListThemes") was successful, 185 body bytes, 174 header bytes  	[MsgId: MMSG-26386]
Action.c(33): web_custom_request("ListThemes") was successful, 185 body bytes, 174 header bytes  	[MsgId: MMSG-26386]
Action.c(52): Notify: Transaction "WCF调用" ended with "Pass" status (Duration: 3.0755 Wasted Time: 0.0001).	[MsgId: MMSG-16871]
Action.c(52): Notify: Transaction "WCF调用" ended with "Pass" status (Duration: 3.0754 Wasted Time: 0.0001).	[MsgId: MMSG-16871]
Action.c(55): Notify: Parameter Substitution: parameter "WcfResponse" =  "58\\9602\\download\\20130801\\13116a80-8c4e-4aec-b5b0-80077560f7a5.jitdfz"	[MsgId: MMSG-13992]
Action.c(55): Notify: Parameter Substitution: parameter "WcfResponse" =  "58\\9601\\download\\20130801\\9b86564d-5696-43ee-b398-07db50917928.jitdfz"	[MsgId: MMSG-13992]
Action.c(55): This is the first flightnumber 58\\9602\\download\\20130801\\13116a80-8c4e-4aec-b5b0-80077560f7a5.jitdfz	[MsgId: MMSG-17999]
Action.c(55): This is the first flightnumber 58\\9601\\download\\20130801\\9b86564d-5696-43ee-b398-07db50917928.jitdfz	[MsgId: MMSG-17999]
Action.c(56): Notify: Parameter Substitution: parameter "FileName" =  "9b86564d-5696-43ee-b398-07db50917928.jitdfz"	[MsgId: MMSG-13992]
Action.c(56): Notify: Parameter Substitution: parameter "FileName" =  "13116a80-8c4e-4aec-b5b0-80077560f7a5.jitdfz"	[MsgId: MMSG-13992]
Action.c(56): This is the first flightnumber 9b86564d-5696-43ee-b398-07db50917928.jitdfz	[MsgId: MMSG-17999]
Action.c(56): This is the first flightnumber 13116a80-8c4e-4aec-b5b0-80077560f7a5.jitdfz	[MsgId: MMSG-17999]
Action.c(59): web_get_int_property was successful  	[MsgId: MMSG-26392]
Action.c(59): web_get_int_property was successful  	[MsgId: MMSG-26392]
Action.c(61): OK!!	[MsgId: MMSG-17999]
Action.c(61): OK!!	[MsgId: MMSG-17999]
Action.c(69): Rendezvous FTP下载	[MsgId: MMSG-17988]
Action.c(69): Rendezvous FTP下载	[MsgId: MMSG-17988]
Action.c(33): t=3983ms: 174-byte response headers for "http://112.124.9.72:3005/Impls/TableModeDataSync.svc/ProcessRequest" (RelFrameId=1, Internal ID=1)
Action.c(33):     HTTP/1.1 200 OK\r\n
Action.c(33):     Content-Length: 185\r\n
Action.c(33):     Content-Type: application/json; charset=utf-8\r\n
Action.c(33):     Server: Microsoft-IIS/7.5\r\n
Action.c(33):     X-Powered-By: ASP.NET\r\n
Action.c(33):     Date: Thu, 01 Aug 2013 14:57:47 GMT\r\n
Action.c(33):     \r\n
Action.c(33): t=3984ms: 185-byte response body for "http://112.124.9.72:3005/Impls/TableModeDataSync.svc/ProcessRequest" (RelFrameId=1, Internal ID=1)
Action.c(33):     {"DownloadFile":"58\\\\9598\\\\download\\\\20130801\\\\79c1ca3c-ce03-4eaf-9df1-ad4592cfcea
Action.c(33):     0.jitdfz","FailFileName":null,"LastUpdateTime":"2013-08-01 00:30:29 430","Message":null,"R
Action.c(33):     esultCode":0}
Action.c(33): Notify: Saving Parameter "WcfResponse = 58\\9598\\download\\20130801\\79c1ca3c-ce03-4eaf-9df1-ad4592cfcea0.jitdfz".	[MsgId: MMSG-13798]
Action.c(33): Notify: Saving Parameter "FileName = 79c1ca3c-ce03-4eaf-9df1-ad4592cfcea0.jitdfz".	[MsgId: MMSG-13798]
Action.c(33): web_custom_request("ListThemes") was successful, 185 body bytes, 174 header bytes  	[MsgId: MMSG-26386]
Action.c(33): t=3984ms: 174-byte response headers for "http://112.124.9.72:3005/Impls/TableModeDataSync.svc/ProcessRequest" (RelFrameId=1, Internal ID=1)
Action.c(33):     HTTP/1.1 200 OK\r\n
Action.c(52): Notify: Transaction "WCF调用" ended with "Pass" status (Duration: 3.0767 Wasted Time: 0.0001).	[MsgId: MMSG-16871]
Action.c(33):     Content-Length: 185\r\n
Action.c(33):     Content-Type: application/json; charset=utf-8\r\n
Action.c(55): Notify: Parameter Substitution: parameter "WcfResponse" =  "58\\9598\\download\\20130801\\79c1ca3c-ce03-4eaf-9df1-ad4592cfcea0.jitdfz"	[MsgId: MMSG-13992]
Action.c(33):     Server: Microsoft-IIS/7.5\r\n
Action.c(55): This is the first flightnumber 58\\9598\\download\\20130801\\79c1ca3c-ce03-4eaf-9df1-ad4592cfcea0.jitdfz	[MsgId: MMSG-17999]
Action.c(33):     X-Powered-By: ASP.NET\r\n
Action.c(33):     Date: Thu, 01 Aug 2013 14:57:47 GMT\r\n
Action.c(33):     \r\n
Action.c(56): Notify: Parameter Substitution: parameter "FileName" =  "79c1ca3c-ce03-4eaf-9df1-ad4592cfcea0.jitdfz"	[MsgId: MMSG-13992]
Action.c(33): t=3984ms: 185-byte response body for "http://112.124.9.72:3005/Impls/TableModeDataSync.svc/ProcessRequest" (RelFrameId=1, Internal ID=1)
Action.c(56): This is the first flightnumber 79c1ca3c-ce03-4eaf-9df1-ad4592cfcea0.jitdfz	[MsgId: MMSG-17999]
Action.c(33):     {"DownloadFile":"58\\\\9604\\\\download\\\\20130801\\\\693bfe5a-bee2-4fb6-bd03-6ac02522f5b
Action.c(59): web_get_int_property was successful  	[MsgId: MMSG-26392]
Action.c(33):     b.jitdfz","FailFileName":null,"LastUpdateTime":"2013-08-01 00:30:40 211","Message":null,"R
Action.c(61): OK!!	[MsgId: MMSG-17999]
Action.c(33):     esultCode":0}
Action.c(69): Rendezvous FTP下载	[MsgId: MMSG-17988]
Action.c(33): Notify: Saving Parameter "WcfResponse = 58\\9604\\download\\20130801\\693bfe5a-bee2-4fb6-bd03-6ac02522f5bb.jitdfz".	[MsgId: MMSG-13798]
Action.c(33): Notify: Saving Parameter "FileName = 693bfe5a-bee2-4fb6-bd03-6ac02522f5bb.jitdfz".	[MsgId: MMSG-13798]
Action.c(33): web_custom_request("ListThemes") was successful, 185 body bytes, 174 header bytes  	[MsgId: MMSG-26386]
Action.c(52): Notify: Transaction "WCF调用" ended with "Pass" status (Duration: 3.0776 Wasted Time: 0.0002).	[MsgId: MMSG-16871]
Action.c(55): Notify: Parameter Substitution: parameter "WcfResponse" =  "58\\9604\\download\\20130801\\693bfe5a-bee2-4fb6-bd03-6ac02522f5bb.jitdfz"	[MsgId: MMSG-13992]
Action.c(55): This is the first flightnumber 58\\9604\\download\\20130801\\693bfe5a-bee2-4fb6-bd03-6ac02522f5bb.jitdfz	[MsgId: MMSG-17999]
Action.c(56): Notify: Parameter Substitution: parameter "FileName" =  "693bfe5a-bee2-4fb6-bd03-6ac02522f5bb.jitdfz"	[MsgId: MMSG-13992]
Action.c(56): This is the first flightnumber 693bfe5a-bee2-4fb6-bd03-6ac02522f5bb.jitdfz	[MsgId: MMSG-17999]
Action.c(59): web_get_int_property was successful  	[MsgId: MMSG-26392]
Action.c(61): OK!!	[MsgId: MMSG-17999]
Action.c(69): Rendezvous FTP下载	[MsgId: MMSG-17988]
Action.c(71): Notify: Transaction "下载文件" started.	[MsgId: MMSG-16999]
Action.c(71): Notify: Transaction "下载文件" started.	[MsgId: MMSG-16999]
Action.c(71): Notify: Transaction "下载文件" started.	[MsgId: MMSG-16999]
Action.c(71): Notify: Transaction "下载文件" started.	[MsgId: MMSG-16999]
Action.c(71): Notify: Transaction "下载文件" started.	[MsgId: MMSG-16999]
Action.c(71): Notify: Transaction "下载文件" started.	[MsgId: MMSG-16999]
Action.c(71): Notify: Transaction "下载文件" started.	[MsgId: MMSG-16999]
Action.c(71): Notify: Transaction "下载文件" started.	[MsgId: MMSG-16999]
Action.c(71): Notify: Transaction "下载文件" started.	[MsgId: MMSG-16999]
Action.c(71): Notify: Transaction "下载文件" started.	[MsgId: MMSG-16999]
Action.c(73): Debug message:Ftp Logon successful.	[MsgId: MMSG0]
Action.c(73): Debug message:Ftp Logon successful.	[MsgId: MMSG0]
Action.c(73): Debug message:Ftp Logon successful.	[MsgId: MMSG0]
Action.c(79): Notify: Parameter Substitution: parameter "WcfResponse" =  "58\\9606\\download\\20130801\\c5b9fb18-a0e6-4f4d-b7f2-147563930034.jitdfz"	[MsgId: MMSG-13992]
Action.c(79): Notify: Parameter Substitution: parameter "WcfResponse" =  "58\\9603\\download\\20130801\\ef64868e-f9e9-4d29-bc2c-aea409d8a09b.jitdfz"	[MsgId: MMSG-13992]
Action.c(79): Notify: Parameter Substitution: parameter "FileName" =  "c5b9fb18-a0e6-4f4d-b7f2-147563930034.jitdfz"	[MsgId: MMSG-13992]
Action.c(79): Notify: Parameter Substitution: parameter "FileName" =  "ef64868e-f9e9-4d29-bc2c-aea409d8a09b.jitdfz"	[MsgId: MMSG-13992]
Action.c(73): Debug message:Ftp Logon successful.	[MsgId: MMSG0]
Action.c(79): Notify: Parameter Substitution: parameter "WcfResponse" =  "58\\9602\\download\\20130801\\13116a80-8c4e-4aec-b5b0-80077560f7a5.jitdfz"	[MsgId: MMSG-13992]
Action.c(79): Notify: Parameter Substitution: parameter "WcfResponse" =  "58\\9605\\download\\20130801\\63939b65-b348-4625-911e-37a0b21d35a6.jitdfz"	[MsgId: MMSG-13992]
Action.c(79): Notify: Parameter Substitution: parameter "FileName" =  "13116a80-8c4e-4aec-b5b0-80077560f7a5.jitdfz"	[MsgId: MMSG-13992]
Action.c(79): Notify: Parameter Substitution: parameter "FileName" =  "63939b65-b348-4625-911e-37a0b21d35a6.jitdfz"	[MsgId: MMSG-13992]
Action.c(73): Debug message:Ftp Logon successful.	[MsgId: MMSG0]
Action.c(73): Debug message:Ftp Logon successful.	[MsgId: MMSG0]
Action.c(79): Notify: Parameter Substitution: parameter "WcfResponse" =  "58\\9604\\download\\20130801\\693bfe5a-bee2-4fb6-bd03-6ac02522f5bb.jitdfz"	[MsgId: MMSG-13992]
Action.c(79): Notify: Parameter Substitution: parameter "WcfResponse" =  "58\\9599\\download\\20130801\\a4cc05bd-7e8f-457c-8921-440cf19b4edf.jitdfz"	[MsgId: MMSG-13992]
Action.c(79): Notify: Parameter Substitution: parameter "FileName" =  "693bfe5a-bee2-4fb6-bd03-6ac02522f5bb.jitdfz"	[MsgId: MMSG-13992]
Action.c(79): Notify: Parameter Substitution: parameter "FileName" =  "a4cc05bd-7e8f-457c-8921-440cf19b4edf.jitdfz"	[MsgId: MMSG-13992]
Action.c(73): Debug message:Ftp Logon successful.	[MsgId: MMSG0]
Action.c(79): Notify: Parameter Substitution: parameter "WcfResponse" =  "58\\9600\\download\\20130801\\0d291c42-7814-4351-9a1a-6acbd4802294.jitdfz"	[MsgId: MMSG-13992]
Action.c(79): Notify: Parameter Substitution: parameter "FileName" =  "0d291c42-7814-4351-9a1a-6acbd4802294.jitdfz"	[MsgId: MMSG-13992]
Action.c(73): Debug message:Ftp Logon successful.	[MsgId: MMSG0]
Action.c(79): Notify: Parameter Substitution: parameter "WcfResponse" =  "58\\9598\\download\\20130801\\79c1ca3c-ce03-4eaf-9df1-ad4592cfcea0.jitdfz"	[MsgId: MMSG-13992]
Action.c(79): Notify: Parameter Substitution: parameter "FileName" =  "79c1ca3c-ce03-4eaf-9df1-ad4592cfcea0.jitdfz"	[MsgId: MMSG-13992]
Action.c(73): Debug message:Ftp Logon successful.	[MsgId: MMSG0]
Action.c(79): Notify: Parameter Substitution: parameter "WcfResponse" =  "58\\9607\\download\\20130801\\0b51919f-6546-4dab-bf77-9186608c58f6.jitdfz"	[MsgId: MMSG-13992]
Action.c(79): Notify: Parameter Substitution: parameter "FileName" =  "0b51919f-6546-4dab-bf77-9186608c58f6.jitdfz"	[MsgId: MMSG-13992]
Action.c(73): Debug message:Ftp Logon successful.	[MsgId: MMSG0]
Action.c(79): Notify: Parameter Substitution: parameter "WcfResponse" =  "58\\9601\\download\\20130801\\9b86564d-5696-43ee-b398-07db50917928.jitdfz"	[MsgId: MMSG-13992]
Action.c(79): Notify: Parameter Substitution: parameter "FileName" =  "9b86564d-5696-43ee-b398-07db50917928.jitdfz"	[MsgId: MMSG-13992]
Action.c(79): Debug message:Getting file 58//9602//download//20130801//13116a80-8c4e-4aec-b5b0-80077560f7a5.jitdfz, passive mode set to 1	[MsgId: MMSG0]
Action.c(79): Debug message:Getting file 58//9603//download//20130801//ef64868e-f9e9-4d29-bc2c-aea409d8a09b.jitdfz, passive mode set to 1	[MsgId: MMSG0]
Action.c(79): Debug message:Getting file 58//9606//download//20130801//c5b9fb18-a0e6-4f4d-b7f2-147563930034.jitdfz, passive mode set to 1	[MsgId: MMSG0]
Action.c(79): Debug message:Getting file 58//9607//download//20130801//0b51919f-6546-4dab-bf77-9186608c58f6.jitdfz, passive mode set to 1	[MsgId: MMSG0]
Action.c(79): Debug message:Getting file 58//9599//download//20130801//a4cc05bd-7e8f-457c-8921-440cf19b4edf.jitdfz, passive mode set to 1	[MsgId: MMSG0]
Action.c(79): Debug message:Getting file 58//9604//download//20130801//693bfe5a-bee2-4fb6-bd03-6ac02522f5bb.jitdfz, passive mode set to 1	[MsgId: MMSG0]
Action.c(79): Debug message:Getting file 58//9605//download//20130801//63939b65-b348-4625-911e-37a0b21d35a6.jitdfz, passive mode set to 1	[MsgId: MMSG0]
Action.c(79): Debug message:Getting file 58//9598//download//20130801//79c1ca3c-ce03-4eaf-9df1-ad4592cfcea0.jitdfz, passive mode set to 1	[MsgId: MMSG0]
Action.c(79): Debug message:Getting file 58//9601//download//20130801//9b86564d-5696-43ee-b398-07db50917928.jitdfz, passive mode set to 1	[MsgId: MMSG0]
Action.c(79): Debug message:Getting file 58//9600//download//20130801//0d291c42-7814-4351-9a1a-6acbd4802294.jitdfz, passive mode set to 1	[MsgId: MMSG0]
Action.c(79): Debug message:Ftp Get finished successfully.	[MsgId: MMSG0]
Action.c(79): Debug message:Ftp Get finished successfully.	[MsgId: MMSG0]
Action.c(90): Debug message:Ftp Session closed successfully.	[MsgId: MMSG0]
Action.c(90): Debug message:Ftp Session closed successfully.	[MsgId: MMSG0]
Action.c(79): Debug message:Ftp Get finished successfully.	[MsgId: MMSG0]
Action.c(79): Debug message:Ftp Get finished successfully.	[MsgId: MMSG0]
Action.c(79): Debug message:Ftp Get finished successfully.	[MsgId: MMSG0]
Action.c(79): Debug message:Ftp Get finished successfully.	[MsgId: MMSG0]
Action.c(79): Debug message:Ftp Get finished successfully.	[MsgId: MMSG0]
Action.c(92): Notify: Transaction "下载文件" ended with "Pass" status (Duration: 1.6316).	[MsgId: MMSG-16873]
Ending action Action.	[MsgId: MMSG-15918]
Ending iteration 1.	[MsgId: MMSG-15965]
Ending Vuser...	[MsgId: MMSG-15966]
Starting action vuser_end.	[MsgId: MMSG-15919]
Ending action vuser_end.	[MsgId: MMSG-15918]
Vuser Terminated.	[MsgId: MMSG-15963]
Action.c(92): Notify: Transaction "下载文件" ended with "Pass" status (Duration: 1.6317).	[MsgId: MMSG-16873]
Ending action Action.	[MsgId: MMSG-15918]
Ending iteration 1.	[MsgId: MMSG-15965]
Ending Vuser...	[MsgId: MMSG-15966]
Starting action vuser_end.	[MsgId: MMSG-15919]
Ending action vuser_end.	[MsgId: MMSG-15918]
Vuser Terminated.	[MsgId: MMSG-15963]
Action.c(79): Debug message:Ftp Get finished successfully.	[MsgId: MMSG0]
Vuser 9 (thread 3172), ended OK."	[MsgId: MMSG-10695]
Vuser 5 (thread 944), ended OK."	[MsgId: MMSG-10695]
Action.c(90): Debug message:Ftp Session closed successfully.	[MsgId: MMSG0]
Action.c(90): Debug message:Ftp Session closed successfully.	[MsgId: MMSG0]
Action.c(90): Debug message:Ftp Session closed successfully.	[MsgId: MMSG0]
Action.c(90): Debug message:Ftp Session closed successfully.	[MsgId: MMSG0]
Action.c(92): Notify: Transaction "下载文件" ended with "Pass" status (Duration: 1.6567).	[MsgId: MMSG-16873]
Ending action Action.	[MsgId: MMSG-15918]
Ending iteration 1.	[MsgId: MMSG-15965]
Ending Vuser...	[MsgId: MMSG-15966]
Starting action vuser_end.	[MsgId: MMSG-15919]
Ending action vuser_end.	[MsgId: MMSG-15918]
Vuser Terminated.	[MsgId: MMSG-15963]
Vuser 6 (thread 2476), ended OK."	[MsgId: MMSG-10695]
Action.c(92): Notify: Transaction "下载文件" ended with "Pass" status (Duration: 1.6587).	[MsgId: MMSG-16873]
Ending action Action.	[MsgId: MMSG-15918]
Ending iteration 1.	[MsgId: MMSG-15965]
Ending Vuser...	[MsgId: MMSG-15966]
Starting action vuser_end.	[MsgId: MMSG-15919]
Ending action vuser_end.	[MsgId: MMSG-15918]
Vuser Terminated.	[MsgId: MMSG-15963]
Action.c(79): Debug message:Ftp Get finished successfully.	[MsgId: MMSG0]
Vuser 8 (thread 3676), ended OK."	[MsgId: MMSG-10695]
Action.c(92): Notify: Transaction "下载文件" ended with "Pass" status (Duration: 1.6602).	[MsgId: MMSG-16873]
Ending action Action.	[MsgId: MMSG-15918]
Ending iteration 1.	[MsgId: MMSG-15965]
Action.c(90): Debug message:Ftp Session closed successfully.	[MsgId: MMSG0]
Ending Vuser...	[MsgId: MMSG-15966]
Starting action vuser_end.	[MsgId: MMSG-15919]
Ending action vuser_end.	[MsgId: MMSG-15918]
Vuser Terminated.	[MsgId: MMSG-15963]
Action.c(92): Notify: Transaction "下载文件" ended with "Pass" status (Duration: 1.6615).	[MsgId: MMSG-16873]
Ending action Action.	[MsgId: MMSG-15918]
Ending iteration 1.	[MsgId: MMSG-15965]
Ending Vuser...	[MsgId: MMSG-15966]
Starting action vuser_end.	[MsgId: MMSG-15919]
Ending action vuser_end.	[MsgId: MMSG-15918]
Vuser Terminated.	[MsgId: MMSG-15963]
Vuser 3 (thread 2136), ended OK."	[MsgId: MMSG-10695]
Action.c(92): Notify: Transaction "下载文件" ended with "Pass" status (Duration: 1.6617).	[MsgId: MMSG-16873]
Ending action Action.	[MsgId: MMSG-15918]
Ending iteration 1.	[MsgId: MMSG-15965]
Ending Vuser...	[MsgId: MMSG-15966]
Starting action vuser_end.	[MsgId: MMSG-15919]
Ending action vuser_end.	[MsgId: MMSG-15918]
Vuser Terminated.	[MsgId: MMSG-15963]
Vuser 2 (thread 2436), ended OK."	[MsgId: MMSG-10695]
Vuser 0 (thread 3436), ended OK."	[MsgId: MMSG-10695]
Action.c(90): Debug message:Ftp Session closed successfully.	[MsgId: MMSG0]
Action.c(90): Debug message:Ftp Session closed successfully.	[MsgId: MMSG0]
Action.c(92): Notify: Transaction "下载文件" ended with "Pass" status (Duration: 1.6715).	[MsgId: MMSG-16873]
Ending action Action.	[MsgId: MMSG-15918]
Action.c(92): Notify: Transaction "下载文件" ended with "Pass" status (Duration: 1.6739).	[MsgId: MMSG-16873]
Ending iteration 1.	[MsgId: MMSG-15965]
Ending action Action.	[MsgId: MMSG-15918]
Ending Vuser...	[MsgId: MMSG-15966]
Starting action vuser_end.	[MsgId: MMSG-15919]
Ending iteration 1.	[MsgId: MMSG-15965]
Ending Vuser...	[MsgId: MMSG-15966]
Ending action vuser_end.	[MsgId: MMSG-15918]
Starting action vuser_end.	[MsgId: MMSG-15919]
Vuser Terminated.	[MsgId: MMSG-15963]
Ending action vuser_end.	[MsgId: MMSG-15918]
Vuser Terminated.	[MsgId: MMSG-15963]
Vuser 1 (thread 2884), ended OK."	[MsgId: MMSG-10695]
Vuser 7 (thread 1068), ended OK."	[MsgId: MMSG-10695]
Action.c(79): Debug message:Ftp Get finished successfully.	[MsgId: MMSG0]
Action.c(90): Debug message:Ftp Session closed successfully.	[MsgId: MMSG0]
Action.c(92): Notify: Transaction "下载文件" ended with "Pass" status (Duration: 1.7341).	[MsgId: MMSG-16873]
Ending action Action.	[MsgId: MMSG-15918]
Ending iteration 1.	[MsgId: MMSG-15965]
Ending Vuser...	[MsgId: MMSG-15966]
Starting action vuser_end.	[MsgId: MMSG-15919]
Ending action vuser_end.	[MsgId: MMSG-15918]
Vuser Terminated.	[MsgId: MMSG-15963]
Vuser 4 (thread 2688), ended OK."	[MsgId: MMSG-10695]
