Virtual User Script started at : 2013-07-30 19:09:05	[MsgId: MMSG-15967]
Virtual User Script started at : 2013-07-30 19:09:05	[MsgId: MMSG-15967]
Starting action vuser_init.	[MsgId: MMSG-15919]
Web Turbo Replay of LoadRunner 11.0.0 for WINXP; build 8859 (Aug 18 2010 20:14:31)  	[MsgId: MMSG-27143]
Run Mode: HTML  	[MsgId: MMSG-26000]
Run-Time Settings file: "C:\Documents and Settings\Administrator\Local Settings\Temp\lr5tmpdir5FX.952\lrcfgSI3.953\cfgSxg.956"  	[MsgId: MMSG-27141]
Starting action vuser_init.	[MsgId: MMSG-15919]
Ending action vuser_init.	[MsgId: MMSG-15918]
Running Vuser...	[MsgId: MMSG-15964]
Web Turbo Replay of LoadRunner 11.0.0 for WINXP; build 8859 (Aug 18 2010 20:14:31)  	[MsgId: MMSG-27143]
Run Mode: HTML  	[MsgId: MMSG-26000]
Starting iteration 1.	[MsgId: MMSG-15968]
Starting action Action.	[MsgId: MMSG-15919]
Run-Time Settings file: "C:\Documents and Settings\Administrator\Local Settings\Temp\lr5tmpdir5FX.952\lrcfgSI3.953\cfgSxg.956"  	[MsgId: MMSG-27141]
Ending action vuser_init.	[MsgId: MMSG-15918]
Running Vuser...	[MsgId: MMSG-15964]
Action.c(11): Registering web_reg_save_param was successful  	[MsgId: MMSG-26390]
Action.c(21): Rendezvous 登录	[MsgId: MMSG-17988]
Virtual User Script started at : 2013-07-30 19:09:05	[MsgId: MMSG-15967]
Starting action vuser_init.	[MsgId: MMSG-15919]
Web Turbo Replay of LoadRunner 11.0.0 for WINXP; build 8859 (Aug 18 2010 20:14:31)  	[MsgId: MMSG-27143]
Run Mode: HTML  	[MsgId: MMSG-26000]
Run-Time Settings file: "C:\Documents and Settings\Administrator\Local Settings\Temp\lr5tmpdir5FX.952\lrcfgSI3.953\cfgSxg.956"  	[MsgId: MMSG-27141]
Ending action vuser_init.	[MsgId: MMSG-15918]
Running Vuser...	[MsgId: MMSG-15964]
Starting iteration 1.	[MsgId: MMSG-15968]
Starting iteration 1.	[MsgId: MMSG-15968]
Starting action Action.	[MsgId: MMSG-15919]
Action.c(11): Registering web_reg_save_param was successful  	[MsgId: MMSG-26390]
Starting action Action.	[MsgId: MMSG-15919]
Action.c(11): Registering web_reg_save_param was successful  	[MsgId: MMSG-26390]
Action.c(21): Rendezvous 登录	[MsgId: MMSG-17988]
Action.c(21): Rendezvous 登录	[MsgId: MMSG-17988]
Virtual User Script started at : 2013-07-30 19:09:05	[MsgId: MMSG-15967]
Starting action vuser_init.	[MsgId: MMSG-15919]
Web Turbo Replay of LoadRunner 11.0.0 for WINXP; build 8859 (Aug 18 2010 20:14:31)  	[MsgId: MMSG-27143]
Run Mode: HTML  	[MsgId: MMSG-26000]
Run-Time Settings file: "C:\Documents and Settings\Administrator\Local Settings\Temp\lr5tmpdir5FX.952\lrcfgSI3.953\cfgSxg.956"  	[MsgId: MMSG-27141]
Ending action vuser_init.	[MsgId: MMSG-15918]
Running Vuser...	[MsgId: MMSG-15964]
Starting iteration 1.	[MsgId: MMSG-15968]
Starting action Action.	[MsgId: MMSG-15919]
Action.c(11): Registering web_reg_save_param was successful  	[MsgId: MMSG-26390]
Action.c(21): Rendezvous 登录	[MsgId: MMSG-17988]
Virtual User Script started at : 2013-07-30 19:09:05	[MsgId: MMSG-15967]
Starting action vuser_init.	[MsgId: MMSG-15919]
Web Turbo Replay of LoadRunner 11.0.0 for WINXP; build 8859 (Aug 18 2010 20:14:31)  	[MsgId: MMSG-27143]
Run Mode: HTML  	[MsgId: MMSG-26000]
Run-Time Settings file: "C:\Documents and Settings\Administrator\Local Settings\Temp\lr5tmpdir5FX.952\lrcfgSI3.953\cfgSxg.956"  	[MsgId: MMSG-27141]
Ending action vuser_init.	[MsgId: MMSG-15918]
Running Vuser...	[MsgId: MMSG-15964]
Starting iteration 1.	[MsgId: MMSG-15968]
Starting action Action.	[MsgId: MMSG-15919]
Action.c(11): Registering web_reg_save_param was successful  	[MsgId: MMSG-26390]
Action.c(21): Rendezvous 登录	[MsgId: MMSG-17988]
Virtual User Script started at : 2013-07-30 19:09:05	[MsgId: MMSG-15967]
Starting action vuser_init.	[MsgId: MMSG-15919]
Web Turbo Replay of LoadRunner 11.0.0 for WINXP; build 8859 (Aug 18 2010 20:14:31)  	[MsgId: MMSG-27143]
Run Mode: HTML  	[MsgId: MMSG-26000]
Run-Time Settings file: "C:\Documents and Settings\Administrator\Local Settings\Temp\lr5tmpdir5FX.952\lrcfgSI3.953\cfgSxg.956"  	[MsgId: MMSG-27141]
Ending action vuser_init.	[MsgId: MMSG-15918]
Running Vuser...	[MsgId: MMSG-15964]
Starting iteration 1.	[MsgId: MMSG-15968]
Starting action Action.	[MsgId: MMSG-15919]
Action.c(11): Registering web_reg_save_param was successful  	[MsgId: MMSG-26390]
Action.c(21): Rendezvous 登录	[MsgId: MMSG-17988]
Virtual User Script started at : 2013-07-30 19:09:05	[MsgId: MMSG-15967]
Starting action vuser_init.	[MsgId: MMSG-15919]
Web Turbo Replay of LoadRunner 11.0.0 for WINXP; build 8859 (Aug 18 2010 20:14:31)  	[MsgId: MMSG-27143]
Run Mode: HTML  	[MsgId: MMSG-26000]
Run-Time Settings file: "C:\Documents and Settings\Administrator\Local Settings\Temp\lr5tmpdir5FX.952\lrcfgSI3.953\cfgSxg.956"  	[MsgId: MMSG-27141]
Ending action vuser_init.	[MsgId: MMSG-15918]
Running Vuser...	[MsgId: MMSG-15964]
Starting iteration 1.	[MsgId: MMSG-15968]
Starting action Action.	[MsgId: MMSG-15919]
Action.c(11): Registering web_reg_save_param was successful  	[MsgId: MMSG-26390]
Action.c(21): Rendezvous 登录	[MsgId: MMSG-17988]
Virtual User Script started at : 2013-07-30 19:09:05	[MsgId: MMSG-15967]
Starting action vuser_init.	[MsgId: MMSG-15919]
Web Turbo Replay of LoadRunner 11.0.0 for WINXP; build 8859 (Aug 18 2010 20:14:31)  	[MsgId: MMSG-27143]
Run Mode: HTML  	[MsgId: MMSG-26000]
Run-Time Settings file: "C:\Documents and Settings\Administrator\Local Settings\Temp\lr5tmpdir5FX.952\lrcfgSI3.953\cfgSxg.956"  	[MsgId: MMSG-27141]
Ending action vuser_init.	[MsgId: MMSG-15918]
Running Vuser...	[MsgId: MMSG-15964]
Starting iteration 1.	[MsgId: MMSG-15968]
Starting action Action.	[MsgId: MMSG-15919]
Action.c(11): Registering web_reg_save_param was successful  	[MsgId: MMSG-26390]
Action.c(21): Rendezvous 登录	[MsgId: MMSG-17988]
Virtual User Script started at : 2013-07-30 19:09:05	[MsgId: MMSG-15967]
Starting action vuser_init.	[MsgId: MMSG-15919]
Web Turbo Replay of LoadRunner 11.0.0 for WINXP; build 8859 (Aug 18 2010 20:14:31)  	[MsgId: MMSG-27143]
Run Mode: HTML  	[MsgId: MMSG-26000]
Run-Time Settings file: "C:\Documents and Settings\Administrator\Local Settings\Temp\lr5tmpdir5FX.952\lrcfgSI3.953\cfgSxg.956"  	[MsgId: MMSG-27141]
Ending action vuser_init.	[MsgId: MMSG-15918]
Running Vuser...	[MsgId: MMSG-15964]
Starting iteration 1.	[MsgId: MMSG-15968]
Starting action Action.	[MsgId: MMSG-15919]
Action.c(11): Registering web_reg_save_param was successful  	[MsgId: MMSG-26390]
Action.c(21): Rendezvous 登录	[MsgId: MMSG-17988]
Virtual User Script started at : 2013-07-30 19:09:05	[MsgId: MMSG-15967]
Starting action vuser_init.	[MsgId: MMSG-15919]
Web Turbo Replay of LoadRunner 11.0.0 for WINXP; build 8859 (Aug 18 2010 20:14:31)  	[MsgId: MMSG-27143]
Run Mode: HTML  	[MsgId: MMSG-26000]
Run-Time Settings file: "C:\Documents and Settings\Administrator\Local Settings\Temp\lr5tmpdir5FX.952\lrcfgSI3.953\cfgSxg.956"  	[MsgId: MMSG-27141]
Ending action vuser_init.	[MsgId: MMSG-15918]
Running Vuser...	[MsgId: MMSG-15964]
Starting iteration 1.	[MsgId: MMSG-15968]
Starting action Action.	[MsgId: MMSG-15919]
Action.c(11): Registering web_reg_save_param was successful  	[MsgId: MMSG-26390]
Action.c(21): Rendezvous 登录	[MsgId: MMSG-17988]
Action.c(23): Notify: Transaction "登录" started.	[MsgId: MMSG-16999]
Action.c(23): Notify: Transaction "登录" started.	[MsgId: MMSG-16999]
Action.c(23): Notify: Transaction "登录" started.	[MsgId: MMSG-16999]
Action.c(26): Warning: The string 'success:true,msg:"/default.aspx?type=dpage"' with parameter delimiters is not a parameter.	[MsgId: MWAR-13987]
Action.c(26): Warning: The string 'success:true,msg:"/default.aspx?type=dpage"' with parameter delimiters is not a parameter.	[MsgId: MWAR-13987]
Action.c(26): Registering web_reg_find was successful  	[MsgId: MMSG-26390]
Action.c(26): Registering web_reg_find was successful  	[MsgId: MMSG-26390]
Action.c(23): Notify: Transaction "登录" started.	[MsgId: MMSG-16999]
Action.c(26): Warning: The string 'success:true,msg:"/default.aspx?type=dpage"' with parameter delimiters is not a parameter.	[MsgId: MWAR-13987]
Action.c(26): Registering web_reg_find was successful  	[MsgId: MMSG-26390]
Action.c(23): Notify: Transaction "登录" started.	[MsgId: MMSG-16999]
Action.c(23): Notify: Transaction "登录" started.	[MsgId: MMSG-16999]
Action.c(23): Notify: Transaction "登录" started.	[MsgId: MMSG-16999]
Action.c(26): Warning: The string 'success:true,msg:"/default.aspx?type=dpage"' with parameter delimiters is not a parameter.	[MsgId: MWAR-13987]
Action.c(23): Notify: Transaction "登录" started.	[MsgId: MMSG-16999]
Action.c(23): Notify: Transaction "登录" started.	[MsgId: MMSG-16999]
Action.c(23): Notify: Transaction "登录" started.	[MsgId: MMSG-16999]
Action.c(26): Registering web_reg_find was successful  	[MsgId: MMSG-26390]
Action.c(26): Warning: The string 'success:true,msg:"/default.aspx?type=dpage"' with parameter delimiters is not a parameter.	[MsgId: MWAR-13987]
Action.c(26): Registering web_reg_find was successful  	[MsgId: MMSG-26390]
Action.c(26): Warning: The string 'success:true,msg:"/default.aspx?type=dpage"' with parameter delimiters is not a parameter.	[MsgId: MWAR-13987]
Action.c(26): Registering web_reg_find was successful  	[MsgId: MMSG-26390]
Action.c(26): Warning: The string 'success:true,msg:"/default.aspx?type=dpage"' with parameter delimiters is not a parameter.	[MsgId: MWAR-13987]
Action.c(26): Registering web_reg_find was successful  	[MsgId: MMSG-26390]
Action.c(26): Warning: The string 'success:true,msg:"/default.aspx?type=dpage"' with parameter delimiters is not a parameter.	[MsgId: MWAR-13987]
Action.c(26): Warning: The string 'success:true,msg:"/default.aspx?type=dpage"' with parameter delimiters is not a parameter.	[MsgId: MWAR-13987]
Action.c(26): Registering web_reg_find was successful  	[MsgId: MMSG-26390]
Action.c(26): Registering web_reg_find was successful  	[MsgId: MMSG-26390]
Action.c(26): Warning: The string 'success:true,msg:"/default.aspx?type=dpage"' with parameter delimiters is not a parameter.	[MsgId: MWAR-13987]
Action.c(26): Registering web_reg_find was successful  	[MsgId: MMSG-26390]
Action.c(31): t=2887ms: 567-byte response headers for "http://112.124.44.147/login.aspx?method=UserLogin&r=0.545917712508873" (RelFrameId=1, Internal ID=1)
Action.c(31):     HTTP/1.1 200 OK\r\n
Action.c(31):     Cache-Control: private\r\n
Action.c(31):     Content-Type: text/html; charset=utf-8\r\n
Action.c(31):     Server: Microsoft-IIS/7.5\r\n
Action.c(31):     Set-Cookie: ASP.NET_SessionId=swlgr5goetjf234lhpvojkrf; path=/; HttpOnly\r\n
Action.c(31):     X-AspNet-Version: 4.0.30319\r\n
Action.c(31):     Set-Cookie: ASP.NET_SessionId=swlgr5goetjf234lhpvojkrf; path=/; HttpOnly\r\n
Action.c(31):     Set-Cookie: CCCJKLFAJUIORW=k1M+L9BW+dyABTNw1zwJzQ==; expires=Tue, 06-Aug-2013 11:08:58 GMT
Action.c(31):     ; path=/\r\n
Action.c(31):     Set-Cookie: CWRWQFAJKLUOIL=/tDXJc/YRytlx7n/GGg6gg==; expires=Tue, 06-Aug-2013 11:08:58 GMT
Action.c(31):     ; path=/\r\n
Action.c(31):     X-Powered-By: ASP.NET\r\n
Action.c(31):     Date: Tue, 30 Jul 2013 11:09:00 GMT\r\n
Action.c(31):     Content-Length: 47\r\n
Action.c(31):     \r\n
Action.c(31): t=2887ms: 47-byte response body for "http://112.124.44.147/login.aspx?method=UserLogin&r=0.545917712508873" (RelFrameId=1, Internal ID=1)
Action.c(31):     [{success:true,msg:"/default.aspx?type=dpage"}]
Action.c(31): Notify: Saving Parameter "response = [{success:true,msg:"/default.aspx?type=dpage"}]".	[MsgId: MMSG-13798]
Action.c(31): Registered web_reg_find successful for "Text=[{success:true,msg:"/default.aspx?type=dpage"}]" (count=1)  	[MsgId: MMSG-26364]
Action.c(31): web_submit_data("login.aspx_2") was successful, 47 body bytes, 567 header bytes  	[MsgId: MMSG-26386]
Action.c(45): Notify: Parameter Substitution: parameter "response" =  "[{success:true,msg:"/default.aspx?type=dpage"}]"	[MsgId: MMSG-13992]
Action.c(45): 参数值为 [{success:true,msg:"/default.aspx?type=dpage"}]	[MsgId: MMSG-17999]
Action.c(52): Notify: Transaction "登录" ended with "Pass" status (Duration: 2.3230 Wasted Time: 0.0000).	[MsgId: MMSG-16871]
Ending action Action.	[MsgId: MMSG-15918]
Ending iteration 1.	[MsgId: MMSG-15965]
Ending Vuser...	[MsgId: MMSG-15966]
Starting action vuser_end.	[MsgId: MMSG-15919]
Ending action vuser_end.	[MsgId: MMSG-15918]
Vuser Terminated.	[MsgId: MMSG-15963]
Action.c(31): t=2888ms: 567-byte response headers for "http://112.124.44.147/login.aspx?method=UserLogin&r=0.545917712508873" (RelFrameId=1, Internal ID=1)
Action.c(31):     HTTP/1.1 200 OK\r\n
Action.c(31):     Cache-Control: private\r\n
Action.c(31):     Content-Type: text/html; charset=utf-8\r\n
Action.c(31):     Server: Microsoft-IIS/7.5\r\n
Action.c(31):     Set-Cookie: ASP.NET_SessionId=lsm2ef0g50mup52gkry3kl5s; path=/; HttpOnly\r\n
Action.c(31):     X-AspNet-Version: 4.0.30319\r\n
Action.c(31):     Set-Cookie: ASP.NET_SessionId=lsm2ef0g50mup52gkry3kl5s; path=/; HttpOnly\r\n
Action.c(31):     Set-Cookie: CCCJKLFAJUIORW=k1M+L9BW+dyABTNw1zwJzQ==; expires=Tue, 06-Aug-2013 11:08:59 GMT
Action.c(31):     ; path=/\r\n
Action.c(31):     Set-Cookie: CWRWQFAJKLUOIL=/tDXJc/YRytlx7n/GGg6gg==; expires=Tue, 06-Aug-2013 11:08:59 GMT
Action.c(31):     ; path=/\r\n
Action.c(31):     X-Powered-By: ASP.NET\r\n
Action.c(31):     Date: Tue, 30 Jul 2013 11:09:00 GMT\r\n
Action.c(31):     Content-Length: 47\r\n
Action.c(31):     \r\n
Action.c(31): t=2889ms: 47-byte response body for "http://112.124.44.147/login.aspx?method=UserLogin&r=0.545917712508873" (RelFrameId=1, Internal ID=1)
Action.c(31):     [{success:true,msg:"/default.aspx?type=dpage"}]
Action.c(31): Notify: Saving Parameter "response = [{success:true,msg:"/default.aspx?type=dpage"}]".	[MsgId: MMSG-13798]
Action.c(31): Registered web_reg_find successful for "Text=[{success:true,msg:"/default.aspx?type=dpage"}]" (count=1)  	[MsgId: MMSG-26364]
Action.c(31): web_submit_data("login.aspx_2") was successful, 47 body bytes, 567 header bytes  	[MsgId: MMSG-26386]
Action.c(45): Notify: Parameter Substitution: parameter "response" =  "[{success:true,msg:"/default.aspx?type=dpage"}]"	[MsgId: MMSG-13992]
Action.c(45): 参数值为 [{success:true,msg:"/default.aspx?type=dpage"}]	[MsgId: MMSG-17999]
Action.c(52): Notify: Transaction "登录" ended with "Pass" status (Duration: 2.3259 Wasted Time: 0.0000).	[MsgId: MMSG-16871]
Ending action Action.	[MsgId: MMSG-15918]
Ending iteration 1.	[MsgId: MMSG-15965]
Ending Vuser...	[MsgId: MMSG-15966]
Starting action vuser_end.	[MsgId: MMSG-15919]
Ending action vuser_end.	[MsgId: MMSG-15918]
Vuser Terminated.	[MsgId: MMSG-15963]
Action.c(31): t=2890ms: 567-byte response headers for "http://112.124.44.147/login.aspx?method=UserLogin&r=0.545917712508873" (RelFrameId=1, Internal ID=1)
Action.c(31):     HTTP/1.1 200 OK\r\n
Action.c(31):     Cache-Control: private\r\n
Action.c(31):     Content-Type: text/html; charset=utf-8\r\n
Action.c(31):     Server: Microsoft-IIS/7.5\r\n
Action.c(31):     Set-Cookie: ASP.NET_SessionId=mjfi2m3lbfcmnxnktuxkqr30; path=/; HttpOnly\r\n
Action.c(31): t=2891ms: 567-byte response headers for "http://112.124.44.147/login.aspx?method=UserLogin&r=0.545917712508873" (RelFrameId=1, Internal ID=1)
Action.c(31):     X-AspNet-Version: 4.0.30319\r\n
Action.c(31):     HTTP/1.1 200 OK\r\n
Action.c(31):     Set-Cookie: ASP.NET_SessionId=mjfi2m3lbfcmnxnktuxkqr30; path=/; HttpOnly\r\n
Action.c(31):     Cache-Control: private\r\n
Action.c(31):     Set-Cookie: CCCJKLFAJUIORW=k1M+L9BW+dyABTNw1zwJzQ==; expires=Tue, 06-Aug-2013 11:08:59 GMT
Action.c(31):     Content-Type: text/html; charset=utf-8\r\n
Action.c(31):     ; path=/\r\n
Action.c(31):     Server: Microsoft-IIS/7.5\r\n
Action.c(31):     Set-Cookie: CWRWQFAJKLUOIL=/tDXJc/YRytlx7n/GGg6gg==; expires=Tue, 06-Aug-2013 11:08:59 GMT
Action.c(31):     Set-Cookie: ASP.NET_SessionId=m33fxjufsinr0vulkdhlparc; path=/; HttpOnly\r\n
Action.c(31):     ; path=/\r\n
Action.c(31):     X-AspNet-Version: 4.0.30319\r\n
Action.c(31):     X-Powered-By: ASP.NET\r\n
Action.c(31):     Set-Cookie: ASP.NET_SessionId=m33fxjufsinr0vulkdhlparc; path=/; HttpOnly\r\n
Action.c(31):     Date: Tue, 30 Jul 2013 11:09:00 GMT\r\n
Action.c(31):     Set-Cookie: CCCJKLFAJUIORW=k1M+L9BW+dyABTNw1zwJzQ==; expires=Tue, 06-Aug-2013 11:08:58 GMT
Action.c(31):     Content-Length: 47\r\n
Action.c(31): t=2891ms: 567-byte response headers for "http://112.124.44.147/login.aspx?method=UserLogin&r=0.545917712508873" (RelFrameId=1, Internal ID=1)
Vuser 8 (thread 2224), ended OK."	[MsgId: MMSG-10695]
Action.c(31):     HTTP/1.1 200 OK\r\n
Action.c(31):     Cache-Control: private\r\n
Action.c(31):     Content-Type: text/html; charset=utf-8\r\n
Action.c(31):     Server: Microsoft-IIS/7.5\r\n
Action.c(31):     Set-Cookie: ASP.NET_SessionId=yi5br1mgvjxet45uxuzjnico; path=/; HttpOnly\r\n
Action.c(31):     X-AspNet-Version: 4.0.30319\r\n
Action.c(31):     Set-Cookie: ASP.NET_SessionId=yi5br1mgvjxet45uxuzjnico; path=/; HttpOnly\r\n
Action.c(31):     Set-Cookie: CCCJKLFAJUIORW=k1M+L9BW+dyABTNw1zwJzQ==; expires=Tue, 06-Aug-2013 11:08:58 GMT
Action.c(31):     ; path=/\r\n
Action.c(31):     Set-Cookie: CWRWQFAJKLUOIL=/tDXJc/YRytlx7n/GGg6gg==; expires=Tue, 06-Aug-2013 11:08:58 GMT
Action.c(31):     ; path=/\r\n
Action.c(31):     \r\n
Action.c(31):     X-Powered-By: ASP.NET\r\n
Action.c(31):     Date: Tue, 30 Jul 2013 11:09:00 GMT\r\n
Action.c(31):     Content-Length: 47\r\n
Action.c(31): t=2892ms: 47-byte response body for "http://112.124.44.147/login.aspx?method=UserLogin&r=0.545917712508873" (RelFrameId=1, Internal ID=1)
Action.c(31):     \r\n
Action.c(31):     [{success:true,msg:"/default.aspx?type=dpage"}]
Action.c(31): t=2892ms: 47-byte response body for "http://112.124.44.147/login.aspx?method=UserLogin&r=0.545917712508873" (RelFrameId=1, Internal ID=1)
Action.c(31): Notify: Saving Parameter "response = [{success:true,msg:"/default.aspx?type=dpage"}]".	[MsgId: MMSG-13798]
Action.c(31):     [{success:true,msg:"/default.aspx?type=dpage"}]
Action.c(31): Notify: Saving Parameter "response = [{success:true,msg:"/default.aspx?type=dpage"}]".	[MsgId: MMSG-13798]
Action.c(31): Registered web_reg_find successful for "Text=[{success:true,msg:"/default.aspx?type=dpage"}]" (count=1)  	[MsgId: MMSG-26364]
Action.c(31): Registered web_reg_find successful for "Text=[{success:true,msg:"/default.aspx?type=dpage"}]" (count=1)  	[MsgId: MMSG-26364]
Action.c(31): web_submit_data("login.aspx_2") was successful, 47 body bytes, 567 header bytes  	[MsgId: MMSG-26386]
Action.c(31): t=2892ms: 567-byte response headers for "http://112.124.44.147/login.aspx?method=UserLogin&r=0.545917712508873" (RelFrameId=1, Internal ID=1)
Action.c(45): Notify: Parameter Substitution: parameter "response" =  "[{success:true,msg:"/default.aspx?type=dpage"}]"	[MsgId: MMSG-13992]
Action.c(31):     HTTP/1.1 200 OK\r\n
Action.c(45): 参数值为 [{success:true,msg:"/default.aspx?type=dpage"}]	[MsgId: MMSG-17999]
Action.c(31):     Cache-Control: private\r\n
Action.c(31):     Content-Type: text/html; charset=utf-8\r\n
Action.c(31):     Server: Microsoft-IIS/7.5\r\n
Action.c(52): Notify: Transaction "登录" ended with "Pass" status (Duration: 2.3288 Wasted Time: 0.0000).	[MsgId: MMSG-16871]
Action.c(31):     Set-Cookie: ASP.NET_SessionId=cwsq240wporubr4wtkqwlcrt; path=/; HttpOnly\r\n
Action.c(31):     X-AspNet-Version: 4.0.30319\r\n
Ending action Action.	[MsgId: MMSG-15918]
Action.c(31):     Set-Cookie: ASP.NET_SessionId=cwsq240wporubr4wtkqwlcrt; path=/; HttpOnly\r\n
Action.c(31):     Set-Cookie: CCCJKLFAJUIORW=k1M+L9BW+dyABTNw1zwJzQ==; expires=Tue, 06-Aug-2013 11:08:58 GMT
Ending iteration 1.	[MsgId: MMSG-15965]
Action.c(31):     ; path=/\r\n
Ending Vuser...	[MsgId: MMSG-15966]
Action.c(31):     Set-Cookie: CWRWQFAJKLUOIL=/tDXJc/YRytlx7n/GGg6gg==; expires=Tue, 06-Aug-2013 11:08:58 GMT
Starting action vuser_end.	[MsgId: MMSG-15919]
Action.c(31):     ; path=/\r\n
Action.c(31):     X-Powered-By: ASP.NET\r\n
Ending action vuser_end.	[MsgId: MMSG-15918]
Action.c(31):     Date: Tue, 30 Jul 2013 11:09:00 GMT\r\n
Vuser Terminated.	[MsgId: MMSG-15963]
Action.c(31):     Content-Length: 47\r\n
Action.c(31):     \r\n
Action.c(31): web_submit_data("login.aspx_2") was successful, 47 body bytes, 567 header bytes  	[MsgId: MMSG-26386]
Action.c(45): Notify: Parameter Substitution: parameter "response" =  "[{success:true,msg:"/default.aspx?type=dpage"}]"	[MsgId: MMSG-13992]
Action.c(45): 参数值为 [{success:true,msg:"/default.aspx?type=dpage"}]	[MsgId: MMSG-17999]
Action.c(52): Notify: Transaction "登录" ended with "Pass" status (Duration: 2.3307 Wasted Time: 0.0000).	[MsgId: MMSG-16871]
Ending action Action.	[MsgId: MMSG-15918]
Ending iteration 1.	[MsgId: MMSG-15965]
Ending Vuser...	[MsgId: MMSG-15966]
Starting action vuser_end.	[MsgId: MMSG-15919]
Ending action vuser_end.	[MsgId: MMSG-15918]
Vuser Terminated.	[MsgId: MMSG-15963]
Action.c(31):     ; path=/\r\n
Action.c(31): t=2894ms: 567-byte response headers for "http://112.124.44.147/login.aspx?method=UserLogin&r=0.545917712508873" (RelFrameId=1, Internal ID=1)
Action.c(31):     Set-Cookie: CWRWQFAJKLUOIL=/tDXJc/YRytlx7n/GGg6gg==; expires=Tue, 06-Aug-2013 11:08:58 GMT
Action.c(31):     HTTP/1.1 200 OK\r\n
Action.c(31):     ; path=/\r\n
Action.c(31):     Cache-Control: private\r\n
Action.c(31):     X-Powered-By: ASP.NET\r\n
Action.c(31):     Content-Type: text/html; charset=utf-8\r\n
Action.c(31):     Date: Tue, 30 Jul 2013 11:09:00 GMT\r\n
Action.c(31):     Server: Microsoft-IIS/7.5\r\n
Action.c(31):     Content-Length: 47\r\n
Action.c(31):     Set-Cookie: ASP.NET_SessionId=mxrcwrpsj4ec1a4mdrqjyye4; path=/; HttpOnly\r\n
Action.c(31):     \r\n
Action.c(31):     X-AspNet-Version: 4.0.30319\r\n
Action.c(31):     Set-Cookie: ASP.NET_SessionId=mxrcwrpsj4ec1a4mdrqjyye4; path=/; HttpOnly\r\n
Action.c(31): t=2894ms: 47-byte response body for "http://112.124.44.147/login.aspx?method=UserLogin&r=0.545917712508873" (RelFrameId=1, Internal ID=1)
Action.c(31):     Set-Cookie: CCCJKLFAJUIORW=k1M+L9BW+dyABTNw1zwJzQ==; expires=Tue, 06-Aug-2013 11:08:58 GMT
Action.c(31):     [{success:true,msg:"/default.aspx?type=dpage"}]
Action.c(31):     ; path=/\r\n
Action.c(31):     Set-Cookie: CWRWQFAJKLUOIL=/tDXJc/YRytlx7n/GGg6gg==; expires=Tue, 06-Aug-2013 11:08:58 GMT
Action.c(31): Notify: Saving Parameter "response = [{success:true,msg:"/default.aspx?type=dpage"}]".	[MsgId: MMSG-13798]
Action.c(31):     ; path=/\r\n
Action.c(31):     X-Powered-By: ASP.NET\r\n
Action.c(31): Registered web_reg_find successful for "Text=[{success:true,msg:"/default.aspx?type=dpage"}]" (count=1)  	[MsgId: MMSG-26364]
Action.c(31):     Date: Tue, 30 Jul 2013 11:09:00 GMT\r\n
Action.c(31):     Content-Length: 47\r\n
Action.c(31): web_submit_data("login.aspx_2") was successful, 47 body bytes, 567 header bytes  	[MsgId: MMSG-26386]
Action.c(31):     \r\n
Action.c(45): Notify: Parameter Substitution: parameter "response" =  "[{success:true,msg:"/default.aspx?type=dpage"}]"	[MsgId: MMSG-13992]
Action.c(31): t=2894ms: 47-byte response body for "http://112.124.44.147/login.aspx?method=UserLogin&r=0.545917712508873" (RelFrameId=1, Internal ID=1)
Action.c(45): 参数值为 [{success:true,msg:"/default.aspx?type=dpage"}]	[MsgId: MMSG-17999]
Action.c(31):     [{success:true,msg:"/default.aspx?type=dpage"}]
Action.c(31): Notify: Saving Parameter "response = [{success:true,msg:"/default.aspx?type=dpage"}]".	[MsgId: MMSG-13798]
Action.c(52): Notify: Transaction "登录" ended with "Pass" status (Duration: 2.3327 Wasted Time: 0.0000).	[MsgId: MMSG-16871]
Action.c(31): Registered web_reg_find successful for "Text=[{success:true,msg:"/default.aspx?type=dpage"}]" (count=1)  	[MsgId: MMSG-26364]
Ending action Action.	[MsgId: MMSG-15918]
Action.c(31): web_submit_data("login.aspx_2") was successful, 47 body bytes, 567 header bytes  	[MsgId: MMSG-26386]
Ending iteration 1.	[MsgId: MMSG-15965]
Action.c(45): Notify: Parameter Substitution: parameter "response" =  "[{success:true,msg:"/default.aspx?type=dpage"}]"	[MsgId: MMSG-13992]
Ending Vuser...	[MsgId: MMSG-15966]
Action.c(45): 参数值为 [{success:true,msg:"/default.aspx?type=dpage"}]	[MsgId: MMSG-17999]
Starting action vuser_end.	[MsgId: MMSG-15919]
Action.c(52): Notify: Transaction "登录" ended with "Pass" status (Duration: 2.3324 Wasted Time: 0.0000).	[MsgId: MMSG-16871]
Ending action vuser_end.	[MsgId: MMSG-15918]
Ending action Action.	[MsgId: MMSG-15918]
Vuser Terminated.	[MsgId: MMSG-15963]
Ending iteration 1.	[MsgId: MMSG-15965]
Ending Vuser...	[MsgId: MMSG-15966]
Starting action vuser_end.	[MsgId: MMSG-15919]
Ending action vuser_end.	[MsgId: MMSG-15918]
Vuser Terminated.	[MsgId: MMSG-15963]
Action.c(31): t=2895ms: 567-byte response headers for "http://112.124.44.147/login.aspx?method=UserLogin&r=0.545917712508873" (RelFrameId=1, Internal ID=1)
Action.c(31):     HTTP/1.1 200 OK\r\n
Action.c(31):     Cache-Control: private\r\n
Action.c(31):     Content-Type: text/html; charset=utf-8\r\n
Action.c(31):     Server: Microsoft-IIS/7.5\r\n
Action.c(31):     Set-Cookie: ASP.NET_SessionId=4mxgugkcbvt0o0hrxyzunvxj; path=/; HttpOnly\r\n
Action.c(31):     X-AspNet-Version: 4.0.30319\r\n
Action.c(31):     Set-Cookie: ASP.NET_SessionId=4mxgugkcbvt0o0hrxyzunvxj; path=/; HttpOnly\r\n
Action.c(31):     Set-Cookie: CCCJKLFAJUIORW=k1M+L9BW+dyABTNw1zwJzQ==; expires=Tue, 06-Aug-2013 11:08:59 GMT
Action.c(31):     ; path=/\r\n
Action.c(31):     Set-Cookie: CWRWQFAJKLUOIL=/tDXJc/YRytlx7n/GGg6gg==; expires=Tue, 06-Aug-2013 11:08:59 GMT
Action.c(31):     ; path=/\r\n
Action.c(31):     X-Powered-By: ASP.NET\r\n
Action.c(31):     Date: Tue, 30 Jul 2013 11:09:00 GMT\r\n
Action.c(31): t=2893ms: 47-byte response body for "http://112.124.44.147/login.aspx?method=UserLogin&r=0.545917712508873" (RelFrameId=1, Internal ID=1)
Action.c(31):     Content-Length: 47\r\n
Action.c(31):     \r\n
Action.c(31):     [{success:true,msg:"/default.aspx?type=dpage"}]
Action.c(31): t=2895ms: 47-byte response body for "http://112.124.44.147/login.aspx?method=UserLogin&r=0.545917712508873" (RelFrameId=1, Internal ID=1)
Action.c(31): Notify: Saving Parameter "response = [{success:true,msg:"/default.aspx?type=dpage"}]".	[MsgId: MMSG-13798]
Action.c(31):     [{success:true,msg:"/default.aspx?type=dpage"}]
Action.c(31): Registered web_reg_find successful for "Text=[{success:true,msg:"/default.aspx?type=dpage"}]" (count=1)  	[MsgId: MMSG-26364]
Action.c(31): Notify: Saving Parameter "response = [{success:true,msg:"/default.aspx?type=dpage"}]".	[MsgId: MMSG-13798]
Action.c(31): web_submit_data("login.aspx_2") was successful, 47 body bytes, 567 header bytes  	[MsgId: MMSG-26386]
Action.c(31): Registered web_reg_find successful for "Text=[{success:true,msg:"/default.aspx?type=dpage"}]" (count=1)  	[MsgId: MMSG-26364]
Action.c(45): Notify: Parameter Substitution: parameter "response" =  "[{success:true,msg:"/default.aspx?type=dpage"}]"	[MsgId: MMSG-13992]
Action.c(31): web_submit_data("login.aspx_2") was successful, 47 body bytes, 567 header bytes  	[MsgId: MMSG-26386]
Action.c(45): 参数值为 [{success:true,msg:"/default.aspx?type=dpage"}]	[MsgId: MMSG-17999]
Action.c(45): Notify: Parameter Substitution: parameter "response" =  "[{success:true,msg:"/default.aspx?type=dpage"}]"	[MsgId: MMSG-13992]
Action.c(45): 参数值为 [{success:true,msg:"/default.aspx?type=dpage"}]	[MsgId: MMSG-17999]
Action.c(52): Notify: Transaction "登录" ended with "Pass" status (Duration: 2.3312 Wasted Time: 0.0000).	[MsgId: MMSG-16871]
Action.c(52): Notify: Transaction "登录" ended with "Pass" status (Duration: 2.3313 Wasted Time: 0.0000).	[MsgId: MMSG-16871]
Ending action Action.	[MsgId: MMSG-15918]
Ending action Action.	[MsgId: MMSG-15918]
Ending iteration 1.	[MsgId: MMSG-15965]
Ending iteration 1.	[MsgId: MMSG-15965]
Ending Vuser...	[MsgId: MMSG-15966]
Ending Vuser...	[MsgId: MMSG-15966]
Starting action vuser_end.	[MsgId: MMSG-15919]
Starting action vuser_end.	[MsgId: MMSG-15919]
Ending action vuser_end.	[MsgId: MMSG-15918]
Ending action vuser_end.	[MsgId: MMSG-15918]
Vuser Terminated.	[MsgId: MMSG-15963]
Vuser Terminated.	[MsgId: MMSG-15963]
Vuser 7 (thread 3856), ended OK."	[MsgId: MMSG-10695]
Action.c(31): t=2897ms: 567-byte response headers for "http://112.124.44.147/login.aspx?method=UserLogin&r=0.545917712508873" (RelFrameId=1, Internal ID=1)
Action.c(31):     HTTP/1.1 200 OK\r\n
Action.c(31):     Cache-Control: private\r\n
Action.c(31):     Content-Type: text/html; charset=utf-8\r\n
Action.c(31):     Server: Microsoft-IIS/7.5\r\n
Action.c(31):     Set-Cookie: ASP.NET_SessionId=mofpc3wta0bwhfu32irnemqh; path=/; HttpOnly\r\n
Action.c(31):     X-AspNet-Version: 4.0.30319\r\n
Vuser 1 (thread 1436), ended OK."	[MsgId: MMSG-10695]
Action.c(31):     Set-Cookie: ASP.NET_SessionId=mofpc3wta0bwhfu32irnemqh; path=/; HttpOnly\r\n
Action.c(31):     Set-Cookie: CCCJKLFAJUIORW=k1M+L9BW+dyABTNw1zwJzQ==; expires=Tue, 06-Aug-2013 11:09:00 GMT
Action.c(31):     ; path=/\r\n
Action.c(31):     Set-Cookie: CWRWQFAJKLUOIL=/tDXJc/YRytlx7n/GGg6gg==; expires=Tue, 06-Aug-2013 11:09:00 GMT
Action.c(31):     ; path=/\r\n
Action.c(31):     X-Powered-By: ASP.NET\r\n
Action.c(31):     Date: Tue, 30 Jul 2013 11:09:00 GMT\r\n
Action.c(31):     Content-Length: 47\r\n
Action.c(31):     \r\n
Action.c(31): t=2898ms: 47-byte response body for "http://112.124.44.147/login.aspx?method=UserLogin&r=0.545917712508873" (RelFrameId=1, Internal ID=1)
Action.c(31):     [{success:true,msg:"/default.aspx?type=dpage"}]
Action.c(31): Notify: Saving Parameter "response = [{success:true,msg:"/default.aspx?type=dpage"}]".	[MsgId: MMSG-13798]
Vuser 6 (thread 2460), ended OK."	[MsgId: MMSG-10695]
Action.c(31): Registered web_reg_find successful for "Text=[{success:true,msg:"/default.aspx?type=dpage"}]" (count=1)  	[MsgId: MMSG-26364]
Action.c(31): web_submit_data("login.aspx_2") was successful, 47 body bytes, 567 header bytes  	[MsgId: MMSG-26386]
Action.c(45): Notify: Parameter Substitution: parameter "response" =  "[{success:true,msg:"/default.aspx?type=dpage"}]"	[MsgId: MMSG-13992]
Action.c(45): 参数值为 [{success:true,msg:"/default.aspx?type=dpage"}]	[MsgId: MMSG-17999]
Action.c(52): Notify: Transaction "登录" ended with "Pass" status (Duration: 2.3366 Wasted Time: 0.0000).	[MsgId: MMSG-16871]
Ending action Action.	[MsgId: MMSG-15918]
Ending iteration 1.	[MsgId: MMSG-15965]
Ending Vuser...	[MsgId: MMSG-15966]
Starting action vuser_end.	[MsgId: MMSG-15919]
Ending action vuser_end.	[MsgId: MMSG-15918]
Vuser Terminated.	[MsgId: MMSG-15963]
Action.c(31): t=2899ms: 567-byte response headers for "http://112.124.44.147/login.aspx?method=UserLogin&r=0.545917712508873" (RelFrameId=1, Internal ID=1)
Action.c(31):     HTTP/1.1 200 OK\r\n
Action.c(31):     Cache-Control: private\r\n
Action.c(31):     Content-Type: text/html; charset=utf-8\r\n
Action.c(31):     Server: Microsoft-IIS/7.5\r\n
Action.c(31):     Set-Cookie: ASP.NET_SessionId=mntjg1qja1ezwsytoiwnfhk0; path=/; HttpOnly\r\n
Action.c(31):     X-AspNet-Version: 4.0.30319\r\n
Action.c(31):     Set-Cookie: ASP.NET_SessionId=mntjg1qja1ezwsytoiwnfhk0; path=/; HttpOnly\r\n
Action.c(31):     Set-Cookie: CCCJKLFAJUIORW=k1M+L9BW+dyABTNw1zwJzQ==; expires=Tue, 06-Aug-2013 11:08:58 GMT
Action.c(31):     ; path=/\r\n
Action.c(31):     Set-Cookie: CWRWQFAJKLUOIL=/tDXJc/YRytlx7n/GGg6gg==; expires=Tue, 06-Aug-2013 11:08:58 GMT
Action.c(31):     ; path=/\r\n
Action.c(31):     X-Powered-By: ASP.NET\r\n
Action.c(31):     Date: Tue, 30 Jul 2013 11:09:00 GMT\r\n
Action.c(31):     Content-Length: 47\r\n
Action.c(31):     \r\n
Action.c(31): t=2899ms: 47-byte response body for "http://112.124.44.147/login.aspx?method=UserLogin&r=0.545917712508873" (RelFrameId=1, Internal ID=1)
Vuser 2 (thread 2252), ended OK."	[MsgId: MMSG-10695]
Action.c(31):     [{success:true,msg:"/default.aspx?type=dpage"}]
Action.c(31): Notify: Saving Parameter "response = [{success:true,msg:"/default.aspx?type=dpage"}]".	[MsgId: MMSG-13798]
Vuser 3 (thread 3428), ended OK."	[MsgId: MMSG-10695]
Action.c(31): Registered web_reg_find successful for "Text=[{success:true,msg:"/default.aspx?type=dpage"}]" (count=1)  	[MsgId: MMSG-26364]
Action.c(31): web_submit_data("login.aspx_2") was successful, 47 body bytes, 567 header bytes  	[MsgId: MMSG-26386]
Action.c(45): Notify: Parameter Substitution: parameter "response" =  "[{success:true,msg:"/default.aspx?type=dpage"}]"	[MsgId: MMSG-13992]
Action.c(45): 参数值为 [{success:true,msg:"/default.aspx?type=dpage"}]	[MsgId: MMSG-17999]
Action.c(52): Notify: Transaction "登录" ended with "Pass" status (Duration: 2.3395 Wasted Time: 0.0000).	[MsgId: MMSG-16871]
Ending action Action.	[MsgId: MMSG-15918]
Ending iteration 1.	[MsgId: MMSG-15965]
Ending Vuser...	[MsgId: MMSG-15966]
Starting action vuser_end.	[MsgId: MMSG-15919]
Ending action vuser_end.	[MsgId: MMSG-15918]
Vuser Terminated.	[MsgId: MMSG-15963]
Vuser 0 (thread 3692), ended OK."	[MsgId: MMSG-10695]
Vuser 4 (thread 2104), ended OK."	[MsgId: MMSG-10695]
Vuser 5 (thread 3140), ended OK."	[MsgId: MMSG-10695]
Vuser 9 (thread 1532), ended OK."	[MsgId: MMSG-10695]
