Virtual User Script started at : 2013-07-30 19:09:14	[MsgId: MMSG-15967]
Starting action vuser_init.	[MsgId: MMSG-15919]
Web Turbo Replay of LoadRunner 11.0.0 for WINXP; build 8859 (Aug 18 2010 20:14:31)  	[MsgId: MMSG-27143]
Run Mode: HTML  	[MsgId: MMSG-26000]
Run-Time Settings file: "C:\Documents and Settings\Administrator\Local Settings\Temp\lr5tmpdir5FX.952\lrcfgSI3.953\cfgSxg.956"  	[MsgId: MMSG-27141]
Ending action vuser_init.	[MsgId: MMSG-15918]
Running Vuser...	[MsgId: MMSG-15964]
Starting iteration 1.	[MsgId: MMSG-15968]
Starting action Action.	[MsgId: MMSG-15919]
Action.c(11): Registering web_reg_save_param was successful  	[MsgId: MMSG-26390]
Action.c(21): Rendezvous 登录	[MsgId: MMSG-17988]
Virtual User Script started at : 2013-07-30 19:09:14	[MsgId: MMSG-15967]
Starting action vuser_init.	[MsgId: MMSG-15919]
Web Turbo Replay of LoadRunner 11.0.0 for WINXP; build 8859 (Aug 18 2010 20:14:31)  	[MsgId: MMSG-27143]
Run Mode: HTML  	[MsgId: MMSG-26000]
Run-Time Settings file: "C:\Documents and Settings\Administrator\Local Settings\Temp\lr5tmpdir5FX.952\lrcfgSI3.953\cfgSxg.956"  	[MsgId: MMSG-27141]
Ending action vuser_init.	[MsgId: MMSG-15918]
Running Vuser...	[MsgId: MMSG-15964]
Starting iteration 1.	[MsgId: MMSG-15968]
Starting action Action.	[MsgId: MMSG-15919]
Action.c(11): Registering web_reg_save_param was successful  	[MsgId: MMSG-26390]
Action.c(21): Rendezvous 登录	[MsgId: MMSG-17988]
Virtual User Script started at : 2013-07-30 19:09:14	[MsgId: MMSG-15967]
Starting action vuser_init.	[MsgId: MMSG-15919]
Web Turbo Replay of LoadRunner 11.0.0 for WINXP; build 8859 (Aug 18 2010 20:14:31)  	[MsgId: MMSG-27143]
Run Mode: HTML  	[MsgId: MMSG-26000]
Run-Time Settings file: "C:\Documents and Settings\Administrator\Local Settings\Temp\lr5tmpdir5FX.952\lrcfgSI3.953\cfgSxg.956"  	[MsgId: MMSG-27141]
Ending action vuser_init.	[MsgId: MMSG-15918]
Running Vuser...	[MsgId: MMSG-15964]
Starting iteration 1.	[MsgId: MMSG-15968]
Starting action Action.	[MsgId: MMSG-15919]
Action.c(11): Registering web_reg_save_param was successful  	[MsgId: MMSG-26390]
Action.c(21): Rendezvous 登录	[MsgId: MMSG-17988]
Virtual User Script started at : 2013-07-30 19:09:14	[MsgId: MMSG-15967]
Starting action vuser_init.	[MsgId: MMSG-15919]
Web Turbo Replay of LoadRunner 11.0.0 for WINXP; build 8859 (Aug 18 2010 20:14:31)  	[MsgId: MMSG-27143]
Run Mode: HTML  	[MsgId: MMSG-26000]
Run-Time Settings file: "C:\Documents and Settings\Administrator\Local Settings\Temp\lr5tmpdir5FX.952\lrcfgSI3.953\cfgSxg.956"  	[MsgId: MMSG-27141]
Ending action vuser_init.	[MsgId: MMSG-15918]
Running Vuser...	[MsgId: MMSG-15964]
Starting iteration 1.	[MsgId: MMSG-15968]
Starting action Action.	[MsgId: MMSG-15919]
Action.c(11): Registering web_reg_save_param was successful  	[MsgId: MMSG-26390]
Action.c(21): Rendezvous 登录	[MsgId: MMSG-17988]
Virtual User Script started at : 2013-07-30 19:09:14	[MsgId: MMSG-15967]
Starting action vuser_init.	[MsgId: MMSG-15919]
Web Turbo Replay of LoadRunner 11.0.0 for WINXP; build 8859 (Aug 18 2010 20:14:31)  	[MsgId: MMSG-27143]
Run Mode: HTML  	[MsgId: MMSG-26000]
Run-Time Settings file: "C:\Documents and Settings\Administrator\Local Settings\Temp\lr5tmpdir5FX.952\lrcfgSI3.953\cfgSxg.956"  	[MsgId: MMSG-27141]
Ending action vuser_init.	[MsgId: MMSG-15918]
Running Vuser...	[MsgId: MMSG-15964]
Starting iteration 1.	[MsgId: MMSG-15968]
Starting action Action.	[MsgId: MMSG-15919]
Action.c(11): Registering web_reg_save_param was successful  	[MsgId: MMSG-26390]
Action.c(21): Rendezvous 登录	[MsgId: MMSG-17988]
Virtual User Script started at : 2013-07-30 19:09:14	[MsgId: MMSG-15967]
Starting action vuser_init.	[MsgId: MMSG-15919]
Web Turbo Replay of LoadRunner 11.0.0 for WINXP; build 8859 (Aug 18 2010 20:14:31)  	[MsgId: MMSG-27143]
Run Mode: HTML  	[MsgId: MMSG-26000]
Run-Time Settings file: "C:\Documents and Settings\Administrator\Local Settings\Temp\lr5tmpdir5FX.952\lrcfgSI3.953\cfgSxg.956"  	[MsgId: MMSG-27141]
Ending action vuser_init.	[MsgId: MMSG-15918]
Running Vuser...	[MsgId: MMSG-15964]
Starting iteration 1.	[MsgId: MMSG-15968]
Starting action Action.	[MsgId: MMSG-15919]
Action.c(11): Registering web_reg_save_param was successful  	[MsgId: MMSG-26390]
Action.c(21): Rendezvous 登录	[MsgId: MMSG-17988]
Virtual User Script started at : 2013-07-30 19:09:14	[MsgId: MMSG-15967]
Starting action vuser_init.	[MsgId: MMSG-15919]
Web Turbo Replay of LoadRunner 11.0.0 for WINXP; build 8859 (Aug 18 2010 20:14:31)  	[MsgId: MMSG-27143]
Run Mode: HTML  	[MsgId: MMSG-26000]
Run-Time Settings file: "C:\Documents and Settings\Administrator\Local Settings\Temp\lr5tmpdir5FX.952\lrcfgSI3.953\cfgSxg.956"  	[MsgId: MMSG-27141]
Ending action vuser_init.	[MsgId: MMSG-15918]
Running Vuser...	[MsgId: MMSG-15964]
Starting iteration 1.	[MsgId: MMSG-15968]
Starting action Action.	[MsgId: MMSG-15919]
Action.c(11): Registering web_reg_save_param was successful  	[MsgId: MMSG-26390]
Action.c(21): Rendezvous 登录	[MsgId: MMSG-17988]
Virtual User Script started at : 2013-07-30 19:09:14	[MsgId: MMSG-15967]
Starting action vuser_init.	[MsgId: MMSG-15919]
Web Turbo Replay of LoadRunner 11.0.0 for WINXP; build 8859 (Aug 18 2010 20:14:31)  	[MsgId: MMSG-27143]
Run Mode: HTML  	[MsgId: MMSG-26000]
Run-Time Settings file: "C:\Documents and Settings\Administrator\Local Settings\Temp\lr5tmpdir5FX.952\lrcfgSI3.953\cfgSxg.956"  	[MsgId: MMSG-27141]
Ending action vuser_init.	[MsgId: MMSG-15918]
Running Vuser...	[MsgId: MMSG-15964]
Starting iteration 1.	[MsgId: MMSG-15968]
Starting action Action.	[MsgId: MMSG-15919]
Action.c(11): Registering web_reg_save_param was successful  	[MsgId: MMSG-26390]
Action.c(21): Rendezvous 登录	[MsgId: MMSG-17988]
Virtual User Script started at : 2013-07-30 19:09:14	[MsgId: MMSG-15967]
Starting action vuser_init.	[MsgId: MMSG-15919]
Web Turbo Replay of LoadRunner 11.0.0 for WINXP; build 8859 (Aug 18 2010 20:14:31)  	[MsgId: MMSG-27143]
Run Mode: HTML  	[MsgId: MMSG-26000]
Run-Time Settings file: "C:\Documents and Settings\Administrator\Local Settings\Temp\lr5tmpdir5FX.952\lrcfgSI3.953\cfgSxg.956"  	[MsgId: MMSG-27141]
Ending action vuser_init.	[MsgId: MMSG-15918]
Running Vuser...	[MsgId: MMSG-15964]
Starting iteration 1.	[MsgId: MMSG-15968]
Starting action Action.	[MsgId: MMSG-15919]
Action.c(11): Registering web_reg_save_param was successful  	[MsgId: MMSG-26390]
Action.c(21): Rendezvous 登录	[MsgId: MMSG-17988]
Virtual User Script started at : 2013-07-30 19:09:15	[MsgId: MMSG-15967]
Starting action vuser_init.	[MsgId: MMSG-15919]
Web Turbo Replay of LoadRunner 11.0.0 for WINXP; build 8859 (Aug 18 2010 20:14:31)  	[MsgId: MMSG-27143]
Run Mode: HTML  	[MsgId: MMSG-26000]
Run-Time Settings file: "C:\Documents and Settings\Administrator\Local Settings\Temp\lr5tmpdir5FX.952\lrcfgSI3.953\cfgSxg.956"  	[MsgId: MMSG-27141]
Ending action vuser_init.	[MsgId: MMSG-15918]
Running Vuser...	[MsgId: MMSG-15964]
Starting iteration 1.	[MsgId: MMSG-15968]
Starting action Action.	[MsgId: MMSG-15919]
Action.c(11): Registering web_reg_save_param was successful  	[MsgId: MMSG-26390]
Action.c(21): Rendezvous 登录	[MsgId: MMSG-17988]
Action.c(23): Notify: Transaction "登录" started.	[MsgId: MMSG-16999]
Action.c(23): Notify: Transaction "登录" started.	[MsgId: MMSG-16999]
Action.c(23): Notify: Transaction "登录" started.	[MsgId: MMSG-16999]
Action.c(23): Notify: Transaction "登录" started.	[MsgId: MMSG-16999]
Action.c(23): Notify: Transaction "登录" started.	[MsgId: MMSG-16999]
Action.c(23): Notify: Transaction "登录" started.	[MsgId: MMSG-16999]
Action.c(26): Warning: The string 'success:true,msg:"/default.aspx?type=dpage"' with parameter delimiters is not a parameter.	[MsgId: MWAR-13987]
Action.c(26): Registering web_reg_find was successful  	[MsgId: MMSG-26390]
Action.c(23): Notify: Transaction "登录" started.	[MsgId: MMSG-16999]
Action.c(26): Warning: The string 'success:true,msg:"/default.aspx?type=dpage"' with parameter delimiters is not a parameter.	[MsgId: MWAR-13987]
Action.c(26): Registering web_reg_find was successful  	[MsgId: MMSG-26390]
Action.c(26): Warning: The string 'success:true,msg:"/default.aspx?type=dpage"' with parameter delimiters is not a parameter.	[MsgId: MWAR-13987]
Action.c(26): Registering web_reg_find was successful  	[MsgId: MMSG-26390]
Action.c(23): Notify: Transaction "登录" started.	[MsgId: MMSG-16999]
Action.c(26): Warning: The string 'success:true,msg:"/default.aspx?type=dpage"' with parameter delimiters is not a parameter.	[MsgId: MWAR-13987]
Action.c(23): Notify: Transaction "登录" started.	[MsgId: MMSG-16999]
Action.c(26): Registering web_reg_find was successful  	[MsgId: MMSG-26390]
Action.c(26): Warning: The string 'success:true,msg:"/default.aspx?type=dpage"' with parameter delimiters is not a parameter.	[MsgId: MWAR-13987]
Action.c(26): Registering web_reg_find was successful  	[MsgId: MMSG-26390]
Action.c(26): Warning: The string 'success:true,msg:"/default.aspx?type=dpage"' with parameter delimiters is not a parameter.	[MsgId: MWAR-13987]
Action.c(26): Registering web_reg_find was successful  	[MsgId: MMSG-26390]
Action.c(23): Notify: Transaction "登录" started.	[MsgId: MMSG-16999]
Action.c(26): Warning: The string 'success:true,msg:"/default.aspx?type=dpage"' with parameter delimiters is not a parameter.	[MsgId: MWAR-13987]
Action.c(26): Registering web_reg_find was successful  	[MsgId: MMSG-26390]
Action.c(26): Warning: The string 'success:true,msg:"/default.aspx?type=dpage"' with parameter delimiters is not a parameter.	[MsgId: MWAR-13987]
Action.c(26): Registering web_reg_find was successful  	[MsgId: MMSG-26390]
Action.c(26): Warning: The string 'success:true,msg:"/default.aspx?type=dpage"' with parameter delimiters is not a parameter.	[MsgId: MWAR-13987]
Action.c(26): Registering web_reg_find was successful  	[MsgId: MMSG-26390]
Action.c(26): Warning: The string 'success:true,msg:"/default.aspx?type=dpage"' with parameter delimiters is not a parameter.	[MsgId: MWAR-13987]
Action.c(26): Registering web_reg_find was successful  	[MsgId: MMSG-26390]
Action.c(31): t=580ms: 567-byte response headers for "http://112.124.44.147/login.aspx?method=UserLogin&r=0.545917712508873" (RelFrameId=1, Internal ID=1)
Action.c(31):     HTTP/1.1 200 OK\r\n
Action.c(31):     Cache-Control: private\r\n
Action.c(31):     Content-Type: text/html; charset=utf-8\r\n
Action.c(31):     Server: Microsoft-IIS/7.5\r\n
Action.c(31):     Set-Cookie: ASP.NET_SessionId=4gtwtt5iwtemykm3eq0rbl32; path=/; HttpOnly\r\n
Action.c(31):     X-AspNet-Version: 4.0.30319\r\n
Action.c(31):     Set-Cookie: ASP.NET_SessionId=4gtwtt5iwtemykm3eq0rbl32; path=/; HttpOnly\r\n
Action.c(31):     Set-Cookie: CCCJKLFAJUIORW=k1M+L9BW+dyABTNw1zwJzQ==; expires=Tue, 06-Aug-2013 11:09:07 GMT
Action.c(31):     ; path=/\r\n
Action.c(31):     Set-Cookie: CWRWQFAJKLUOIL=/tDXJc/YRytlx7n/GGg6gg==; expires=Tue, 06-Aug-2013 11:09:07 GMT
Action.c(31):     ; path=/\r\n
Action.c(31):     X-Powered-By: ASP.NET\r\n
Action.c(31):     Date: Tue, 30 Jul 2013 11:09:07 GMT\r\n
Action.c(31):     Content-Length: 47\r\n
Action.c(31):     \r\n
Action.c(31): t=580ms: 47-byte response body for "http://112.124.44.147/login.aspx?method=UserLogin&r=0.545917712508873" (RelFrameId=1, Internal ID=1)
Action.c(31):     [{success:true,msg:"/default.aspx?type=dpage"}]
Action.c(31): Notify: Saving Parameter "response = [{success:true,msg:"/default.aspx?type=dpage"}]".	[MsgId: MMSG-13798]
Action.c(31): Registered web_reg_find successful for "Text=[{success:true,msg:"/default.aspx?type=dpage"}]" (count=1)  	[MsgId: MMSG-26364]
Action.c(31): web_submit_data("login.aspx_2") was successful, 47 body bytes, 567 header bytes  	[MsgId: MMSG-26386]
Action.c(45): Notify: Parameter Substitution: parameter "response" =  "[{success:true,msg:"/default.aspx?type=dpage"}]"	[MsgId: MMSG-13992]
Action.c(45): 参数值为 [{success:true,msg:"/default.aspx?type=dpage"}]	[MsgId: MMSG-17999]
Action.c(52): Notify: Transaction "登录" ended with "Pass" status (Duration: 0.0855 Wasted Time: 0.0000).	[MsgId: MMSG-16871]
Ending action Action.	[MsgId: MMSG-15918]
Ending iteration 1.	[MsgId: MMSG-15965]
Ending Vuser...	[MsgId: MMSG-15966]
Starting action vuser_end.	[MsgId: MMSG-15919]
Ending action vuser_end.	[MsgId: MMSG-15918]
Vuser Terminated.	[MsgId: MMSG-15963]
Vuser 1 (thread 3860), ended OK."	[MsgId: MMSG-10695]
Action.c(31): t=668ms: 567-byte response headers for "http://112.124.44.147/login.aspx?method=UserLogin&r=0.545917712508873" (RelFrameId=1, Internal ID=1)
Action.c(31):     HTTP/1.1 200 OK\r\n
Action.c(31):     Cache-Control: private\r\n
Action.c(31):     Content-Type: text/html; charset=utf-8\r\n
Action.c(31):     Server: Microsoft-IIS/7.5\r\n
Action.c(31):     Set-Cookie: ASP.NET_SessionId=1up0crj4a1totmajska1yc4n; path=/; HttpOnly\r\n
Action.c(31):     X-AspNet-Version: 4.0.30319\r\n
Action.c(31):     Set-Cookie: ASP.NET_SessionId=1up0crj4a1totmajska1yc4n; path=/; HttpOnly\r\n
Action.c(31):     Set-Cookie: CCCJKLFAJUIORW=k1M+L9BW+dyABTNw1zwJzQ==; expires=Tue, 06-Aug-2013 11:09:07 GMT
Action.c(31):     ; path=/\r\n
Action.c(31):     Set-Cookie: CWRWQFAJKLUOIL=/tDXJc/YRytlx7n/GGg6gg==; expires=Tue, 06-Aug-2013 11:09:07 GMT
Action.c(31):     ; path=/\r\n
Action.c(31):     X-Powered-By: ASP.NET\r\n
Action.c(31):     Date: Tue, 30 Jul 2013 11:09:07 GMT\r\n
Action.c(31):     Content-Length: 47\r\n
Action.c(31):     \r\n
Action.c(31): t=669ms: 47-byte response body for "http://112.124.44.147/login.aspx?method=UserLogin&r=0.545917712508873" (RelFrameId=1, Internal ID=1)
Action.c(31):     [{success:true,msg:"/default.aspx?type=dpage"}]
Action.c(31): Notify: Saving Parameter "response = [{success:true,msg:"/default.aspx?type=dpage"}]".	[MsgId: MMSG-13798]
Action.c(31): Registered web_reg_find successful for "Text=[{success:true,msg:"/default.aspx?type=dpage"}]" (count=1)  	[MsgId: MMSG-26364]
Action.c(31): web_submit_data("login.aspx_2") was successful, 47 body bytes, 567 header bytes  	[MsgId: MMSG-26386]
Action.c(45): Notify: Parameter Substitution: parameter "response" =  "[{success:true,msg:"/default.aspx?type=dpage"}]"	[MsgId: MMSG-13992]
Action.c(45): 参数值为 [{success:true,msg:"/default.aspx?type=dpage"}]	[MsgId: MMSG-17999]
Action.c(52): Notify: Transaction "登录" ended with "Pass" status (Duration: 0.1710 Wasted Time: 0.0000).	[MsgId: MMSG-16871]
Ending action Action.	[MsgId: MMSG-15918]
Ending iteration 1.	[MsgId: MMSG-15965]
Ending Vuser...	[MsgId: MMSG-15966]
Starting action vuser_end.	[MsgId: MMSG-15919]
Ending action vuser_end.	[MsgId: MMSG-15918]
Vuser Terminated.	[MsgId: MMSG-15963]
Action.c(31): t=670ms: 567-byte response headers for "http://112.124.44.147/login.aspx?method=UserLogin&r=0.545917712508873" (RelFrameId=1, Internal ID=1)
Action.c(31):     HTTP/1.1 200 OK\r\n
Action.c(31):     Cache-Control: private\r\n
Action.c(31):     Content-Type: text/html; charset=utf-8\r\n
Action.c(31):     Server: Microsoft-IIS/7.5\r\n
Action.c(31):     Set-Cookie: ASP.NET_SessionId=urau1c3oqtz11qwztp0aijde; path=/; HttpOnly\r\n
Action.c(31):     X-AspNet-Version: 4.0.30319\r\n
Action.c(31):     Set-Cookie: ASP.NET_SessionId=urau1c3oqtz11qwztp0aijde; path=/; HttpOnly\r\n
Action.c(31):     Set-Cookie: CCCJKLFAJUIORW=k1M+L9BW+dyABTNw1zwJzQ==; expires=Tue, 06-Aug-2013 11:09:07 GMT
Action.c(31):     ; path=/\r\n
Action.c(31):     Set-Cookie: CWRWQFAJKLUOIL=/tDXJc/YRytlx7n/GGg6gg==; expires=Tue, 06-Aug-2013 11:09:07 GMT
Action.c(31):     ; path=/\r\n
Action.c(31):     X-Powered-By: ASP.NET\r\n
Action.c(31):     Date: Tue, 30 Jul 2013 11:09:07 GMT\r\n
Action.c(31):     Content-Length: 47\r\n
Action.c(31):     \r\n
Action.c(31): t=670ms: 47-byte response body for "http://112.124.44.147/login.aspx?method=UserLogin&r=0.545917712508873" (RelFrameId=1, Internal ID=1)
Action.c(31):     [{success:true,msg:"/default.aspx?type=dpage"}]
Action.c(31): Notify: Saving Parameter "response = [{success:true,msg:"/default.aspx?type=dpage"}]".	[MsgId: MMSG-13798]
Action.c(31): Registered web_reg_find successful for "Text=[{success:true,msg:"/default.aspx?type=dpage"}]" (count=1)  	[MsgId: MMSG-26364]
Action.c(31): web_submit_data("login.aspx_2") was successful, 47 body bytes, 567 header bytes  	[MsgId: MMSG-26386]
Action.c(45): Notify: Parameter Substitution: parameter "response" =  "[{success:true,msg:"/default.aspx?type=dpage"}]"	[MsgId: MMSG-13992]
Action.c(45): 参数值为 [{success:true,msg:"/default.aspx?type=dpage"}]	[MsgId: MMSG-17999]
Action.c(52): Notify: Transaction "登录" ended with "Pass" status (Duration: 0.1760 Wasted Time: 0.0000).	[MsgId: MMSG-16871]
Ending action Action.	[MsgId: MMSG-15918]
Ending iteration 1.	[MsgId: MMSG-15965]
Ending Vuser...	[MsgId: MMSG-15966]
Starting action vuser_end.	[MsgId: MMSG-15919]
Ending action vuser_end.	[MsgId: MMSG-15918]
Vuser Terminated.	[MsgId: MMSG-15963]
Vuser 3 (thread 3800), ended OK."	[MsgId: MMSG-10695]
Vuser 4 (thread 2524), ended OK."	[MsgId: MMSG-10695]
Action.c(31): t=693ms: 567-byte response headers for "http://112.124.44.147/login.aspx?method=UserLogin&r=0.545917712508873" (RelFrameId=1, Internal ID=1)
Action.c(31):     HTTP/1.1 200 OK\r\n
Action.c(31):     Cache-Control: private\r\n
Action.c(31):     Content-Type: text/html; charset=utf-8\r\n
Action.c(31):     Server: Microsoft-IIS/7.5\r\n
Action.c(31):     Set-Cookie: ASP.NET_SessionId=3o4yzel1of5ufbcvguy1lcau; path=/; HttpOnly\r\n
Action.c(31):     X-AspNet-Version: 4.0.30319\r\n
Action.c(31):     Set-Cookie: ASP.NET_SessionId=3o4yzel1of5ufbcvguy1lcau; path=/; HttpOnly\r\n
Action.c(31):     Set-Cookie: CCCJKLFAJUIORW=k1M+L9BW+dyABTNw1zwJzQ==; expires=Tue, 06-Aug-2013 11:09:07 GMT
Action.c(31):     ; path=/\r\n
Action.c(31):     Set-Cookie: CWRWQFAJKLUOIL=/tDXJc/YRytlx7n/GGg6gg==; expires=Tue, 06-Aug-2013 11:09:07 GMT
Action.c(31):     ; path=/\r\n
Action.c(31):     X-Powered-By: ASP.NET\r\n
Action.c(31):     Date: Tue, 30 Jul 2013 11:09:07 GMT\r\n
Action.c(31):     Content-Length: 47\r\n
Action.c(31):     \r\n
Action.c(31): t=694ms: 47-byte response body for "http://112.124.44.147/login.aspx?method=UserLogin&r=0.545917712508873" (RelFrameId=1, Internal ID=1)
Action.c(31):     [{success:true,msg:"/default.aspx?type=dpage"}]
Action.c(31): Notify: Saving Parameter "response = [{success:true,msg:"/default.aspx?type=dpage"}]".	[MsgId: MMSG-13798]
Action.c(31): Registered web_reg_find successful for "Text=[{success:true,msg:"/default.aspx?type=dpage"}]" (count=1)  	[MsgId: MMSG-26364]
Action.c(31): web_submit_data("login.aspx_2") was successful, 47 body bytes, 567 header bytes  	[MsgId: MMSG-26386]
Action.c(45): Notify: Parameter Substitution: parameter "response" =  "[{success:true,msg:"/default.aspx?type=dpage"}]"	[MsgId: MMSG-13992]
Action.c(45): 参数值为 [{success:true,msg:"/default.aspx?type=dpage"}]	[MsgId: MMSG-17999]
Action.c(52): Notify: Transaction "登录" ended with "Pass" status (Duration: 0.1955 Wasted Time: 0.0000).	[MsgId: MMSG-16871]
Ending action Action.	[MsgId: MMSG-15918]
Ending iteration 1.	[MsgId: MMSG-15965]
Ending Vuser...	[MsgId: MMSG-15966]
Starting action vuser_end.	[MsgId: MMSG-15919]
Ending action vuser_end.	[MsgId: MMSG-15918]
Vuser Terminated.	[MsgId: MMSG-15963]
Action.c(31): t=695ms: 567-byte response headers for "http://112.124.44.147/login.aspx?method=UserLogin&r=0.545917712508873" (RelFrameId=1, Internal ID=1)
Action.c(31):     HTTP/1.1 200 OK\r\n
Action.c(31):     Cache-Control: private\r\n
Action.c(31):     Content-Type: text/html; charset=utf-8\r\n
Action.c(31):     Server: Microsoft-IIS/7.5\r\n
Action.c(31):     Set-Cookie: ASP.NET_SessionId=b4duofurx1ft5ywhett22txg; path=/; HttpOnly\r\n
Action.c(31):     X-AspNet-Version: 4.0.30319\r\n
Action.c(31):     Set-Cookie: ASP.NET_SessionId=b4duofurx1ft5ywhett22txg; path=/; HttpOnly\r\n
Action.c(31):     Set-Cookie: CCCJKLFAJUIORW=k1M+L9BW+dyABTNw1zwJzQ==; expires=Tue, 06-Aug-2013 11:09:07 GMT
Action.c(31):     ; path=/\r\n
Action.c(31):     Set-Cookie: CWRWQFAJKLUOIL=/tDXJc/YRytlx7n/GGg6gg==; expires=Tue, 06-Aug-2013 11:09:07 GMT
Action.c(31):     ; path=/\r\n
Action.c(31):     X-Powered-By: ASP.NET\r\n
Action.c(31):     Date: Tue, 30 Jul 2013 11:09:07 GMT\r\n
Action.c(31):     Content-Length: 47\r\n
Action.c(31):     \r\n
Action.c(31): t=695ms: 47-byte response body for "http://112.124.44.147/login.aspx?method=UserLogin&r=0.545917712508873" (RelFrameId=1, Internal ID=1)
Action.c(31):     [{success:true,msg:"/default.aspx?type=dpage"}]
Action.c(31): Notify: Saving Parameter "response = [{success:true,msg:"/default.aspx?type=dpage"}]".	[MsgId: MMSG-13798]
Action.c(31): Registered web_reg_find successful for "Text=[{success:true,msg:"/default.aspx?type=dpage"}]" (count=1)  	[MsgId: MMSG-26364]
Action.c(31): web_submit_data("login.aspx_2") was successful, 47 body bytes, 567 header bytes  	[MsgId: MMSG-26386]
Action.c(45): Notify: Parameter Substitution: parameter "response" =  "[{success:true,msg:"/default.aspx?type=dpage"}]"	[MsgId: MMSG-13992]
Action.c(45): 参数值为 [{success:true,msg:"/default.aspx?type=dpage"}]	[MsgId: MMSG-17999]
Action.c(52): Notify: Transaction "登录" ended with "Pass" status (Duration: 0.1984 Wasted Time: 0.0000).	[MsgId: MMSG-16871]
Ending action Action.	[MsgId: MMSG-15918]
Ending iteration 1.	[MsgId: MMSG-15965]
Ending Vuser...	[MsgId: MMSG-15966]
Starting action vuser_end.	[MsgId: MMSG-15919]
Ending action vuser_end.	[MsgId: MMSG-15918]
Vuser Terminated.	[MsgId: MMSG-15963]
Vuser 7 (thread 3528), ended OK."	[MsgId: MMSG-10695]
Vuser 6 (thread 3980), ended OK."	[MsgId: MMSG-10695]
Action.c(31): t=699ms: 567-byte response headers for "http://112.124.44.147/login.aspx?method=UserLogin&r=0.545917712508873" (RelFrameId=1, Internal ID=1)
Action.c(31):     HTTP/1.1 200 OK\r\n
Action.c(31):     Cache-Control: private\r\n
Action.c(31):     Content-Type: text/html; charset=utf-8\r\n
Action.c(31):     Server: Microsoft-IIS/7.5\r\n
Action.c(31):     Set-Cookie: ASP.NET_SessionId=muqmay12yetpgtnycbggofkr; path=/; HttpOnly\r\n
Action.c(31):     X-AspNet-Version: 4.0.30319\r\n
Action.c(31):     Set-Cookie: ASP.NET_SessionId=muqmay12yetpgtnycbggofkr; path=/; HttpOnly\r\n
Action.c(31):     Set-Cookie: CCCJKLFAJUIORW=k1M+L9BW+dyABTNw1zwJzQ==; expires=Tue, 06-Aug-2013 11:09:07 GMT
Action.c(31):     ; path=/\r\n
Action.c(31):     Set-Cookie: CWRWQFAJKLUOIL=/tDXJc/YRytlx7n/GGg6gg==; expires=Tue, 06-Aug-2013 11:09:07 GMT
Action.c(31):     ; path=/\r\n
Action.c(31):     X-Powered-By: ASP.NET\r\n
Action.c(31):     Date: Tue, 30 Jul 2013 11:09:07 GMT\r\n
Action.c(31):     Content-Length: 47\r\n
Action.c(31):     \r\n
Action.c(31): t=700ms: 47-byte response body for "http://112.124.44.147/login.aspx?method=UserLogin&r=0.545917712508873" (RelFrameId=1, Internal ID=1)
Action.c(31):     [{success:true,msg:"/default.aspx?type=dpage"}]
Action.c(31): Notify: Saving Parameter "response = [{success:true,msg:"/default.aspx?type=dpage"}]".	[MsgId: MMSG-13798]
Action.c(31): Registered web_reg_find successful for "Text=[{success:true,msg:"/default.aspx?type=dpage"}]" (count=1)  	[MsgId: MMSG-26364]
Action.c(31): t=700ms: 567-byte response headers for "http://112.124.44.147/login.aspx?method=UserLogin&r=0.545917712508873" (RelFrameId=1, Internal ID=1)
Action.c(31): web_submit_data("login.aspx_2") was successful, 47 body bytes, 567 header bytes  	[MsgId: MMSG-26386]
Action.c(31):     HTTP/1.1 200 OK\r\n
Action.c(31):     Cache-Control: private\r\n
Action.c(45): Notify: Parameter Substitution: parameter "response" =  "[{success:true,msg:"/default.aspx?type=dpage"}]"	[MsgId: MMSG-13992]
Action.c(31):     Content-Type: text/html; charset=utf-8\r\n
Action.c(45): 参数值为 [{success:true,msg:"/default.aspx?type=dpage"}]	[MsgId: MMSG-17999]
Action.c(31):     Server: Microsoft-IIS/7.5\r\n
Action.c(31):     Set-Cookie: ASP.NET_SessionId=qmtixsxjwchz11ispt0fsx1m; path=/; HttpOnly\r\n
Action.c(31):     X-AspNet-Version: 4.0.30319\r\n
Action.c(52): Notify: Transaction "登录" ended with "Pass" status (Duration: 0.2061 Wasted Time: 0.0000).	[MsgId: MMSG-16871]
Action.c(31):     Set-Cookie: ASP.NET_SessionId=qmtixsxjwchz11ispt0fsx1m; path=/; HttpOnly\r\n
Action.c(31):     Set-Cookie: CCCJKLFAJUIORW=k1M+L9BW+dyABTNw1zwJzQ==; expires=Tue, 06-Aug-2013 11:09:07 GMT
Ending action Action.	[MsgId: MMSG-15918]
Action.c(31):     ; path=/\r\n
Action.c(31):     Set-Cookie: CWRWQFAJKLUOIL=/tDXJc/YRytlx7n/GGg6gg==; expires=Tue, 06-Aug-2013 11:09:07 GMT
Ending iteration 1.	[MsgId: MMSG-15965]
Action.c(31):     ; path=/\r\n
Ending Vuser...	[MsgId: MMSG-15966]
Action.c(31):     X-Powered-By: ASP.NET\r\n
Starting action vuser_end.	[MsgId: MMSG-15919]
Action.c(31):     Date: Tue, 30 Jul 2013 11:09:07 GMT\r\n
Action.c(31):     Content-Length: 47\r\n
Ending action vuser_end.	[MsgId: MMSG-15918]
Action.c(31):     \r\n
Vuser Terminated.	[MsgId: MMSG-15963]
Action.c(31): t=701ms: 47-byte response body for "http://112.124.44.147/login.aspx?method=UserLogin&r=0.545917712508873" (RelFrameId=1, Internal ID=1)
Action.c(31):     [{success:true,msg:"/default.aspx?type=dpage"}]
Action.c(31): Notify: Saving Parameter "response = [{success:true,msg:"/default.aspx?type=dpage"}]".	[MsgId: MMSG-13798]
Action.c(31): Registered web_reg_find successful for "Text=[{success:true,msg:"/default.aspx?type=dpage"}]" (count=1)  	[MsgId: MMSG-26364]
Action.c(31): web_submit_data("login.aspx_2") was successful, 47 body bytes, 567 header bytes  	[MsgId: MMSG-26386]
Action.c(45): Notify: Parameter Substitution: parameter "response" =  "[{success:true,msg:"/default.aspx?type=dpage"}]"	[MsgId: MMSG-13992]
Action.c(45): 参数值为 [{success:true,msg:"/default.aspx?type=dpage"}]	[MsgId: MMSG-17999]
Action.c(52): Notify: Transaction "登录" ended with "Pass" status (Duration: 0.2050 Wasted Time: 0.0000).	[MsgId: MMSG-16871]
Ending action Action.	[MsgId: MMSG-15918]
Ending iteration 1.	[MsgId: MMSG-15965]
Ending Vuser...	[MsgId: MMSG-15966]
Starting action vuser_end.	[MsgId: MMSG-15919]
Ending action vuser_end.	[MsgId: MMSG-15918]
Vuser Terminated.	[MsgId: MMSG-15963]
Vuser 9 (thread 3232), ended OK."	[MsgId: MMSG-10695]
Vuser 2 (thread 264), ended OK."	[MsgId: MMSG-10695]
Action.c(31): t=706ms: 567-byte response headers for "http://112.124.44.147/login.aspx?method=UserLogin&r=0.545917712508873" (RelFrameId=1, Internal ID=1)
Action.c(31):     HTTP/1.1 200 OK\r\n
Action.c(31):     Cache-Control: private\r\n
Action.c(31):     Content-Type: text/html; charset=utf-8\r\n
Action.c(31):     Server: Microsoft-IIS/7.5\r\n
Action.c(31):     Set-Cookie: ASP.NET_SessionId=cjfabhmihigwhaladakcycuf; path=/; HttpOnly\r\n
Action.c(31):     X-AspNet-Version: 4.0.30319\r\n
Action.c(31):     Set-Cookie: ASP.NET_SessionId=cjfabhmihigwhaladakcycuf; path=/; HttpOnly\r\n
Action.c(31):     Set-Cookie: CCCJKLFAJUIORW=k1M+L9BW+dyABTNw1zwJzQ==; expires=Tue, 06-Aug-2013 11:09:07 GMT
Action.c(31):     ; path=/\r\n
Action.c(31):     Set-Cookie: CWRWQFAJKLUOIL=/tDXJc/YRytlx7n/GGg6gg==; expires=Tue, 06-Aug-2013 11:09:07 GMT
Action.c(31):     ; path=/\r\n
Action.c(31):     X-Powered-By: ASP.NET\r\n
Action.c(31):     Date: Tue, 30 Jul 2013 11:09:07 GMT\r\n
Action.c(31):     Content-Length: 47\r\n
Action.c(31):     \r\n
Action.c(31): t=706ms: 47-byte response body for "http://112.124.44.147/login.aspx?method=UserLogin&r=0.545917712508873" (RelFrameId=1, Internal ID=1)
Action.c(31):     [{success:true,msg:"/default.aspx?type=dpage"}]
Action.c(31): Notify: Saving Parameter "response = [{success:true,msg:"/default.aspx?type=dpage"}]".	[MsgId: MMSG-13798]
Action.c(31): Registered web_reg_find successful for "Text=[{success:true,msg:"/default.aspx?type=dpage"}]" (count=1)  	[MsgId: MMSG-26364]
Action.c(31): web_submit_data("login.aspx_2") was successful, 47 body bytes, 567 header bytes  	[MsgId: MMSG-26386]
Action.c(45): Notify: Parameter Substitution: parameter "response" =  "[{success:true,msg:"/default.aspx?type=dpage"}]"	[MsgId: MMSG-13992]
Action.c(45): 参数值为 [{success:true,msg:"/default.aspx?type=dpage"}]	[MsgId: MMSG-17999]
Action.c(52): Notify: Transaction "登录" ended with "Pass" status (Duration: 0.2104 Wasted Time: 0.0000).	[MsgId: MMSG-16871]
Ending action Action.	[MsgId: MMSG-15918]
Ending iteration 1.	[MsgId: MMSG-15965]
Ending Vuser...	[MsgId: MMSG-15966]
Starting action vuser_end.	[MsgId: MMSG-15919]
Ending action vuser_end.	[MsgId: MMSG-15918]
Vuser Terminated.	[MsgId: MMSG-15963]
Vuser 5 (thread 3352), ended OK."	[MsgId: MMSG-10695]
Action.c(31): t=708ms: 567-byte response headers for "http://112.124.44.147/login.aspx?method=UserLogin&r=0.545917712508873" (RelFrameId=1, Internal ID=1)
Action.c(31):     HTTP/1.1 200 OK\r\n
Action.c(31):     Cache-Control: private\r\n
Action.c(31):     Content-Type: text/html; charset=utf-8\r\n
Action.c(31):     Server: Microsoft-IIS/7.5\r\n
Action.c(31):     Set-Cookie: ASP.NET_SessionId=p2nhq3t1e2hpepu2sohrw2bh; path=/; HttpOnly\r\n
Action.c(31):     X-AspNet-Version: 4.0.30319\r\n
Action.c(31):     Set-Cookie: ASP.NET_SessionId=p2nhq3t1e2hpepu2sohrw2bh; path=/; HttpOnly\r\n
Action.c(31):     Set-Cookie: CCCJKLFAJUIORW=k1M+L9BW+dyABTNw1zwJzQ==; expires=Tue, 06-Aug-2013 11:09:07 GMT
Action.c(31):     ; path=/\r\n
Action.c(31):     Set-Cookie: CWRWQFAJKLUOIL=/tDXJc/YRytlx7n/GGg6gg==; expires=Tue, 06-Aug-2013 11:09:07 GMT
Action.c(31):     ; path=/\r\n
Action.c(31):     X-Powered-By: ASP.NET\r\n
Action.c(31):     Date: Tue, 30 Jul 2013 11:09:07 GMT\r\n
Action.c(31):     Content-Length: 47\r\n
Action.c(31):     \r\n
Action.c(31): t=708ms: 47-byte response body for "http://112.124.44.147/login.aspx?method=UserLogin&r=0.545917712508873" (RelFrameId=1, Internal ID=1)
Action.c(31):     [{success:true,msg:"/default.aspx?type=dpage"}]
Action.c(31): Notify: Saving Parameter "response = [{success:true,msg:"/default.aspx?type=dpage"}]".	[MsgId: MMSG-13798]
Action.c(31): Registered web_reg_find successful for "Text=[{success:true,msg:"/default.aspx?type=dpage"}]" (count=1)  	[MsgId: MMSG-26364]
Action.c(31): web_submit_data("login.aspx_2") was successful, 47 body bytes, 567 header bytes  	[MsgId: MMSG-26386]
Action.c(45): Notify: Parameter Substitution: parameter "response" =  "[{success:true,msg:"/default.aspx?type=dpage"}]"	[MsgId: MMSG-13992]
Action.c(45): 参数值为 [{success:true,msg:"/default.aspx?type=dpage"}]	[MsgId: MMSG-17999]
Action.c(52): Notify: Transaction "登录" ended with "Pass" status (Duration: 0.2120 Wasted Time: 0.0000).	[MsgId: MMSG-16871]
Ending action Action.	[MsgId: MMSG-15918]
Ending iteration 1.	[MsgId: MMSG-15965]
Ending Vuser...	[MsgId: MMSG-15966]
Starting action vuser_end.	[MsgId: MMSG-15919]
Ending action vuser_end.	[MsgId: MMSG-15918]
Vuser Terminated.	[MsgId: MMSG-15963]
Vuser 0 (thread 3764), ended OK."	[MsgId: MMSG-10695]
Action.c(31): t=992ms: 567-byte response headers for "http://112.124.44.147/login.aspx?method=UserLogin&r=0.545917712508873" (RelFrameId=1, Internal ID=1)
Action.c(31):     HTTP/1.1 200 OK\r\n
Action.c(31):     Cache-Control: private\r\n
Action.c(31):     Content-Type: text/html; charset=utf-8\r\n
Action.c(31):     Server: Microsoft-IIS/7.5\r\n
Action.c(31):     Set-Cookie: ASP.NET_SessionId=huxo3ddeuc2vgpox0ug0gzok; path=/; HttpOnly\r\n
Action.c(31):     X-AspNet-Version: 4.0.30319\r\n
Action.c(31):     Set-Cookie: ASP.NET_SessionId=huxo3ddeuc2vgpox0ug0gzok; path=/; HttpOnly\r\n
Action.c(31):     Set-Cookie: CCCJKLFAJUIORW=k1M+L9BW+dyABTNw1zwJzQ==; expires=Tue, 06-Aug-2013 11:09:07 GMT
Action.c(31):     ; path=/\r\n
Action.c(31):     Set-Cookie: CWRWQFAJKLUOIL=/tDXJc/YRytlx7n/GGg6gg==; expires=Tue, 06-Aug-2013 11:09:07 GMT
Action.c(31):     ; path=/\r\n
Action.c(31):     X-Powered-By: ASP.NET\r\n
Action.c(31):     Date: Tue, 30 Jul 2013 11:09:07 GMT\r\n
Action.c(31):     Content-Length: 47\r\n
Action.c(31):     \r\n
Action.c(31): t=993ms: 47-byte response body for "http://112.124.44.147/login.aspx?method=UserLogin&r=0.545917712508873" (RelFrameId=1, Internal ID=1)
Action.c(31):     [{success:true,msg:"/default.aspx?type=dpage"}]
Action.c(31): Notify: Saving Parameter "response = [{success:true,msg:"/default.aspx?type=dpage"}]".	[MsgId: MMSG-13798]
Action.c(31): Registered web_reg_find successful for "Text=[{success:true,msg:"/default.aspx?type=dpage"}]" (count=1)  	[MsgId: MMSG-26364]
Action.c(31): web_submit_data("login.aspx_2") was successful, 47 body bytes, 567 header bytes  	[MsgId: MMSG-26386]
Action.c(45): Notify: Parameter Substitution: parameter "response" =  "[{success:true,msg:"/default.aspx?type=dpage"}]"	[MsgId: MMSG-13992]
Action.c(45): 参数值为 [{success:true,msg:"/default.aspx?type=dpage"}]	[MsgId: MMSG-17999]
Action.c(52): Notify: Transaction "登录" ended with "Pass" status (Duration: 0.4980 Wasted Time: 0.0000).	[MsgId: MMSG-16871]
Ending action Action.	[MsgId: MMSG-15918]
Ending iteration 1.	[MsgId: MMSG-15965]
Ending Vuser...	[MsgId: MMSG-15966]
Starting action vuser_end.	[MsgId: MMSG-15919]
Ending action vuser_end.	[MsgId: MMSG-15918]
Vuser Terminated.	[MsgId: MMSG-15963]
Vuser 8 (thread 3240), ended OK."	[MsgId: MMSG-10695]
