Virtual User Script started at : 2013-08-02 13:31:29	[MsgId: MMSG-15967]
Starting action vuser_init.	[MsgId: MMSG-15919]
Web Turbo Replay of LoadRunner 11.0.0 for WINXP; build 8859 (Aug 18 2010 20:14:31)  	[MsgId: MMSG-27143]
Run Mode: HTML  	[MsgId: MMSG-26000]
Run-Time Settings file: "C:\Documents and Settings\Administrator\Local Settings\Temp\lr5tmpdir5FX.122\lrcfgSI3.123\cfgUFR.133"  	[MsgId: MMSG-27141]
Ending action vuser_init.	[MsgId: MMSG-15918]
Running Vuser...	[MsgId: MMSG-15964]
Starting iteration 1.	[MsgId: MMSG-15968]
Starting action Action.	[MsgId: MMSG-15919]
Action.c(8): Registering web_reg_save_param was successful  	[MsgId: MMSG-26390]
Action.c(17): Rendezvous 上传集中	[MsgId: MMSG-17988]
Action.c(20): Notify: Transaction "文件上传" started.	[MsgId: MMSG-16999]
Action.c(22): Debug message:Ftp Logon successful.	[MsgId: MMSG0]
Action.c(27): Notify: Parameter Substitution: parameter "FileName" =  "95f0b223-e3ed-4b5b-83a8-a1478a85d8e2.jitdf"	[MsgId: MMSG-13992]
Action.c(27): Notify: Parameter Substitution: parameter "FileName" =  "95f0b223-e3ed-4b5b-83a8-a1478a85d8e2.jitdf"	[MsgId: MMSG-13992]
Action.c(27): Debug message:Putting file D:\FTP\Package\95f0b223-e3ed-4b5b-83a8-a1478a85d8e2.jitdf in /DataSyncTesting/95f0b223-e3ed-4b5b-83a8-a1478a85d8e2.jitdf, passive mode set to 1	[MsgId: MMSG0]
Action.c(27): Debug message:Ftp put of D:\FTP\Package\95f0b223-e3ed-4b5b-83a8-a1478a85d8e2.jitdf finished successfully	[MsgId: MMSG0]
Action.c(27): Debug message:Ftp Put ended successfully.	[MsgId: MMSG0]
Action.c(36): Debug message:Ftp Session closed successfully.	[MsgId: MMSG0]
Action.c(40): Notify: Transaction "文件上传" ended with "Pass" status (Duration: 1.8265).	[MsgId: MMSG-16873]
Action.c(45): Warning -26593: The header being added may cause unpredictable results when applied to all ensuing URLs. It is added anyway  	[MsgId: MWAR-26593]
Action.c(45): web_add_auto_header("Content-Type") highest severity level was "warning"  	[MsgId: MMSG-26391]
Action.c(47): Rendezvous WCF集合点	[MsgId: MMSG-17988]
Action.c(49): Notify: Transaction "WCF调用" started.	[MsgId: MMSG-16999]
Action.c(51): Notify: Parameter Substitution: parameter "FileName" =  "95f0b223-e3ed-4b5b-83a8-a1478a85d8e2.jitdf"	[MsgId: MMSG-13992]
Action.c(51): Notify: Parameter Substitution: parameter "User" =  "9598"	[MsgId: MMSG-13992]
Action.c(51): t=7930ms: 174-byte response headers for "http://112.124.9.72:3005/Impls/TableModeDataSync.svc/ProcessRequest" (RelFrameId=1, Internal ID=1)
Action.c(51):     HTTP/1.1 200 OK\r\n
Action.c(51):     Content-Length: 182\r\n
Action.c(51):     Content-Type: application/json; charset=utf-8\r\n
Action.c(51):     Server: Microsoft-IIS/7.5\r\n
Action.c(51):     X-Powered-By: ASP.NET\r\n
Action.c(51):     Date: Fri, 02 Aug 2013 05:31:27 GMT\r\n
Action.c(51):     \r\n
Action.c(51): t=7930ms: 182-byte response body for "http://112.124.9.72:3005/Impls/TableModeDataSync.svc/ProcessRequest" (RelFrameId=1, Internal ID=1)
Action.c(51):     {"DownloadFile":"58\\\\9598\\\\download\\\\20130802\\\\9fc7b3ec-d00f-43d2-a809-6dc6cd71d41
Action.c(51):     b.jitdf","FailFileName":[],"LastUpdateTime":"2013-08-02 13:31:21 883","Message":null,"Resu
Action.c(51):     ltCode":0}
Action.c(51): Notify: Saving Parameter "WcfResponse = 0".	[MsgId: MMSG-13798]
Action.c(51): web_custom_request("ListThemes") was successful, 182 body bytes, 174 header bytes  	[MsgId: MMSG-26386]
Action.c(72): Notify: Parameter Substitution: parameter "WcfResponse" =  "0"	[MsgId: MMSG-13992]
Action.c(72): 参数值为0	[MsgId: MMSG-17999]
Action.c(80): Notify: Transaction "WCF调用" ended with "Pass" status (Duration: 5.8215 Wasted Time: 0.0001).	[MsgId: MMSG-16871]
Action.c(89): Notify: Parameter Substitution: parameter "WcfResponse" =  "0"	[MsgId: MMSG-13992]
Action.c(90): 成功	[MsgId: MMSG-17999]
Action.c(91): Notify: Parameter Substitution: parameter "WcfResponse" =  "0"	[MsgId: MMSG-13992]
Ending action Action.	[MsgId: MMSG-15918]
Ending iteration 1.	[MsgId: MMSG-15965]
Ending Vuser...	[MsgId: MMSG-15966]
Starting action vuser_end.	[MsgId: MMSG-15919]
Ending action vuser_end.	[MsgId: MMSG-15918]
Vuser Terminated.	[MsgId: MMSG-15963]
Vuser 0 (thread 4156), ended OK."	[MsgId: MMSG-10695]
