Virtual User Script started at : 2013-08-01 23:10:19	[MsgId: MMSG-15967]
Starting action vuser_init.	[MsgId: MMSG-15919]
Web Turbo Replay of LoadRunner 11.0.0 for WINXP; build 8859 (Aug 18 2010 20:14:31)  	[MsgId: MMSG-27143]
Run Mode: HTML  	[MsgId: MMSG-26000]
Run-Time Settings file: "C:\Documents and Settings\Administrator\Local Settings\Temp\lr5tmpdir5FX.676\lrcfgSI3.677\cfgbLq.683"  	[MsgId: MMSG-27141]
Ending action vuser_init.	[MsgId: MMSG-15918]
Running Vuser...	[MsgId: MMSG-15964]
Starting iteration 1.	[MsgId: MMSG-15968]
Starting action Action.	[MsgId: MMSG-15919]
Action.c(8): Registering web_reg_save_param was successful  	[MsgId: MMSG-26390]
Action.c(17): Rendezvous 上传集中	[MsgId: MMSG-17988]
Virtual User Script started at : 2013-08-01 23:10:19	[MsgId: MMSG-15967]
Starting action vuser_init.	[MsgId: MMSG-15919]
Web Turbo Replay of LoadRunner 11.0.0 for WINXP; build 8859 (Aug 18 2010 20:14:31)  	[MsgId: MMSG-27143]
Run Mode: HTML  	[MsgId: MMSG-26000]
Run-Time Settings file: "C:\Documents and Settings\Administrator\Local Settings\Temp\lr5tmpdir5FX.676\lrcfgSI3.677\cfgbLq.683"  	[MsgId: MMSG-27141]
Ending action vuser_init.	[MsgId: MMSG-15918]
Running Vuser...	[MsgId: MMSG-15964]
Virtual User Script started at : 2013-08-01 23:10:19	[MsgId: MMSG-15967]
Starting action vuser_init.	[MsgId: MMSG-15919]
Web Turbo Replay of LoadRunner 11.0.0 for WINXP; build 8859 (Aug 18 2010 20:14:31)  	[MsgId: MMSG-27143]
Run Mode: HTML  	[MsgId: MMSG-26000]
Run-Time Settings file: "C:\Documents and Settings\Administrator\Local Settings\Temp\lr5tmpdir5FX.676\lrcfgSI3.677\cfgbLq.683"  	[MsgId: MMSG-27141]
Ending action vuser_init.	[MsgId: MMSG-15918]
Running Vuser...	[MsgId: MMSG-15964]
Starting iteration 1.	[MsgId: MMSG-15968]
Starting iteration 1.	[MsgId: MMSG-15968]
Starting action Action.	[MsgId: MMSG-15919]
Action.c(8): Registering web_reg_save_param was successful  	[MsgId: MMSG-26390]
Action.c(17): Rendezvous 上传集中	[MsgId: MMSG-17988]
Starting action Action.	[MsgId: MMSG-15919]
Action.c(8): Registering web_reg_save_param was successful  	[MsgId: MMSG-26390]
Action.c(17): Rendezvous 上传集中	[MsgId: MMSG-17988]
Virtual User Script started at : 2013-08-01 23:10:19	[MsgId: MMSG-15967]
Starting action vuser_init.	[MsgId: MMSG-15919]
Web Turbo Replay of LoadRunner 11.0.0 for WINXP; build 8859 (Aug 18 2010 20:14:31)  	[MsgId: MMSG-27143]
Run Mode: HTML  	[MsgId: MMSG-26000]
Run-Time Settings file: "C:\Documents and Settings\Administrator\Local Settings\Temp\lr5tmpdir5FX.676\lrcfgSI3.677\cfgbLq.683"  	[MsgId: MMSG-27141]
Ending action vuser_init.	[MsgId: MMSG-15918]
Running Vuser...	[MsgId: MMSG-15964]
Virtual User Script started at : 2013-08-01 23:10:19	[MsgId: MMSG-15967]
Starting action vuser_init.	[MsgId: MMSG-15919]
Web Turbo Replay of LoadRunner 11.0.0 for WINXP; build 8859 (Aug 18 2010 20:14:31)  	[MsgId: MMSG-27143]
Run Mode: HTML  	[MsgId: MMSG-26000]
Run-Time Settings file: "C:\Documents and Settings\Administrator\Local Settings\Temp\lr5tmpdir5FX.676\lrcfgSI3.677\cfgbLq.683"  	[MsgId: MMSG-27141]
Ending action vuser_init.	[MsgId: MMSG-15918]
Running Vuser...	[MsgId: MMSG-15964]
Starting iteration 1.	[MsgId: MMSG-15968]
Starting action Action.	[MsgId: MMSG-15919]
Starting iteration 1.	[MsgId: MMSG-15968]
Action.c(8): Registering web_reg_save_param was successful  	[MsgId: MMSG-26390]
Starting action Action.	[MsgId: MMSG-15919]
Action.c(8): Registering web_reg_save_param was successful  	[MsgId: MMSG-26390]
Action.c(17): Rendezvous 上传集中	[MsgId: MMSG-17988]
Action.c(17): Rendezvous 上传集中	[MsgId: MMSG-17988]
Virtual User Script started at : 2013-08-01 23:10:19	[MsgId: MMSG-15967]
Starting action vuser_init.	[MsgId: MMSG-15919]
Web Turbo Replay of LoadRunner 11.0.0 for WINXP; build 8859 (Aug 18 2010 20:14:31)  	[MsgId: MMSG-27143]
Run Mode: HTML  	[MsgId: MMSG-26000]
Run-Time Settings file: "C:\Documents and Settings\Administrator\Local Settings\Temp\lr5tmpdir5FX.676\lrcfgSI3.677\cfgbLq.683"  	[MsgId: MMSG-27141]
Ending action vuser_init.	[MsgId: MMSG-15918]
Running Vuser...	[MsgId: MMSG-15964]
Starting iteration 1.	[MsgId: MMSG-15968]
Starting action Action.	[MsgId: MMSG-15919]
Action.c(8): Registering web_reg_save_param was successful  	[MsgId: MMSG-26390]
Action.c(17): Rendezvous 上传集中	[MsgId: MMSG-17988]
Virtual User Script started at : 2013-08-01 23:10:19	[MsgId: MMSG-15967]
Starting action vuser_init.	[MsgId: MMSG-15919]
Web Turbo Replay of LoadRunner 11.0.0 for WINXP; build 8859 (Aug 18 2010 20:14:31)  	[MsgId: MMSG-27143]
Run Mode: HTML  	[MsgId: MMSG-26000]
Run-Time Settings file: "C:\Documents and Settings\Administrator\Local Settings\Temp\lr5tmpdir5FX.676\lrcfgSI3.677\cfgbLq.683"  	[MsgId: MMSG-27141]
Ending action vuser_init.	[MsgId: MMSG-15918]
Running Vuser...	[MsgId: MMSG-15964]
Starting iteration 1.	[MsgId: MMSG-15968]
Starting action Action.	[MsgId: MMSG-15919]
Action.c(8): Registering web_reg_save_param was successful  	[MsgId: MMSG-26390]
Action.c(17): Rendezvous 上传集中	[MsgId: MMSG-17988]
Virtual User Script started at : 2013-08-01 23:10:19	[MsgId: MMSG-15967]
Starting action vuser_init.	[MsgId: MMSG-15919]
Web Turbo Replay of LoadRunner 11.0.0 for WINXP; build 8859 (Aug 18 2010 20:14:31)  	[MsgId: MMSG-27143]
Run Mode: HTML  	[MsgId: MMSG-26000]
Run-Time Settings file: "C:\Documents and Settings\Administrator\Local Settings\Temp\lr5tmpdir5FX.676\lrcfgSI3.677\cfgbLq.683"  	[MsgId: MMSG-27141]
Ending action vuser_init.	[MsgId: MMSG-15918]
Running Vuser...	[MsgId: MMSG-15964]
Starting iteration 1.	[MsgId: MMSG-15968]
Starting action Action.	[MsgId: MMSG-15919]
Action.c(8): Registering web_reg_save_param was successful  	[MsgId: MMSG-26390]
Action.c(17): Rendezvous 上传集中	[MsgId: MMSG-17988]
Virtual User Script started at : 2013-08-01 23:10:19	[MsgId: MMSG-15967]
Starting action vuser_init.	[MsgId: MMSG-15919]
Web Turbo Replay of LoadRunner 11.0.0 for WINXP; build 8859 (Aug 18 2010 20:14:31)  	[MsgId: MMSG-27143]
Run Mode: HTML  	[MsgId: MMSG-26000]
Run-Time Settings file: "C:\Documents and Settings\Administrator\Local Settings\Temp\lr5tmpdir5FX.676\lrcfgSI3.677\cfgbLq.683"  	[MsgId: MMSG-27141]
Ending action vuser_init.	[MsgId: MMSG-15918]
Running Vuser...	[MsgId: MMSG-15964]
Starting iteration 1.	[MsgId: MMSG-15968]
Starting action Action.	[MsgId: MMSG-15919]
Action.c(8): Registering web_reg_save_param was successful  	[MsgId: MMSG-26390]
Action.c(17): Rendezvous 上传集中	[MsgId: MMSG-17988]
Virtual User Script started at : 2013-08-01 23:10:19	[MsgId: MMSG-15967]
Starting action vuser_init.	[MsgId: MMSG-15919]
Web Turbo Replay of LoadRunner 11.0.0 for WINXP; build 8859 (Aug 18 2010 20:14:31)  	[MsgId: MMSG-27143]
Run Mode: HTML  	[MsgId: MMSG-26000]
Run-Time Settings file: "C:\Documents and Settings\Administrator\Local Settings\Temp\lr5tmpdir5FX.676\lrcfgSI3.677\cfgbLq.683"  	[MsgId: MMSG-27141]
Ending action vuser_init.	[MsgId: MMSG-15918]
Running Vuser...	[MsgId: MMSG-15964]
Starting iteration 1.	[MsgId: MMSG-15968]
Starting action Action.	[MsgId: MMSG-15919]
Action.c(8): Registering web_reg_save_param was successful  	[MsgId: MMSG-26390]
Action.c(17): Rendezvous 上传集中	[MsgId: MMSG-17988]
Action.c(20): Notify: Transaction "文件上传" started.	[MsgId: MMSG-16999]
Action.c(20): Notify: Transaction "文件上传" started.	[MsgId: MMSG-16999]
Action.c(20): Notify: Transaction "文件上传" started.	[MsgId: MMSG-16999]
Action.c(20): Notify: Transaction "文件上传" started.	[MsgId: MMSG-16999]
Action.c(20): Notify: Transaction "文件上传" started.	[MsgId: MMSG-16999]
Action.c(20): Notify: Transaction "文件上传" started.	[MsgId: MMSG-16999]
Action.c(20): Notify: Transaction "文件上传" started.	[MsgId: MMSG-16999]
Action.c(20): Notify: Transaction "文件上传" started.	[MsgId: MMSG-16999]
Action.c(20): Notify: Transaction "文件上传" started.	[MsgId: MMSG-16999]
Action.c(20): Notify: Transaction "文件上传" started.	[MsgId: MMSG-16999]
Action.c(22): Debug message:Ftp Logon successful.	[MsgId: MMSG0]
Action.c(27): Notify: Parameter Substitution: parameter "FileName" =  "a3c2c0f4-0533-4810-9ea0-cc3f4657efad.jitdf"	[MsgId: MMSG-13992]
Action.c(22): Debug message:Ftp Logon successful.	[MsgId: MMSG0]
Action.c(22): Debug message:Ftp Logon successful.	[MsgId: MMSG0]
Action.c(22): Debug message:Ftp Logon successful.	[MsgId: MMSG0]
Action.c(22): Debug message:Ftp Logon successful.	[MsgId: MMSG0]
Action.c(27): Notify: Parameter Substitution: parameter "FileName" =  "a3c2c0f4-0533-4810-9ea0-cc3f4657efad.jitdf"	[MsgId: MMSG-13992]
Action.c(27): Notify: Parameter Substitution: parameter "FileName" =  "5bd47d6c-2eb2-4302-9edd-e31acfe58418.jitdf"	[MsgId: MMSG-13992]
Action.c(27): Notify: Parameter Substitution: parameter "FileName" =  "3342e1e3-9730-491c-a1d4-f0c3962b554b.jitdf"	[MsgId: MMSG-13992]
Action.c(27): Notify: Parameter Substitution: parameter "FileName" =  "04b7bed3-fe20-40c6-8a85-66b7742fd6f2.jitdf"	[MsgId: MMSG-13992]
Action.c(27): Notify: Parameter Substitution: parameter "FileName" =  "e23cfa1c-9c27-4097-9529-9ec3889e36af.jitdf"	[MsgId: MMSG-13992]
Action.c(27): Notify: Parameter Substitution: parameter "FileName" =  "04b7bed3-fe20-40c6-8a85-66b7742fd6f2.jitdf"	[MsgId: MMSG-13992]
Action.c(27): Notify: Parameter Substitution: parameter "FileName" =  "3342e1e3-9730-491c-a1d4-f0c3962b554b.jitdf"	[MsgId: MMSG-13992]
Action.c(27): Notify: Parameter Substitution: parameter "FileName" =  "e23cfa1c-9c27-4097-9529-9ec3889e36af.jitdf"	[MsgId: MMSG-13992]
Action.c(27): Notify: Parameter Substitution: parameter "FileName" =  "5bd47d6c-2eb2-4302-9edd-e31acfe58418.jitdf"	[MsgId: MMSG-13992]
Action.c(22): Debug message:Ftp Logon successful.	[MsgId: MMSG0]
Action.c(27): Notify: Parameter Substitution: parameter "FileName" =  "b498bcca-8922-462c-a74b-5f62ec7aa5b5.jitdf"	[MsgId: MMSG-13992]
Action.c(27): Notify: Parameter Substitution: parameter "FileName" =  "b498bcca-8922-462c-a74b-5f62ec7aa5b5.jitdf"	[MsgId: MMSG-13992]
Action.c(22): Debug message:Ftp Logon successful.	[MsgId: MMSG0]
Action.c(27): Notify: Parameter Substitution: parameter "FileName" =  "3d7f46c8-25b1-4f68-b394-38d209a88678.jitdf"	[MsgId: MMSG-13992]
Action.c(27): Notify: Parameter Substitution: parameter "FileName" =  "3d7f46c8-25b1-4f68-b394-38d209a88678.jitdf"	[MsgId: MMSG-13992]
Action.c(22): Debug message:Ftp Logon successful.	[MsgId: MMSG0]
Action.c(27): Notify: Parameter Substitution: parameter "FileName" =  "46381fb8-b959-466e-a3cd-07f589ab4a6d.jitdf"	[MsgId: MMSG-13992]
Action.c(27): Notify: Parameter Substitution: parameter "FileName" =  "46381fb8-b959-466e-a3cd-07f589ab4a6d.jitdf"	[MsgId: MMSG-13992]
Action.c(22): Debug message:Ftp Logon successful.	[MsgId: MMSG0]
Action.c(27): Notify: Parameter Substitution: parameter "FileName" =  "348f1613-8021-4f18-937c-5fe5a59df78f.jitdf"	[MsgId: MMSG-13992]
Action.c(27): Notify: Parameter Substitution: parameter "FileName" =  "348f1613-8021-4f18-937c-5fe5a59df78f.jitdf"	[MsgId: MMSG-13992]
Action.c(22): Debug message:Ftp Logon successful.	[MsgId: MMSG0]
Action.c(27): Notify: Parameter Substitution: parameter "FileName" =  "9f241acd-9d06-491b-b620-78d0bdecb122.jitdf"	[MsgId: MMSG-13992]
Action.c(27): Notify: Parameter Substitution: parameter "FileName" =  "9f241acd-9d06-491b-b620-78d0bdecb122.jitdf"	[MsgId: MMSG-13992]
Action.c(27): Debug message:Putting file D:\FTP\Package\04b7bed3-fe20-40c6-8a85-66b7742fd6f2.jitdf in /DataSyncTesting/04b7bed3-fe20-40c6-8a85-66b7742fd6f2.jitdf, passive mode set to 1	[MsgId: MMSG0]
Action.c(27): Debug message:Putting file D:\FTP\Package\5bd47d6c-2eb2-4302-9edd-e31acfe58418.jitdf in /DataSyncTesting/5bd47d6c-2eb2-4302-9edd-e31acfe58418.jitdf, passive mode set to 1	[MsgId: MMSG0]
Action.c(27): Debug message:Putting file D:\FTP\Package\3342e1e3-9730-491c-a1d4-f0c3962b554b.jitdf in /DataSyncTesting/3342e1e3-9730-491c-a1d4-f0c3962b554b.jitdf, passive mode set to 1	[MsgId: MMSG0]
Action.c(27): Debug message:Putting file D:\FTP\Package\e23cfa1c-9c27-4097-9529-9ec3889e36af.jitdf in /DataSyncTesting/e23cfa1c-9c27-4097-9529-9ec3889e36af.jitdf, passive mode set to 1	[MsgId: MMSG0]
Action.c(27): Debug message:Putting file D:\FTP\Package\a3c2c0f4-0533-4810-9ea0-cc3f4657efad.jitdf in /DataSyncTesting/a3c2c0f4-0533-4810-9ea0-cc3f4657efad.jitdf, passive mode set to 1	[MsgId: MMSG0]
Action.c(27): Debug message:Putting file D:\FTP\Package\b498bcca-8922-462c-a74b-5f62ec7aa5b5.jitdf in /DataSyncTesting/b498bcca-8922-462c-a74b-5f62ec7aa5b5.jitdf, passive mode set to 1	[MsgId: MMSG0]
Action.c(27): Debug message:Putting file D:\FTP\Package\46381fb8-b959-466e-a3cd-07f589ab4a6d.jitdf in /DataSyncTesting/46381fb8-b959-466e-a3cd-07f589ab4a6d.jitdf, passive mode set to 1	[MsgId: MMSG0]
Action.c(27): Debug message:Putting file D:\FTP\Package\9f241acd-9d06-491b-b620-78d0bdecb122.jitdf in /DataSyncTesting/9f241acd-9d06-491b-b620-78d0bdecb122.jitdf, passive mode set to 1	[MsgId: MMSG0]
Action.c(27): Debug message:Putting file D:\FTP\Package\3d7f46c8-25b1-4f68-b394-38d209a88678.jitdf in /DataSyncTesting/3d7f46c8-25b1-4f68-b394-38d209a88678.jitdf, passive mode set to 1	[MsgId: MMSG0]
Action.c(27): Debug message:Putting file D:\FTP\Package\348f1613-8021-4f18-937c-5fe5a59df78f.jitdf in /DataSyncTesting/348f1613-8021-4f18-937c-5fe5a59df78f.jitdf, passive mode set to 1	[MsgId: MMSG0]
Action.c(27): Debug message:Ftp put of D:\FTP\Package\04b7bed3-fe20-40c6-8a85-66b7742fd6f2.jitdf finished successfully	[MsgId: MMSG0]
Action.c(27): Debug message:Ftp Put ended successfully.	[MsgId: MMSG0]
Action.c(27): Debug message:Ftp put of D:\FTP\Package\a3c2c0f4-0533-4810-9ea0-cc3f4657efad.jitdf finished successfully	[MsgId: MMSG0]
Action.c(27): Debug message:Ftp Put ended successfully.	[MsgId: MMSG0]
Action.c(27): Debug message:Ftp put of D:\FTP\Package\3342e1e3-9730-491c-a1d4-f0c3962b554b.jitdf finished successfully	[MsgId: MMSG0]
Action.c(27): Debug message:Ftp Put ended successfully.	[MsgId: MMSG0]
Action.c(27): Debug message:Ftp put of D:\FTP\Package\e23cfa1c-9c27-4097-9529-9ec3889e36af.jitdf finished successfully	[MsgId: MMSG0]
Action.c(27): Debug message:Ftp Put ended successfully.	[MsgId: MMSG0]
Action.c(27): Debug message:Ftp put of D:\FTP\Package\5bd47d6c-2eb2-4302-9edd-e31acfe58418.jitdf finished successfully	[MsgId: MMSG0]
Action.c(27): Debug message:Ftp Put ended successfully.	[MsgId: MMSG0]
Action.c(36): Debug message:Ftp Session closed successfully.	[MsgId: MMSG0]
Action.c(40): Notify: Transaction "文件上传" ended with "Pass" status (Duration: 0.2032).	[MsgId: MMSG-16873]
Action.c(45): Warning -26593: The header being added may cause unpredictable results when applied to all ensuing URLs. It is added anyway  	[MsgId: MWAR-26593]
Action.c(45): web_add_auto_header("Content-Type") highest severity level was "warning"  	[MsgId: MMSG-26391]
Action.c(47): Rendezvous WCF集合点	[MsgId: MMSG-17988]
Action.c(36): Debug message:Ftp Session closed successfully.	[MsgId: MMSG0]
Action.c(40): Notify: Transaction "文件上传" ended with "Pass" status (Duration: 0.2025).	[MsgId: MMSG-16873]
Action.c(45): Warning -26593: The header being added may cause unpredictable results when applied to all ensuing URLs. It is added anyway  	[MsgId: MWAR-26593]
Action.c(45): web_add_auto_header("Content-Type") highest severity level was "warning"  	[MsgId: MMSG-26391]
Action.c(47): Rendezvous WCF集合点	[MsgId: MMSG-17988]
Action.c(36): Debug message:Ftp Session closed successfully.	[MsgId: MMSG0]
Action.c(40): Notify: Transaction "文件上传" ended with "Pass" status (Duration: 0.2037).	[MsgId: MMSG-16873]
Action.c(45): Warning -26593: The header being added may cause unpredictable results when applied to all ensuing URLs. It is added anyway  	[MsgId: MWAR-26593]
Action.c(45): web_add_auto_header("Content-Type") highest severity level was "warning"  	[MsgId: MMSG-26391]
Action.c(47): Rendezvous WCF集合点	[MsgId: MMSG-17988]
Action.c(36): Debug message:Ftp Session closed successfully.	[MsgId: MMSG0]
Action.c(40): Notify: Transaction "文件上传" ended with "Pass" status (Duration: 0.2030).	[MsgId: MMSG-16873]
Action.c(45): Warning -26593: The header being added may cause unpredictable results when applied to all ensuing URLs. It is added anyway  	[MsgId: MWAR-26593]
Action.c(45): web_add_auto_header("Content-Type") highest severity level was "warning"  	[MsgId: MMSG-26391]
Action.c(47): Rendezvous WCF集合点	[MsgId: MMSG-17988]
Action.c(36): Debug message:Ftp Session closed successfully.	[MsgId: MMSG0]
Action.c(40): Notify: Transaction "文件上传" ended with "Pass" status (Duration: 0.2089).	[MsgId: MMSG-16873]
Action.c(45): Warning -26593: The header being added may cause unpredictable results when applied to all ensuing URLs. It is added anyway  	[MsgId: MWAR-26593]
Action.c(45): web_add_auto_header("Content-Type") highest severity level was "warning"  	[MsgId: MMSG-26391]
Action.c(47): Rendezvous WCF集合点	[MsgId: MMSG-17988]
Action.c(27): Debug message:Ftp put of D:\FTP\Package\b498bcca-8922-462c-a74b-5f62ec7aa5b5.jitdf finished successfully	[MsgId: MMSG0]
Action.c(27): Debug message:Ftp Put ended successfully.	[MsgId: MMSG0]
Action.c(27): Debug message:Ftp put of D:\FTP\Package\46381fb8-b959-466e-a3cd-07f589ab4a6d.jitdf finished successfully	[MsgId: MMSG0]
Action.c(27): Debug message:Ftp Put ended successfully.	[MsgId: MMSG0]
Action.c(27): Debug message:Ftp put of D:\FTP\Package\348f1613-8021-4f18-937c-5fe5a59df78f.jitdf finished successfully	[MsgId: MMSG0]
Action.c(27): Debug message:Ftp Put ended successfully.	[MsgId: MMSG0]
Action.c(27): Debug message:Ftp put of D:\FTP\Package\3d7f46c8-25b1-4f68-b394-38d209a88678.jitdf finished successfully	[MsgId: MMSG0]
Action.c(27): Debug message:Ftp Put ended successfully.	[MsgId: MMSG0]
Action.c(36): Debug message:Ftp Session closed successfully.	[MsgId: MMSG0]
Action.c(40): Notify: Transaction "文件上传" ended with "Pass" status (Duration: 0.2158).	[MsgId: MMSG-16873]
Action.c(45): Warning -26593: The header being added may cause unpredictable results when applied to all ensuing URLs. It is added anyway  	[MsgId: MWAR-26593]
Action.c(45): web_add_auto_header("Content-Type") highest severity level was "warning"  	[MsgId: MMSG-26391]
Action.c(47): Rendezvous WCF集合点	[MsgId: MMSG-17988]
Action.c(36): Debug message:Ftp Session closed successfully.	[MsgId: MMSG0]
Action.c(40): Notify: Transaction "文件上传" ended with "Pass" status (Duration: 0.2164).	[MsgId: MMSG-16873]
Action.c(45): Warning -26593: The header being added may cause unpredictable results when applied to all ensuing URLs. It is added anyway  	[MsgId: MWAR-26593]
Action.c(45): web_add_auto_header("Content-Type") highest severity level was "warning"  	[MsgId: MMSG-26391]
Action.c(47): Rendezvous WCF集合点	[MsgId: MMSG-17988]
Action.c(36): Debug message:Ftp Session closed successfully.	[MsgId: MMSG0]
Action.c(40): Notify: Transaction "文件上传" ended with "Pass" status (Duration: 0.2162).	[MsgId: MMSG-16873]
Action.c(45): Warning -26593: The header being added may cause unpredictable results when applied to all ensuing URLs. It is added anyway  	[MsgId: MWAR-26593]
Action.c(45): web_add_auto_header("Content-Type") highest severity level was "warning"  	[MsgId: MMSG-26391]
Action.c(47): Rendezvous WCF集合点	[MsgId: MMSG-17988]
Action.c(27): Debug message:Ftp put of D:\FTP\Package\9f241acd-9d06-491b-b620-78d0bdecb122.jitdf finished successfully	[MsgId: MMSG0]
Action.c(27): Debug message:Ftp Put ended successfully.	[MsgId: MMSG0]
Action.c(36): Debug message:Ftp Session closed successfully.	[MsgId: MMSG0]
Action.c(40): Notify: Transaction "文件上传" ended with "Pass" status (Duration: 0.2164).	[MsgId: MMSG-16873]
Action.c(45): Warning -26593: The header being added may cause unpredictable results when applied to all ensuing URLs. It is added anyway  	[MsgId: MWAR-26593]
Action.c(45): web_add_auto_header("Content-Type") highest severity level was "warning"  	[MsgId: MMSG-26391]
Action.c(47): Rendezvous WCF集合点	[MsgId: MMSG-17988]
Action.c(36): Debug message:Ftp Session closed successfully.	[MsgId: MMSG0]
Action.c(40): Notify: Transaction "文件上传" ended with "Pass" status (Duration: 0.2317).	[MsgId: MMSG-16873]
Action.c(45): Warning -26593: The header being added may cause unpredictable results when applied to all ensuing URLs. It is added anyway  	[MsgId: MWAR-26593]
Action.c(45): web_add_auto_header("Content-Type") highest severity level was "warning"  	[MsgId: MMSG-26391]
Action.c(47): Rendezvous WCF集合点	[MsgId: MMSG-17988]
Action.c(49): Notify: Transaction "WCF调用" started.	[MsgId: MMSG-16999]
Action.c(51): Notify: Parameter Substitution: parameter "FileName" =  "348f1613-8021-4f18-937c-5fe5a59df78f.jitdf"	[MsgId: MMSG-13992]
Action.c(51): Notify: Parameter Substitution: parameter "User" =  "9598"	[MsgId: MMSG-13992]
Action.c(49): Notify: Transaction "WCF调用" started.	[MsgId: MMSG-16999]
Action.c(51): Notify: Parameter Substitution: parameter "FileName" =  "5bd47d6c-2eb2-4302-9edd-e31acfe58418.jitdf"	[MsgId: MMSG-13992]
Action.c(51): Notify: Parameter Substitution: parameter "User" =  "9598"	[MsgId: MMSG-13992]
Action.c(49): Notify: Transaction "WCF调用" started.	[MsgId: MMSG-16999]
Action.c(51): Notify: Parameter Substitution: parameter "FileName" =  "a3c2c0f4-0533-4810-9ea0-cc3f4657efad.jitdf"	[MsgId: MMSG-13992]
Action.c(51): Notify: Parameter Substitution: parameter "User" =  "9598"	[MsgId: MMSG-13992]
Action.c(49): Notify: Transaction "WCF调用" started.	[MsgId: MMSG-16999]
Action.c(51): Notify: Parameter Substitution: parameter "FileName" =  "9f241acd-9d06-491b-b620-78d0bdecb122.jitdf"	[MsgId: MMSG-13992]
Action.c(51): Notify: Parameter Substitution: parameter "User" =  "9598"	[MsgId: MMSG-13992]
Action.c(49): Notify: Transaction "WCF调用" started.	[MsgId: MMSG-16999]
Action.c(49): Notify: Transaction "WCF调用" started.	[MsgId: MMSG-16999]
Action.c(49): Notify: Transaction "WCF调用" started.	[MsgId: MMSG-16999]
Action.c(49): Notify: Transaction "WCF调用" started.	[MsgId: MMSG-16999]
Action.c(49): Notify: Transaction "WCF调用" started.	[MsgId: MMSG-16999]
Action.c(51): Notify: Parameter Substitution: parameter "FileName" =  "3d7f46c8-25b1-4f68-b394-38d209a88678.jitdf"	[MsgId: MMSG-13992]
Action.c(51): Notify: Parameter Substitution: parameter "User" =  "9598"	[MsgId: MMSG-13992]
Action.c(51): Notify: Parameter Substitution: parameter "FileName" =  "46381fb8-b959-466e-a3cd-07f589ab4a6d.jitdf"	[MsgId: MMSG-13992]
Action.c(51): Notify: Parameter Substitution: parameter "User" =  "9598"	[MsgId: MMSG-13992]
Action.c(51): Notify: Parameter Substitution: parameter "FileName" =  "04b7bed3-fe20-40c6-8a85-66b7742fd6f2.jitdf"	[MsgId: MMSG-13992]
Action.c(51): Notify: Parameter Substitution: parameter "User" =  "9598"	[MsgId: MMSG-13992]
Action.c(51): Notify: Parameter Substitution: parameter "FileName" =  "3342e1e3-9730-491c-a1d4-f0c3962b554b.jitdf"	[MsgId: MMSG-13992]
Action.c(51): Notify: Parameter Substitution: parameter "User" =  "9598"	[MsgId: MMSG-13992]
Action.c(51): Notify: Parameter Substitution: parameter "FileName" =  "b498bcca-8922-462c-a74b-5f62ec7aa5b5.jitdf"	[MsgId: MMSG-13992]
Action.c(51): Notify: Parameter Substitution: parameter "User" =  "9598"	[MsgId: MMSG-13992]
Action.c(49): Notify: Transaction "WCF调用" started.	[MsgId: MMSG-16999]
Action.c(51): Notify: Parameter Substitution: parameter "FileName" =  "e23cfa1c-9c27-4097-9529-9ec3889e36af.jitdf"	[MsgId: MMSG-13992]
Action.c(51): Notify: Parameter Substitution: parameter "User" =  "9598"	[MsgId: MMSG-13992]
Action.c(51): t=807ms: 174-byte response headers for "http://112.124.9.72:3005/Impls/TableModeDataSync.svc/ProcessRequest" (RelFrameId=1, Internal ID=1)
Action.c(51):     HTTP/1.1 200 OK\r\n
Action.c(51):     Content-Length: 182\r\n
Action.c(51):     Content-Type: application/json; charset=utf-8\r\n
Action.c(51):     Server: Microsoft-IIS/7.5\r\n
Action.c(51):     X-Powered-By: ASP.NET\r\n
Action.c(51):     Date: Thu, 01 Aug 2013 15:10:12 GMT\r\n
Action.c(51):     \r\n
Action.c(51): t=807ms: 182-byte response body for "http://112.124.9.72:3005/Impls/TableModeDataSync.svc/ProcessRequest" (RelFrameId=1, Internal ID=1)
Action.c(51):     {"DownloadFile":"58\\\\9598\\\\download\\\\20130801\\\\23144bf3-837d-413c-81e8-994bd2b356f
Action.c(51):     2.jitdf","FailFileName":[],"LastUpdateTime":"2013-08-01 23:09:36 821","Message":null,"Resu
Action.c(51):     ltCode":0}
Action.c(51): Notify: Saving Parameter "WcfResponse = 0".	[MsgId: MMSG-13798]
Action.c(51): web_custom_request("ListThemes") was successful, 182 body bytes, 174 header bytes  	[MsgId: MMSG-26386]
Action.c(72): Notify: Parameter Substitution: parameter "WcfResponse" =  "0"	[MsgId: MMSG-13992]
Action.c(72): 参数值为0	[MsgId: MMSG-17999]
Action.c(80): Notify: Transaction "WCF调用" ended with "Pass" status (Duration: 0.0595 Wasted Time: 0.0001).	[MsgId: MMSG-16871]
Action.c(51): t=808ms: 174-byte response headers for "http://112.124.9.72:3005/Impls/TableModeDataSync.svc/ProcessRequest" (RelFrameId=1, Internal ID=1)
Action.c(51): t=808ms: 174-byte response headers for "http://112.124.9.72:3005/Impls/TableModeDataSync.svc/ProcessRequest" (RelFrameId=1, Internal ID=1)
Action.c(51):     HTTP/1.1 200 OK\r\n
Action.c(51):     HTTP/1.1 200 OK\r\n
Action.c(51):     Content-Length: 182\r\n
Action.c(51):     Content-Length: 182\r\n
Action.c(51):     Content-Type: application/json; charset=utf-8\r\n
Action.c(51):     Content-Type: application/json; charset=utf-8\r\n
Action.c(51):     Server: Microsoft-IIS/7.5\r\n
Action.c(51):     Server: Microsoft-IIS/7.5\r\n
Action.c(51):     X-Powered-By: ASP.NET\r\n
Action.c(51):     X-Powered-By: ASP.NET\r\n
Action.c(51):     Date: Thu, 01 Aug 2013 15:10:12 GMT\r\n
Action.c(51):     Date: Thu, 01 Aug 2013 15:10:12 GMT\r\n
Action.c(51):     \r\n
Action.c(51):     \r\n
Action.c(51): t=808ms: 182-byte response body for "http://112.124.9.72:3005/Impls/TableModeDataSync.svc/ProcessRequest" (RelFrameId=1, Internal ID=1)
Action.c(51): t=808ms: 182-byte response body for "http://112.124.9.72:3005/Impls/TableModeDataSync.svc/ProcessRequest" (RelFrameId=1, Internal ID=1)
Action.c(51):     {"DownloadFile":"58\\\\9598\\\\download\\\\20130801\\\\f6c263fe-f13a-416e-a4a7-400614ee188
Action.c(51):     {"DownloadFile":"58\\\\9598\\\\download\\\\20130801\\\\30ae0185-e9dc-4df1-9707-dff5504baf3
Action.c(51):     9.jitdf","FailFileName":[],"LastUpdateTime":"2013-08-01 23:09:36 821","Message":null,"Resu
Action.c(51):     0.jitdf","FailFileName":[],"LastUpdateTime":"2013-08-01 23:09:36 836","Message":null,"Resu
Action.c(51):     ltCode":0}
Action.c(51):     ltCode":0}
Action.c(51): Notify: Saving Parameter "WcfResponse = 0".	[MsgId: MMSG-13798]
Action.c(51): Notify: Saving Parameter "WcfResponse = 0".	[MsgId: MMSG-13798]
Action.c(51): web_custom_request("ListThemes") was successful, 182 body bytes, 174 header bytes  	[MsgId: MMSG-26386]
Action.c(51): web_custom_request("ListThemes") was successful, 182 body bytes, 174 header bytes  	[MsgId: MMSG-26386]
Action.c(72): Notify: Parameter Substitution: parameter "WcfResponse" =  "0"	[MsgId: MMSG-13992]
Action.c(72): Notify: Parameter Substitution: parameter "WcfResponse" =  "0"	[MsgId: MMSG-13992]
Action.c(72): 参数值为0	[MsgId: MMSG-17999]
Action.c(72): 参数值为0	[MsgId: MMSG-17999]
Action.c(80): Notify: Transaction "WCF调用" ended with "Pass" status (Duration: 0.0629 Wasted Time: 0.0000).	[MsgId: MMSG-16871]
Action.c(80): Notify: Transaction "WCF调用" ended with "Pass" status (Duration: 0.0634 Wasted Time: 0.0000).	[MsgId: MMSG-16871]
Action.c(89): Notify: Parameter Substitution: parameter "WcfResponse" =  "0"	[MsgId: MMSG-13992]
Action.c(51): t=809ms: 174-byte response headers for "http://112.124.9.72:3005/Impls/TableModeDataSync.svc/ProcessRequest" (RelFrameId=1, Internal ID=1)
Action.c(90): 成功	[MsgId: MMSG-17999]
Action.c(51):     HTTP/1.1 200 OK\r\n
Action.c(51):     Content-Length: 182\r\n
Action.c(91): Notify: Parameter Substitution: parameter "WcfResponse" =  "0"	[MsgId: MMSG-13992]
Action.c(51):     Content-Type: application/json; charset=utf-8\r\n
Action.c(51):     Server: Microsoft-IIS/7.5\r\n
Action.c(51): t=809ms: 174-byte response headers for "http://112.124.9.72:3005/Impls/TableModeDataSync.svc/ProcessRequest" (RelFrameId=1, Internal ID=1)
Action.c(51):     X-Powered-By: ASP.NET\r\n
Action.c(51):     HTTP/1.1 200 OK\r\n
Action.c(51):     Date: Thu, 01 Aug 2013 15:10:12 GMT\r\n
Action.c(51):     Content-Length: 182\r\n
Action.c(51):     \r\n
Action.c(51):     Content-Type: application/json; charset=utf-8\r\n
Action.c(51): t=809ms: 182-byte response body for "http://112.124.9.72:3005/Impls/TableModeDataSync.svc/ProcessRequest" (RelFrameId=1, Internal ID=1)
Action.c(51):     Server: Microsoft-IIS/7.5\r\n
Action.c(51):     {"DownloadFile":"58\\\\9598\\\\download\\\\20130801\\\\17fe4c86-e4ac-4ffb-93ff-6941b78fde2
Action.c(51):     X-Powered-By: ASP.NET\r\n
Action.c(51):     6.jitdf","FailFileName":[],"LastUpdateTime":"2013-08-01 23:09:36 821","Message":null,"Resu
Action.c(51):     Date: Thu, 01 Aug 2013 15:10:12 GMT\r\n
Action.c(51):     ltCode":0}
Action.c(51):     \r\n
Action.c(51): Notify: Saving Parameter "WcfResponse = 0".	[MsgId: MMSG-13798]
Action.c(51): t=809ms: 182-byte response body for "http://112.124.9.72:3005/Impls/TableModeDataSync.svc/ProcessRequest" (RelFrameId=1, Internal ID=1)
Action.c(51):     {"DownloadFile":"58\\\\9598\\\\download\\\\20130801\\\\7caccbc1-9605-471e-9062-fcfc78d36d1
Action.c(51): web_custom_request("ListThemes") was successful, 182 body bytes, 174 header bytes  	[MsgId: MMSG-26386]
Action.c(51):     3.jitdf","FailFileName":[],"LastUpdateTime":"2013-08-01 23:09:36 836","Message":null,"Resu
Action.c(51):     ltCode":0}
Action.c(72): Notify: Parameter Substitution: parameter "WcfResponse" =  "0"	[MsgId: MMSG-13992]
Action.c(51): Notify: Saving Parameter "WcfResponse = 0".	[MsgId: MMSG-13798]
Action.c(72): 参数值为0	[MsgId: MMSG-17999]
Action.c(51): web_custom_request("ListThemes") was successful, 182 body bytes, 174 header bytes  	[MsgId: MMSG-26386]
Action.c(80): Notify: Transaction "WCF调用" ended with "Pass" status (Duration: 0.0619 Wasted Time: 0.0000).	[MsgId: MMSG-16871]
Action.c(72): Notify: Parameter Substitution: parameter "WcfResponse" =  "0"	[MsgId: MMSG-13992]
Action.c(72): 参数值为0	[MsgId: MMSG-17999]
Action.c(80): Notify: Transaction "WCF调用" ended with "Pass" status (Duration: 0.0615 Wasted Time: 0.0000).	[MsgId: MMSG-16871]
Action.c(51): t=810ms: 174-byte response headers for "http://112.124.9.72:3005/Impls/TableModeDataSync.svc/ProcessRequest" (RelFrameId=1, Internal ID=1)
Action.c(51):     HTTP/1.1 200 OK\r\n
Action.c(51):     Content-Length: 182\r\n
Action.c(51):     Content-Type: application/json; charset=utf-8\r\n
Action.c(51): t=810ms: 174-byte response headers for "http://112.124.9.72:3005/Impls/TableModeDataSync.svc/ProcessRequest" (RelFrameId=1, Internal ID=1)
Action.c(51):     Server: Microsoft-IIS/7.5\r\n
Action.c(51):     HTTP/1.1 200 OK\r\n
Action.c(51):     X-Powered-By: ASP.NET\r\n
Action.c(51):     Content-Length: 182\r\n
Action.c(51):     Date: Thu, 01 Aug 2013 15:10:12 GMT\r\n
Action.c(51):     Content-Type: application/json; charset=utf-8\r\n
Action.c(51):     \r\n
Action.c(51):     Server: Microsoft-IIS/7.5\r\n
Action.c(51): t=810ms: 182-byte response body for "http://112.124.9.72:3005/Impls/TableModeDataSync.svc/ProcessRequest" (RelFrameId=1, Internal ID=1)
Action.c(51):     X-Powered-By: ASP.NET\r\n
Action.c(51):     {"DownloadFile":"58\\\\9598\\\\download\\\\20130801\\\\6f597c9d-b3b7-4864-a392-f2e03642f12
Action.c(51):     Date: Thu, 01 Aug 2013 15:10:12 GMT\r\n
Action.c(51):     7.jitdf","FailFileName":[],"LastUpdateTime":"2013-08-01 23:09:36 836","Message":null,"Resu
Action.c(51):     \r\n
Action.c(51):     ltCode":0}
Action.c(51): t=810ms: 182-byte response body for "http://112.124.9.72:3005/Impls/TableModeDataSync.svc/ProcessRequest" (RelFrameId=1, Internal ID=1)
Action.c(51): Notify: Saving Parameter "WcfResponse = 0".	[MsgId: MMSG-13798]
Action.c(51):     {"DownloadFile":"58\\\\9598\\\\download\\\\20130801\\\\815c22b4-b7ac-45af-9666-6205ceffa45
Action.c(51):     a.jitdf","FailFileName":[],"LastUpdateTime":"2013-08-01 23:09:36 836","Message":null,"Resu
Action.c(51): web_custom_request("ListThemes") was successful, 182 body bytes, 174 header bytes  	[MsgId: MMSG-26386]
Action.c(51):     ltCode":0}
Action.c(72): Notify: Parameter Substitution: parameter "WcfResponse" =  "0"	[MsgId: MMSG-13992]
Action.c(51): Notify: Saving Parameter "WcfResponse = 0".	[MsgId: MMSG-13798]
Action.c(72): 参数值为0	[MsgId: MMSG-17999]
Action.c(51): t=810ms: 174-byte response headers for "http://112.124.9.72:3005/Impls/TableModeDataSync.svc/ProcessRequest" (RelFrameId=1, Internal ID=1)
Action.c(89): Notify: Parameter Substitution: parameter "WcfResponse" =  "0"	[MsgId: MMSG-13992]
Action.c(90): 成功	[MsgId: MMSG-17999]
Action.c(91): Notify: Parameter Substitution: parameter "WcfResponse" =  "0"	[MsgId: MMSG-13992]
Action.c(51): web_custom_request("ListThemes") was successful, 182 body bytes, 174 header bytes  	[MsgId: MMSG-26386]
Action.c(72): Notify: Parameter Substitution: parameter "WcfResponse" =  "0"	[MsgId: MMSG-13992]
Action.c(72): 参数值为0	[MsgId: MMSG-17999]
Action.c(80): Notify: Transaction "WCF调用" ended with "Pass" status (Duration: 0.0653 Wasted Time: 0.0006).	[MsgId: MMSG-16871]
Action.c(51):     HTTP/1.1 200 OK\r\n
Action.c(51):     Content-Length: 182\r\n
Action.c(51):     Content-Type: application/json; charset=utf-8\r\n
Action.c(51):     Server: Microsoft-IIS/7.5\r\n
Action.c(51):     X-Powered-By: ASP.NET\r\n
Action.c(51):     Date: Thu, 01 Aug 2013 15:10:12 GMT\r\n
Action.c(51):     \r\n
Action.c(51): t=811ms: 182-byte response body for "http://112.124.9.72:3005/Impls/TableModeDataSync.svc/ProcessRequest" (RelFrameId=1, Internal ID=1)
Action.c(51):     {"DownloadFile":"58\\\\9598\\\\download\\\\20130801\\\\9382e975-82e3-4fe2-8801-7643bf1fdd1
Action.c(51):     6.jitdf","FailFileName":[],"LastUpdateTime":"2013-08-01 23:09:36 836","Message":null,"Resu
Action.c(51):     ltCode":0}
Action.c(51): Notify: Saving Parameter "WcfResponse = 0".	[MsgId: MMSG-13798]
Action.c(51): web_custom_request("ListThemes") was successful, 182 body bytes, 174 header bytes  	[MsgId: MMSG-26386]
Action.c(72): Notify: Parameter Substitution: parameter "WcfResponse" =  "0"	[MsgId: MMSG-13992]
Action.c(72): 参数值为0	[MsgId: MMSG-17999]
Action.c(80): Notify: Transaction "WCF调用" ended with "Pass" status (Duration: 0.0635 Wasted Time: 0.0000).	[MsgId: MMSG-16871]
Action.c(80): Notify: Transaction "WCF调用" ended with "Pass" status (Duration: 0.0644 Wasted Time: 0.0000).	[MsgId: MMSG-16871]
Action.c(89): Notify: Parameter Substitution: parameter "WcfResponse" =  "0"	[MsgId: MMSG-13992]
Action.c(90): 成功	[MsgId: MMSG-17999]
Action.c(91): Notify: Parameter Substitution: parameter "WcfResponse" =  "0"	[MsgId: MMSG-13992]
Action.c(89): Notify: Parameter Substitution: parameter "WcfResponse" =  "0"	[MsgId: MMSG-13992]
Action.c(90): 成功	[MsgId: MMSG-17999]
Action.c(91): Notify: Parameter Substitution: parameter "WcfResponse" =  "0"	[MsgId: MMSG-13992]
Action.c(89): Notify: Parameter Substitution: parameter "WcfResponse" =  "0"	[MsgId: MMSG-13992]
Action.c(90): 成功	[MsgId: MMSG-17999]
Action.c(91): Notify: Parameter Substitution: parameter "WcfResponse" =  "0"	[MsgId: MMSG-13992]
Action.c(89): Notify: Parameter Substitution: parameter "WcfResponse" =  "0"	[MsgId: MMSG-13992]
Action.c(90): 成功	[MsgId: MMSG-17999]
Action.c(91): Notify: Parameter Substitution: parameter "WcfResponse" =  "0"	[MsgId: MMSG-13992]
Action.c(89): Notify: Parameter Substitution: parameter "WcfResponse" =  "0"	[MsgId: MMSG-13992]
Action.c(90): 成功	[MsgId: MMSG-17999]
Action.c(91): Notify: Parameter Substitution: parameter "WcfResponse" =  "0"	[MsgId: MMSG-13992]
Action.c(89): Notify: Parameter Substitution: parameter "WcfResponse" =  "0"	[MsgId: MMSG-13992]
Action.c(90): 成功	[MsgId: MMSG-17999]
Action.c(91): Notify: Parameter Substitution: parameter "WcfResponse" =  "0"	[MsgId: MMSG-13992]
Ending action Action.	[MsgId: MMSG-15918]
Ending iteration 1.	[MsgId: MMSG-15965]
Ending Vuser...	[MsgId: MMSG-15966]
Starting action vuser_end.	[MsgId: MMSG-15919]
Ending action vuser_end.	[MsgId: MMSG-15918]
Vuser Terminated.	[MsgId: MMSG-15963]
Vuser 4 (thread 1676), ended OK."	[MsgId: MMSG-10695]
Ending action Action.	[MsgId: MMSG-15918]
Ending iteration 1.	[MsgId: MMSG-15965]
Ending Vuser...	[MsgId: MMSG-15966]
Starting action vuser_end.	[MsgId: MMSG-15919]
Ending action vuser_end.	[MsgId: MMSG-15918]
Vuser Terminated.	[MsgId: MMSG-15963]
Vuser 2 (thread 3160), ended OK."	[MsgId: MMSG-10695]
Action.c(51): t=823ms: 174-byte response headers for "http://112.124.9.72:3005/Impls/TableModeDataSync.svc/ProcessRequest" (RelFrameId=1, Internal ID=1)
Action.c(51):     HTTP/1.1 200 OK\r\n
Action.c(51):     Content-Length: 182\r\n
Action.c(51):     Content-Type: application/json; charset=utf-8\r\n
Action.c(51):     Server: Microsoft-IIS/7.5\r\n
Action.c(51):     X-Powered-By: ASP.NET\r\n
Action.c(51):     Date: Thu, 01 Aug 2013 15:10:12 GMT\r\n
Action.c(51):     \r\n
Action.c(51): t=823ms: 182-byte response body for "http://112.124.9.72:3005/Impls/TableModeDataSync.svc/ProcessRequest" (RelFrameId=1, Internal ID=1)
Action.c(51):     {"DownloadFile":"58\\\\9598\\\\download\\\\20130801\\\\14812a69-8acc-4e22-bb72-d93266f5562
Action.c(51):     9.jitdf","FailFileName":[],"LastUpdateTime":"2013-08-01 23:09:36 821","Message":null,"Resu
Action.c(51):     ltCode":0}
Action.c(51): Notify: Saving Parameter "WcfResponse = 0".	[MsgId: MMSG-13798]
Action.c(51): web_custom_request("ListThemes") was successful, 182 body bytes, 174 header bytes  	[MsgId: MMSG-26386]
Action.c(72): Notify: Parameter Substitution: parameter "WcfResponse" =  "0"	[MsgId: MMSG-13992]
Action.c(72): 参数值为0	[MsgId: MMSG-17999]
Action.c(80): Notify: Transaction "WCF调用" ended with "Pass" status (Duration: 0.0773 Wasted Time: 0.0000).	[MsgId: MMSG-16871]
Action.c(51): t=823ms: 174-byte response headers for "http://112.124.9.72:3005/Impls/TableModeDataSync.svc/ProcessRequest" (RelFrameId=1, Internal ID=1)
Action.c(51):     HTTP/1.1 200 OK\r\n
Action.c(51):     Content-Length: 182\r\n
Action.c(51):     Content-Type: application/json; charset=utf-8\r\n
Action.c(51):     Server: Microsoft-IIS/7.5\r\n
Action.c(51):     X-Powered-By: ASP.NET\r\n
Action.c(51):     Date: Thu, 01 Aug 2013 15:10:12 GMT\r\n
Action.c(51):     \r\n
Action.c(51): t=824ms: 182-byte response body for "http://112.124.9.72:3005/Impls/TableModeDataSync.svc/ProcessRequest" (RelFrameId=1, Internal ID=1)
Action.c(51):     {"DownloadFile":"58\\\\9598\\\\download\\\\20130801\\\\02f762bb-292c-44b1-aea5-4aa77319f94
Action.c(51):     5.jitdf","FailFileName":[],"LastUpdateTime":"2013-08-01 23:09:36 836","Message":null,"Resu
Action.c(51):     ltCode":0}
Action.c(51): Notify: Saving Parameter "WcfResponse = 0".	[MsgId: MMSG-13798]
Action.c(51): web_custom_request("ListThemes") was successful, 182 body bytes, 174 header bytes  	[MsgId: MMSG-26386]
Action.c(72): Notify: Parameter Substitution: parameter "WcfResponse" =  "0"	[MsgId: MMSG-13992]
Action.c(72): 参数值为0	[MsgId: MMSG-17999]
Action.c(80): Notify: Transaction "WCF调用" ended with "Pass" status (Duration: 0.0767 Wasted Time: 0.0001).	[MsgId: MMSG-16871]
Ending action Action.	[MsgId: MMSG-15918]
Ending iteration 1.	[MsgId: MMSG-15965]
Ending Vuser...	[MsgId: MMSG-15966]
Starting action vuser_end.	[MsgId: MMSG-15919]
Action.c(89): Notify: Parameter Substitution: parameter "WcfResponse" =  "0"	[MsgId: MMSG-13992]
Ending action Action.	[MsgId: MMSG-15918]
Action.c(90): 成功	[MsgId: MMSG-17999]
Action.c(91): Notify: Parameter Substitution: parameter "WcfResponse" =  "0"	[MsgId: MMSG-13992]
Ending iteration 1.	[MsgId: MMSG-15965]
Ending action Action.	[MsgId: MMSG-15918]
Ending Vuser...	[MsgId: MMSG-15966]
Starting action vuser_end.	[MsgId: MMSG-15919]
Ending iteration 1.	[MsgId: MMSG-15965]
Ending action Action.	[MsgId: MMSG-15918]
Ending action Action.	[MsgId: MMSG-15918]
Action.c(89): Notify: Parameter Substitution: parameter "WcfResponse" =  "0"	[MsgId: MMSG-13992]
Ending action Action.	[MsgId: MMSG-15918]
Ending action vuser_end.	[MsgId: MMSG-15918]
Ending action Action.	[MsgId: MMSG-15918]
Ending Vuser...	[MsgId: MMSG-15966]
Starting action vuser_end.	[MsgId: MMSG-15919]
Ending iteration 1.	[MsgId: MMSG-15965]
Ending Vuser...	[MsgId: MMSG-15966]
Starting action vuser_end.	[MsgId: MMSG-15919]
Action.c(90): 成功	[MsgId: MMSG-17999]
Ending iteration 1.	[MsgId: MMSG-15965]
Ending Vuser...	[MsgId: MMSG-15966]
Starting action vuser_end.	[MsgId: MMSG-15919]
Ending action vuser_end.	[MsgId: MMSG-15918]
Vuser Terminated.	[MsgId: MMSG-15963]
Action.c(91): Notify: Parameter Substitution: parameter "WcfResponse" =  "0"	[MsgId: MMSG-13992]
Ending iteration 1.	[MsgId: MMSG-15965]
Ending Vuser...	[MsgId: MMSG-15966]
Starting action vuser_end.	[MsgId: MMSG-15919]
Ending action Action.	[MsgId: MMSG-15918]
Ending iteration 1.	[MsgId: MMSG-15965]
Ending Vuser...	[MsgId: MMSG-15966]
Starting action vuser_end.	[MsgId: MMSG-15919]
Ending iteration 1.	[MsgId: MMSG-15965]
Ending Vuser...	[MsgId: MMSG-15966]
Starting action vuser_end.	[MsgId: MMSG-15919]
Vuser Terminated.	[MsgId: MMSG-15963]
Ending action vuser_end.	[MsgId: MMSG-15918]
Vuser Terminated.	[MsgId: MMSG-15963]
Ending action vuser_end.	[MsgId: MMSG-15918]
Ending action vuser_end.	[MsgId: MMSG-15918]
Vuser Terminated.	[MsgId: MMSG-15963]
Vuser Terminated.	[MsgId: MMSG-15963]
Ending action vuser_end.	[MsgId: MMSG-15918]
Vuser Terminated.	[MsgId: MMSG-15963]
Ending action vuser_end.	[MsgId: MMSG-15918]
Vuser Terminated.	[MsgId: MMSG-15963]
Vuser 6 (thread 2268), ended OK."	[MsgId: MMSG-10695]
Ending action vuser_end.	[MsgId: MMSG-15918]
Vuser Terminated.	[MsgId: MMSG-15963]
Vuser 7 (thread 2096), ended OK."	[MsgId: MMSG-10695]
Vuser 0 (thread 1708), ended OK."	[MsgId: MMSG-10695]
Vuser 5 (thread 3460), ended OK."	[MsgId: MMSG-10695]
Vuser 8 (thread 4544), ended OK."	[MsgId: MMSG-10695]
Vuser 1 (thread 5296), ended OK."	[MsgId: MMSG-10695]
Vuser 9 (thread 1448), ended OK."	[MsgId: MMSG-10695]
Vuser 3 (thread 4124), ended OK."	[MsgId: MMSG-10695]
